<?xml version="1.0" encoding="UTF-8"?>
<coverage generated="1748424482964" clover="3.2.0">
  <project timestamp="1748424482964" name="All files">
    <metrics statements="429" coveredstatements="356" conditionals="430" coveredconditionals="221" methods="106" coveredmethods="86" elements="965" coveredelements="663" complexity="0" loc="429" ncloc="429" packages="9" files="21" classes="21"/>
    <package name="Application.Services">
      <metrics statements="72" coveredstatements="65" conditionals="26" coveredconditionals="18" methods="15" coveredmethods="15"/>
      <file name="NotificationService.ts" path="/home/pablo/Documentos/University/4/LabIngSoft/Proyecto/TIER_APP/src/Application/Services/NotificationService.ts">
        <metrics statements="13" coveredstatements="11" conditionals="2" coveredconditionals="0" methods="4" coveredmethods="4"/>
        <line num="2" count="1" type="stmt"/>
        <line num="10" count="1" type="stmt"/>
        <line num="13" count="2" type="stmt"/>
        <line num="14" count="2" type="stmt"/>
        <line num="18" count="1" type="stmt"/>
        <line num="19" count="1" type="cond" truecount="0" falsecount="1"/>
        <line num="20" count="0" type="stmt"/>
        <line num="22" count="1" type="stmt"/>
        <line num="27" count="1" type="stmt"/>
        <line num="28" count="1" type="cond" truecount="0" falsecount="1"/>
        <line num="29" count="0" type="stmt"/>
        <line num="31" count="1" type="stmt"/>
        <line num="35" count="1" type="stmt"/>
      </file>
      <file name="PersonService.ts" path="/home/pablo/Documentos/University/4/LabIngSoft/Proyecto/TIER_APP/src/Application/Services/PersonService.ts">
        <metrics statements="37" coveredstatements="36" conditionals="14" coveredconditionals="12" methods="6" coveredmethods="6"/>
        <line num="1" count="3" type="stmt"/>
        <line num="2" count="3" type="stmt"/>
        <line num="5" count="3" type="stmt"/>
        <line num="11" count="3" type="stmt"/>
        <line num="15" count="2" type="stmt"/>
        <line num="16" count="2" type="cond" truecount="1" falsecount="0"/>
        <line num="17" count="1" type="stmt"/>
        <line num="19" count="1" type="stmt"/>
        <line num="20" count="1" type="stmt"/>
        <line num="22" count="1" type="stmt"/>
        <line num="28" count="2" type="stmt"/>
        <line num="29" count="2" type="cond" truecount="1" falsecount="0"/>
        <line num="30" count="1" type="stmt"/>
        <line num="32" count="1" type="stmt"/>
        <line num="37" count="5" type="stmt"/>
        <line num="38" count="5" type="cond" truecount="1" falsecount="0"/>
        <line num="39" count="1" type="stmt"/>
        <line num="41" count="4" type="stmt"/>
        <line num="44" count="4" type="stmt"/>
        <line num="45" count="4" type="stmt"/>
        <line num="46" count="4" type="cond" truecount="1" falsecount="0"/>
        <line num="48" count="2" type="stmt"/>
        <line num="50" count="3" type="cond" truecount="6" falsecount="0"/>
        <line num="53" count="2" type="stmt"/>
        <line num="55" count="2" type="stmt"/>
        <line num="63" count="2" type="stmt"/>
        <line num="64" count="2" type="cond" truecount="1" falsecount="0"/>
        <line num="65" count="1" type="stmt"/>
        <line num="67" count="1" type="stmt"/>
        <line num="71" count="2" type="stmt"/>
        <line num="73" count="2" type="stmt"/>
        <line num="75" count="2" type="cond" truecount="0" falsecount="1"/>
        <line num="76" count="0" type="stmt"/>
        <line num="78" count="2" type="stmt"/>
        <line num="80" count="2" type="cond" truecount="1" falsecount="1"/>
        <line num="81" count="2" type="stmt"/>
        <line num="88" count="3" type="stmt"/>
      </file>
      <file name="ReservationService.ts" path="/home/pablo/Documentos/University/4/LabIngSoft/Proyecto/TIER_APP/src/Application/Services/ReservationService.ts">
        <metrics statements="22" coveredstatements="18" conditionals="10" coveredconditionals="6" methods="5" coveredmethods="5"/>
        <line num="20" count="1" type="stmt"/>
        <line num="21" count="1" type="stmt"/>
        <line num="22" count="1" type="stmt"/>
        <line num="27" count="1" type="stmt"/>
        <line num="32" count="1" type="stmt"/>
        <line num="33" count="1" type="cond" truecount="0" falsecount="1"/>
        <line num="34" count="0" type="stmt"/>
        <line num="37" count="1" type="stmt"/>
        <line num="41" count="5" type="stmt"/>
        <line num="42" count="5" type="cond" truecount="4" falsecount="0"/>
        <line num="43" count="2" type="stmt"/>
        <line num="44" count="3" type="cond" truecount="2" falsecount="1"/>
        <line num="45" count="0" type="stmt"/>
        <line num="47" count="5" type="stmt"/>
        <line num="48" count="5" type="cond" truecount="0" falsecount="1"/>
        <line num="49" count="0" type="stmt"/>
        <line num="51" count="5" type="stmt"/>
        <line num="55" count="1" type="stmt"/>
        <line num="56" count="1" type="cond" truecount="0" falsecount="1"/>
        <line num="57" count="0" type="stmt"/>
        <line num="60" count="1" type="stmt"/>
        <line num="68" count="1" type="stmt"/>
      </file>
    </package>
    <package name="Domain">
      <metrics statements="31" coveredstatements="31" conditionals="6" coveredconditionals="6" methods="3" coveredmethods="3"/>
      <file name="Constants.ts" path="/home/pablo/Documentos/University/4/LabIngSoft/Proyecto/TIER_APP/src/Domain/Constants.ts">
        <metrics statements="31" coveredstatements="31" conditionals="6" coveredconditionals="6" methods="3" coveredmethods="3"/>
        <line num="1" count="9" type="cond" truecount="2" falsecount="0"/>
        <line num="2" count="9" type="stmt"/>
        <line num="3" count="9" type="stmt"/>
        <line num="4" count="9" type="stmt"/>
        <line num="5" count="9" type="stmt"/>
        <line num="6" count="9" type="stmt"/>
        <line num="7" count="9" type="stmt"/>
        <line num="8" count="9" type="stmt"/>
        <line num="12" count="9" type="cond" truecount="2" falsecount="0"/>
        <line num="13" count="9" type="stmt"/>
        <line num="14" count="9" type="stmt"/>
        <line num="15" count="9" type="stmt"/>
        <line num="16" count="9" type="stmt"/>
        <line num="17" count="9" type="stmt"/>
        <line num="20" count="9" type="cond" truecount="2" falsecount="0"/>
        <line num="21" count="9" type="stmt"/>
        <line num="22" count="9" type="stmt"/>
        <line num="32" count="9" type="stmt"/>
        <line num="85" count="9" type="stmt"/>
        <line num="88" count="9" type="stmt"/>
        <line num="90" count="9" type="stmt"/>
        <line num="92" count="9" type="stmt"/>
        <line num="94" count="9" type="stmt"/>
        <line num="95" count="9" type="stmt"/>
        <line num="103" count="9" type="stmt"/>
        <line num="104" count="9" type="stmt"/>
        <line num="105" count="9" type="stmt"/>
        <line num="106" count="9" type="stmt"/>
        <line num="107" count="9" type="stmt"/>
        <line num="108" count="9" type="stmt"/>
        <line num="109" count="9" type="stmt"/>
      </file>
    </package>
    <package name="Domain.Entities">
      <metrics statements="70" coveredstatements="65" conditionals="34" coveredconditionals="28" methods="22" coveredmethods="20"/>
      <file name="Notification.ts" path="/home/pablo/Documentos/University/4/LabIngSoft/Proyecto/TIER_APP/src/Domain/Entities/Notification.ts">
        <metrics statements="6" coveredstatements="6" conditionals="0" coveredconditionals="0" methods="2" coveredmethods="2"/>
        <line num="9" count="10" type="stmt"/>
        <line num="10" count="10" type="stmt"/>
        <line num="11" count="10" type="stmt"/>
        <line num="12" count="10" type="stmt"/>
        <line num="16" count="5" type="stmt"/>
        <line num="25" count="2" type="stmt"/>
      </file>
      <file name="Person.ts" path="/home/pablo/Documentos/University/4/LabIngSoft/Proyecto/TIER_APP/src/Domain/Entities/Person.ts">
        <metrics statements="18" coveredstatements="17" conditionals="8" coveredconditionals="7" methods="6" coveredmethods="6"/>
        <line num="1" count="7" type="stmt"/>
        <line num="2" count="7" type="stmt"/>
        <line num="3" count="7" type="stmt"/>
        <line num="16" count="62" type="stmt"/>
        <line num="17" count="61" type="cond" truecount="0" falsecount="1"/>
        <line num="18" count="0" type="stmt"/>
        <line num="20" count="61" type="stmt"/>
        <line num="21" count="61" type="stmt"/>
        <line num="22" count="61" type="stmt"/>
        <line num="23" count="61" type="stmt"/>
        <line num="24" count="61" type="stmt"/>
        <line num="27" count="62" type="cond" truecount="3" falsecount="0"/>
        <line num="28" count="1" type="stmt"/>
        <line num="33" count="64" type="stmt"/>
        <line num="37" count="13" type="cond" truecount="2" falsecount="0"/>
        <line num="41" count="2" type="stmt"/>
        <line num="46" count="18" type="stmt"/>
        <line num="56" count="7" type="stmt"/>
      </file>
      <file name="Reservation.ts" path="/home/pablo/Documentos/University/4/LabIngSoft/Proyecto/TIER_APP/src/Domain/Entities/Reservation.ts">
        <metrics statements="19" coveredstatements="16" conditionals="4" coveredconditionals="3" methods="7" coveredmethods="5"/>
        <line num="15" count="23" type="stmt"/>
        <line num="16" count="23" type="stmt"/>
        <line num="17" count="23" type="stmt"/>
        <line num="18" count="23" type="stmt"/>
        <line num="19" count="23" type="stmt"/>
        <line num="20" count="23" type="stmt"/>
        <line num="21" count="23" type="stmt"/>
        <line num="22" count="23" type="stmt"/>
        <line num="23" count="23" type="stmt"/>
        <line num="24" count="23" type="stmt"/>
        <line num="28" count="23" type="cond" truecount="3" falsecount="1"/>
        <line num="29" count="0" type="stmt"/>
        <line num="34" count="3" type="stmt"/>
        <line num="35" count="3" type="stmt"/>
        <line num="39" count="0" type="stmt"/>
        <line num="43" count="0" type="stmt"/>
        <line num="47" count="19" type="stmt"/>
        <line num="56" count="19" type="stmt"/>
        <line num="61" count="2" type="stmt"/>
      </file>
      <file name="Space.ts" path="/home/pablo/Documentos/University/4/LabIngSoft/Proyecto/TIER_APP/src/Domain/Entities/Space.ts">
        <metrics statements="27" coveredstatements="26" conditionals="22" coveredconditionals="18" methods="7" coveredmethods="7"/>
        <line num="1" count="6" type="stmt"/>
        <line num="4" count="6" type="stmt"/>
        <line num="24" count="50" type="stmt"/>
        <line num="25" count="50" type="stmt"/>
        <line num="26" count="50" type="stmt"/>
        <line num="27" count="50" type="stmt"/>
        <line num="28" count="50" type="stmt"/>
        <line num="29" count="50" type="stmt"/>
        <line num="30" count="50" type="stmt"/>
        <line num="31" count="50" type="stmt"/>
        <line num="32" count="50" type="stmt"/>
        <line num="33" count="50" type="stmt"/>
        <line num="34" count="50" type="stmt"/>
        <line num="35" count="50" type="stmt"/>
        <line num="36" count="50" type="stmt"/>
        <line num="37" count="50" type="cond" truecount="4" falsecount="0"/>
        <line num="38" count="50" type="cond" truecount="0" falsecount="1"/>
        <line num="39" count="0" type="stmt"/>
        <line num="45" count="103" type="stmt"/>
        <line num="49" count="12" type="cond" truecount="2" falsecount="0"/>
        <line num="50" count="11" type="stmt"/>
        <line num="52" count="1" type="stmt"/>
        <line num="57" count="33" type="stmt"/>
        <line num="62" count="32" type="stmt"/>
        <line num="67" count="1" type="cond" truecount="1" falsecount="2"/>
        <line num="79" count="57" type="stmt"/>
        <line num="98" count="6" type="stmt"/>
      </file>
    </package>
    <package name="Domain.Factories">
      <metrics statements="9" coveredstatements="7" conditionals="6" coveredconditionals="0" methods="1" coveredmethods="1"/>
      <file name="ReservationFactory.ts" path="/home/pablo/Documentos/University/4/LabIngSoft/Proyecto/TIER_APP/src/Domain/Factories/ReservationFactory.ts">
        <metrics statements="9" coveredstatements="7" conditionals="6" coveredconditionals="0" methods="1" coveredmethods="1"/>
        <line num="3" count="1" type="stmt"/>
        <line num="6" count="1" type="stmt"/>
        <line num="10" count="1" type="stmt"/>
        <line num="14" count="1" type="stmt"/>
        <line num="15" count="1" type="cond" truecount="0" falsecount="1"/>
        <line num="16" count="0" type="cond" truecount="0" falsecount="4"/>
        <line num="19" count="1" type="cond" truecount="0" falsecount="1"/>
        <line num="20" count="0" type="stmt"/>
        <line num="23" count="1" type="stmt"/>
      </file>
    </package>
    <package name="Domain.Policies">
      <metrics statements="60" coveredstatements="48" conditionals="65" coveredconditionals="54" methods="9" coveredmethods="8"/>
      <file name="Departmentpolicy.ts" path="/home/pablo/Documentos/University/4/LabIngSoft/Proyecto/TIER_APP/src/Domain/Policies/Departmentpolicy.ts">
        <metrics statements="15" coveredstatements="11" conditionals="18" coveredconditionals="17" methods="5" coveredmethods="4"/>
        <line num="2" count="8" type="stmt"/>
        <line num="10" count="74" type="cond" truecount="5" falsecount="0"/>
        <line num="12" count="6" type="stmt"/>
        <line num="15" count="68" type="cond" truecount="3" falsecount="0"/>
        <line num="16" count="46" type="stmt"/>
        <line num="19" count="22" type="cond" truecount="3" falsecount="0"/>
        <line num="20" count="22" type="stmt"/>
        <line num="24" count="0" type="cond" truecount="0" falsecount="1"/>
        <line num="25" count="0" type="stmt"/>
        <line num="28" count="0" type="stmt"/>
        <line num="32" count="96" type="cond" truecount="3" falsecount="0"/>
        <line num="36" count="139" type="stmt"/>
        <line num="44" count="46" type="stmt"/>
        <line num="49" count="0" type="stmt"/>
        <line num="53" count="8" type="stmt"/>
      </file>
      <file name="ReservationPolicy.ts" path="/home/pablo/Documentos/University/4/LabIngSoft/Proyecto/TIER_APP/src/Domain/Policies/ReservationPolicy.ts">
        <metrics statements="34" coveredstatements="29" conditionals="27" coveredconditionals="21" methods="3" coveredmethods="3"/>
        <line num="6" count="2" type="stmt"/>
        <line num="11" count="32" type="stmt"/>
        <line num="12" count="32" type="stmt"/>
        <line num="13" count="32" type="stmt"/>
        <line num="14" count="32" type="cond" truecount="1" falsecount="0"/>
        <line num="15" count="32" type="stmt"/>
        <line num="18" count="32" type="stmt"/>
        <line num="24" count="32" type="cond" truecount="0" falsecount="1"/>
        <line num="25" count="0" type="stmt"/>
        <line num="31" count="32" type="stmt"/>
        <line num="32" count="32" type="cond" truecount="0" falsecount="1"/>
        <line num="33" count="0" type="stmt"/>
        <line num="35" count="32" type="stmt"/>
        <line num="36" count="32" type="cond" truecount="0" falsecount="1"/>
        <line num="37" count="0" type="stmt"/>
        <line num="40" count="32" type="cond" truecount="1" falsecount="0"/>
        <line num="41" count="7" type="stmt"/>
        <line num="44" count="25" type="stmt"/>
        <line num="45" count="25" type="cond" truecount="3" falsecount="0"/>
        <line num="47" count="20" type="cond" truecount="3" falsecount="0"/>
        <line num="49" count="5" type="cond" truecount="5" falsecount="0"/>
        <line num="50" count="1" type="stmt"/>
        <line num="52" count="4" type="stmt"/>
        <line num="54" count="3" type="cond" truecount="4" falsecount="0"/>
        <line num="55" count="1" type="stmt"/>
        <line num="57" count="2" type="stmt"/>
        <line num="59" count="4" type="cond" truecount="4" falsecount="2"/>
        <line num="60" count="0" type="stmt"/>
        <line num="62" count="4" type="stmt"/>
        <line num="66" count="23" type="stmt"/>
        <line num="70" count="1" type="cond" truecount="0" falsecount="1"/>
        <line num="71" count="0" type="stmt"/>
        <line num="73" count="1" type="stmt"/>
        <line num="79" count="2" type="stmt"/>
      </file>
      <file name="SpaceAssignationPolicy.ts" path="/home/pablo/Documentos/University/4/LabIngSoft/Proyecto/TIER_APP/src/Domain/Policies/SpaceAssignationPolicy.ts">
        <metrics statements="11" coveredstatements="8" conditionals="20" coveredconditionals="16" methods="1" coveredmethods="1"/>
        <line num="1" count="6" type="stmt"/>
        <line num="4" count="6" type="stmt"/>
        <line num="12" count="50" type="stmt"/>
        <line num="13" count="50" type="cond" truecount="3" falsecount="1"/>
        <line num="14" count="0" type="stmt"/>
        <line num="16" count="50" type="cond" truecount="6" falsecount="1"/>
        <line num="17" count="0" type="stmt"/>
        <line num="19" count="50" type="cond" truecount="7" falsecount="2"/>
        <line num="20" count="0" type="stmt"/>
        <line num="23" count="50" type="stmt"/>
        <line num="28" count="6" type="stmt"/>
      </file>
    </package>
    <package name="Domain.ValueObjects">
      <metrics statements="12" coveredstatements="11" conditionals="2" coveredconditionals="1" methods="4" coveredmethods="4"/>
      <file name="ReservabilityCategory.ts" path="/home/pablo/Documentos/University/4/LabIngSoft/Proyecto/TIER_APP/src/Domain/ValueObjects/ReservabilityCategory.ts">
        <metrics statements="6" coveredstatements="5" conditionals="1" coveredconditionals="0" methods="2" coveredmethods="2"/>
        <line num="1" count="6" type="stmt"/>
        <line num="7" count="160" type="cond" truecount="0" falsecount="1"/>
        <line num="8" count="0" type="stmt"/>
        <line num="10" count="160" type="stmt"/>
        <line num="14" count="357" type="stmt"/>
        <line num="19" count="6" type="stmt"/>
      </file>
      <file name="Role.ts" path="/home/pablo/Documentos/University/4/LabIngSoft/Proyecto/TIER_APP/src/Domain/ValueObjects/Role.ts">
        <metrics statements="6" coveredstatements="6" conditionals="1" coveredconditionals="1" methods="2" coveredmethods="2"/>
        <line num="1" count="7" type="stmt"/>
        <line num="6" count="130" type="cond" truecount="1" falsecount="0"/>
        <line num="7" count="1" type="stmt"/>
        <line num="9" count="129" type="stmt"/>
        <line num="13" count="205" type="stmt"/>
        <line num="18" count="7" type="stmt"/>
      </file>
    </package>
    <package name="Infrastructure.Messaging.Handlers">
      <metrics statements="27" coveredstatements="14" conditionals="14" coveredconditionals="4" methods="2" coveredmethods="1"/>
      <file name="AuthHandler.ts" path="/home/pablo/Documentos/University/4/LabIngSoft/Proyecto/TIER_APP/src/Infrastructure/Messaging/Handlers/AuthHandler.ts">
        <metrics statements="15" coveredstatements="13" conditionals="6" coveredconditionals="4" methods="1" coveredmethods="1"/>
        <line num="1" count="2" type="stmt"/>
        <line num="2" count="2" type="stmt"/>
        <line num="5" count="2" type="stmt"/>
        <line num="7" count="2" type="stmt"/>
        <line num="9" count="2" type="stmt"/>
        <line num="10" count="2" type="stmt"/>
        <line num="15" count="2" type="stmt"/>
        <line num="16" count="2" type="stmt"/>
        <line num="17" count="2" type="cond" truecount="3" falsecount="0"/>
        <line num="18" count="2" type="stmt"/>
        <line num="19" count="2" type="cond" truecount="1" falsecount="2"/>
        <line num="20" count="0" type="stmt"/>
        <line num="22" count="2" type="stmt"/>
        <line num="28" count="0" type="stmt"/>
        <line num="30" count="2" type="stmt"/>
      </file>
      <file name="Handler.ts" path="/home/pablo/Documentos/University/4/LabIngSoft/Proyecto/TIER_APP/src/Infrastructure/Messaging/Handlers/Handler.ts">
        <metrics statements="12" coveredstatements="1" conditionals="8" coveredconditionals="0" methods="1" coveredmethods="0"/>
        <line num="3" count="2" type="stmt"/>
        <line num="6" count="0" type="stmt"/>
        <line num="7" count="0" type="cond" truecount="0" falsecount="2"/>
        <line num="8" count="0" type="stmt"/>
        <line num="9" count="0" type="cond" truecount="0" falsecount="2"/>
        <line num="10" count="0" type="stmt"/>
        <line num="11" count="0" type="cond" truecount="0" falsecount="2"/>
        <line num="12" count="0" type="stmt"/>
        <line num="13" count="0" type="cond" truecount="0" falsecount="2"/>
        <line num="14" count="0" type="stmt"/>
        <line num="16" count="0" type="stmt"/>
        <line num="18" count="0" type="stmt"/>
      </file>
    </package>
    <package name="Infrastructure.Persistence">
      <metrics statements="58" coveredstatements="35" conditionals="216" coveredconditionals="74" methods="23" coveredmethods="10"/>
      <file name="PrismaClient.ts" path="/home/pablo/Documentos/University/4/LabIngSoft/Proyecto/TIER_APP/src/Infrastructure/Persistence/PrismaClient.ts">
        <metrics statements="58" coveredstatements="35" conditionals="216" coveredconditionals="74" methods="23" coveredmethods="10"/>
        <line num="2" count="4" type="stmt"/>
        <line num="3" count="4" type="stmt"/>
        <line num="4" count="4" type="stmt"/>
        <line num="5" count="4" type="stmt"/>
        <line num="6" count="4" type="stmt"/>
        <line num="8" count="4" type="stmt"/>
        <line num="29" count="92" type="stmt"/>
        <line num="31" count="92" type="stmt"/>
        <line num="48" count="92" type="stmt"/>
        <line num="67" count="92" type="stmt"/>
        <line num="72" count="2" type="cond" truecount="3" falsecount="1"/>
        <line num="75" count="2" type="stmt"/>
        <line num="83" count="2" type="stmt"/>
        <line num="84" count="2" type="stmt"/>
        <line num="88" count="2" type="stmt"/>
        <line num="114" count="2" type="stmt"/>
        <line num="146" count="2" type="stmt"/>
        <line num="168" count="1" type="stmt"/>
        <line num="172" count="8" type="cond" truecount="1" falsecount="1"/>
        <line num="173" count="8" type="cond" truecount="4" falsecount="0"/>
        <line num="176" count="7" type="cond" truecount="6" falsecount="0"/>
        <line num="177" count="1" type="stmt"/>
        <line num="178" count="6" type="cond" truecount="2" falsecount="3"/>
        <line num="179" count="0" type="stmt"/>
        <line num="181" count="6" type="stmt"/>
        <line num="186" count="8" type="stmt"/>
        <line num="229" count="8" type="stmt"/>
        <line num="231" count="8" type="stmt"/>
        <line num="232" count="13" type="cond" truecount="0" falsecount="1"/>
        <line num="233" count="0" type="stmt"/>
        <line num="234" count="0" type="cond" truecount="0" falsecount="1"/>
        <line num="235" count="0" type="stmt"/>
        <line num="237" count="0" type="stmt"/>
        <line num="249" count="8" type="stmt"/>
        <line num="250" count="13" type="stmt"/>
        <line num="271" count="8" type="cond" truecount="1" falsecount="1"/>
        <line num="272" count="8" type="cond" truecount="3" falsecount="1"/>
        <line num="275" count="0" type="cond" truecount="0" falsecount="6"/>
        <line num="276" count="0" type="stmt"/>
        <line num="277" count="0" type="cond" truecount="0" falsecount="5"/>
        <line num="278" count="0" type="stmt"/>
        <line num="280" count="0" type="stmt"/>
        <line num="286" count="8" type="stmt"/>
        <line num="324" count="8" type="stmt"/>
        <line num="325" count="15" type="stmt"/>
        <line num="343" count="0" type="stmt"/>
        <line num="344" count="0" type="stmt"/>
        <line num="349" count="0" type="stmt"/>
        <line num="364" count="0" type="stmt"/>
        <line num="372" count="0" type="cond" truecount="0" falsecount="2"/>
        <line num="377" count="0" type="stmt"/>
        <line num="384" count="0" type="stmt"/>
        <line num="411" count="0" type="cond" truecount="0" falsecount="2"/>
        <line num="416" count="0" type="stmt"/>
        <line num="421" count="0" type="stmt"/>
        <line num="452" count="0" type="stmt"/>
        <line num="466" count="0" type="stmt"/>
        <line num="495" count="0" type="stmt"/>
      </file>
    </package>
    <package name="Infrastructure.Persistence.SQLRepositories">
      <metrics statements="90" coveredstatements="80" conditionals="61" coveredconditionals="36" methods="27" coveredmethods="24"/>
      <file name="SQLNotificationRepository.ts" path="/home/pablo/Documentos/University/4/LabIngSoft/Proyecto/TIER_APP/src/Infrastructure/Persistence/SQLRepositories/SQLNotificationRepository.ts">
        <metrics statements="14" coveredstatements="13" conditionals="1" coveredconditionals="0" methods="4" coveredmethods="4"/>
        <line num="2" count="1" type="stmt"/>
        <line num="3" count="1" type="stmt"/>
        <line num="8" count="2" type="stmt"/>
        <line num="11" count="2" type="stmt"/>
        <line num="15" count="2" type="cond" truecount="0" falsecount="1"/>
        <line num="16" count="0" type="stmt"/>
        <line num="19" count="2" type="stmt"/>
        <line num="26" count="2" type="stmt"/>
        <line num="29" count="2" type="stmt"/>
        <line num="33" count="1" type="stmt"/>
        <line num="38" count="2" type="stmt"/>
        <line num="42" count="1" type="stmt"/>
        <line num="47" count="1" type="stmt"/>
        <line num="50" count="1" type="stmt"/>
      </file>
      <file name="SQLPersonRepository.ts" path="/home/pablo/Documentos/University/4/LabIngSoft/Proyecto/TIER_APP/src/Infrastructure/Persistence/SQLRepositories/SQLPersonRepository.ts">
        <metrics statements="19" coveredstatements="19" conditionals="1" coveredconditionals="1" methods="4" coveredmethods="4"/>
        <line num="2" count="3" type="stmt"/>
        <line num="3" count="3" type="stmt"/>
        <line num="4" count="3" type="stmt"/>
        <line num="13" count="1" type="stmt"/>
        <line num="14" count="1" type="stmt"/>
        <line num="22" count="1" type="stmt"/>
        <line num="26" count="1" type="stmt"/>
        <line num="30" count="13" type="stmt"/>
        <line num="36" count="13" type="cond" truecount="1" falsecount="0"/>
        <line num="37" count="9" type="stmt"/>
        <line num="44" count="9" type="stmt"/>
        <line num="47" count="4" type="stmt"/>
        <line num="51" count="2" type="stmt"/>
        <line num="52" count="2" type="stmt"/>
        <line num="61" count="2" type="stmt"/>
        <line num="68" count="2" type="stmt"/>
        <line num="75" count="1" type="stmt"/>
        <line num="82" count="1" type="stmt"/>
        <line num="86" count="3" type="stmt"/>
      </file>
      <file name="SQLReservationRepository.ts" path="/home/pablo/Documentos/University/4/LabIngSoft/Proyecto/TIER_APP/src/Infrastructure/Persistence/SQLRepositories/SQLReservationRepository.ts">
        <metrics statements="49" coveredstatements="40" conditionals="22" coveredconditionals="14" methods="17" coveredmethods="14"/>
        <line num="2" count="1" type="stmt"/>
        <line num="3" count="1" type="stmt"/>
        <line num="4" count="1" type="stmt"/>
        <line num="5" count="1" type="stmt"/>
        <line num="6" count="1" type="stmt"/>
        <line num="7" count="1" type="stmt"/>
        <line num="16" count="1" type="stmt"/>
        <line num="19" count="1" type="stmt"/>
        <line num="24" count="1" type="cond" truecount="0" falsecount="1"/>
        <line num="25" count="0" type="stmt"/>
        <line num="27" count="1" type="stmt"/>
        <line num="34" count="1" type="cond" truecount="2" falsecount="1"/>
        <line num="35" count="0" type="stmt"/>
        <line num="40" count="1" type="stmt"/>
        <line num="45" count="1" type="cond" truecount="0" falsecount="1"/>
        <line num="46" count="0" type="stmt"/>
        <line num="51" count="1" type="stmt"/>
        <line num="58" count="1" type="stmt"/>
        <line num="61" count="1" type="cond" truecount="1" falsecount="1"/>
        <line num="63" count="1" type="stmt"/>
        <line num="65" count="0" type="stmt"/>
        <line num="68" count="1" type="stmt"/>
        <line num="69" count="0" type="stmt"/>
        <line num="76" count="0" type="stmt"/>
        <line num="90" count="1" type="stmt"/>
        <line num="100" count="1" type="stmt"/>
        <line num="107" count="1" type="stmt"/>
        <line num="109" count="1" type="cond" truecount="0" falsecount="1"/>
        <line num="110" count="0" type="stmt"/>
        <line num="114" count="1" type="stmt"/>
        <line num="116" count="1" type="cond" truecount="1" falsecount="2"/>
        <line num="117" count="0" type="stmt"/>
        <line num="119" count="1" type="stmt"/>
        <line num="125" count="1" type="stmt"/>
        <line num="130" count="7" type="stmt"/>
        <line num="140" count="7" type="cond" truecount="1" falsecount="0"/>
        <line num="141" count="15" type="stmt"/>
        <line num="153" count="0" type="stmt"/>
        <line num="158" count="1" type="stmt"/>
        <line num="169" count="1" type="stmt"/>
        <line num="178" count="1" type="stmt"/>
        <line num="185" count="1" type="stmt"/>
        <line num="187" count="1" type="stmt"/>
        <line num="196" count="1" type="stmt"/>
        <line num="205" count="1" type="stmt"/>
        <line num="207" count="1" type="stmt"/>
        <line num="213" count="1" type="stmt"/>
        <line num="222" count="1" type="stmt"/>
        <line num="228" count="1" type="stmt"/>
      </file>
      <file name="SQLSpaceRepository.ts" path="/home/pablo/Documentos/University/4/LabIngSoft/Proyecto/TIER_APP/src/Infrastructure/Persistence/SQLRepositories/SQLSpaceRepository.ts">
        <metrics statements="8" coveredstatements="8" conditionals="37" coveredconditionals="21" methods="2" coveredmethods="2"/>
        <line num="1" count="2" type="stmt"/>
        <line num="2" count="2" type="stmt"/>
        <line num="6" count="2" type="stmt"/>
        <line num="14" count="7" type="stmt"/>
        <line num="24" count="7" type="stmt"/>
        <line num="30" count="2" type="stmt"/>
        <line num="44" count="1" type="stmt"/>
        <line num="50" count="2" type="stmt"/>
      </file>
    </package>
  </project>
</coverage>
