<?xml version="1.0" encoding="UTF-8"?>
<coverage generated="1748463562105" clover="3.2.0">
  <project timestamp="1748463562105" name="All files">
    <metrics statements="475" coveredstatements="401" conditionals="459" coveredconditionals="233" methods="114" coveredmethods="92" elements="1048" coveredelements="726" complexity="0" loc="475" ncloc="475" packages="9" files="21" classes="21"/>
    <package name="Application.Services">
      <metrics statements="70" coveredstatements="64" conditionals="26" coveredconditionals="19" methods="15" coveredmethods="15"/>
      <file name="NotificationService.ts" path="/home/pablo/Documentos/University/4/LabIngSoft/Proyecto/TIER_APP/src/Application/Services/NotificationService.ts">
        <metrics statements="13" coveredstatements="12" conditionals="2" coveredconditionals="1" methods="4" coveredmethods="4"/>
        <line num="2" count="1" type="stmt"/>
        <line num="16" count="1" type="stmt"/>
        <line num="26" count="2" type="stmt"/>
        <line num="27" count="2" type="stmt"/>
        <line num="36" count="2" type="stmt"/>
        <line num="37" count="2" type="cond" truecount="1" falsecount="0"/>
        <line num="38" count="1" type="stmt"/>
        <line num="40" count="1" type="stmt"/>
        <line num="49" count="1" type="stmt"/>
        <line num="50" count="1" type="cond" truecount="0" falsecount="1"/>
        <line num="51" count="0" type="stmt"/>
        <line num="53" count="1" type="stmt"/>
        <line num="57" count="1" type="stmt"/>
      </file>
      <file name="PersonService.ts" path="/home/pablo/Documentos/University/4/LabIngSoft/Proyecto/TIER_APP/src/Application/Services/PersonService.ts">
        <metrics statements="37" coveredstatements="36" conditionals="14" coveredconditionals="12" methods="6" coveredmethods="6"/>
        <line num="1" count="3" type="stmt"/>
        <line num="2" count="3" type="stmt"/>
        <line num="5" count="3" type="stmt"/>
        <line num="18" count="3" type="stmt"/>
        <line num="31" count="2" type="stmt"/>
        <line num="32" count="2" type="cond" truecount="1" falsecount="0"/>
        <line num="33" count="1" type="stmt"/>
        <line num="35" count="1" type="stmt"/>
        <line num="36" count="1" type="stmt"/>
        <line num="38" count="1" type="stmt"/>
        <line num="49" count="2" type="stmt"/>
        <line num="50" count="2" type="cond" truecount="1" falsecount="0"/>
        <line num="51" count="1" type="stmt"/>
        <line num="53" count="1" type="stmt"/>
        <line num="65" count="5" type="stmt"/>
        <line num="66" count="5" type="cond" truecount="1" falsecount="0"/>
        <line num="67" count="1" type="stmt"/>
        <line num="69" count="4" type="stmt"/>
        <line num="72" count="4" type="stmt"/>
        <line num="73" count="4" type="stmt"/>
        <line num="74" count="4" type="cond" truecount="1" falsecount="0"/>
        <line num="76" count="2" type="stmt"/>
        <line num="78" count="3" type="cond" truecount="6" falsecount="0"/>
        <line num="80" count="2" type="stmt"/>
        <line num="82" count="2" type="stmt"/>
        <line num="94" count="2" type="stmt"/>
        <line num="95" count="2" type="cond" truecount="1" falsecount="0"/>
        <line num="96" count="1" type="stmt"/>
        <line num="98" count="1" type="stmt"/>
        <line num="107" count="2" type="stmt"/>
        <line num="109" count="2" type="stmt"/>
        <line num="111" count="2" type="cond" truecount="0" falsecount="1"/>
        <line num="112" count="0" type="stmt"/>
        <line num="114" count="2" type="stmt"/>
        <line num="116" count="2" type="cond" truecount="1" falsecount="1"/>
        <line num="117" count="2" type="stmt"/>
        <line num="123" count="3" type="stmt"/>
      </file>
      <file name="ReservationService.ts" path="/home/pablo/Documentos/University/4/LabIngSoft/Proyecto/TIER_APP/src/Application/Services/ReservationService.ts">
        <metrics statements="20" coveredstatements="16" conditionals="10" coveredconditionals="6" methods="5" coveredmethods="5"/>
        <line num="17" count="1" type="stmt"/>
        <line num="26" count="1" type="stmt"/>
        <line num="43" count="1" type="stmt"/>
        <line num="44" count="1" type="cond" truecount="0" falsecount="1"/>
        <line num="45" count="0" type="stmt"/>
        <line num="47" count="1" type="stmt"/>
        <line num="56" count="5" type="stmt"/>
        <line num="57" count="5" type="cond" truecount="4" falsecount="0"/>
        <line num="58" count="2" type="stmt"/>
        <line num="59" count="3" type="cond" truecount="2" falsecount="1"/>
        <line num="60" count="0" type="stmt"/>
        <line num="62" count="5" type="stmt"/>
        <line num="63" count="5" type="cond" truecount="0" falsecount="1"/>
        <line num="64" count="0" type="stmt"/>
        <line num="66" count="5" type="stmt"/>
        <line num="75" count="1" type="stmt"/>
        <line num="76" count="1" type="cond" truecount="0" falsecount="1"/>
        <line num="77" count="0" type="stmt"/>
        <line num="79" count="1" type="stmt"/>
        <line num="83" count="1" type="stmt"/>
      </file>
    </package>
    <package name="Domain">
      <metrics statements="31" coveredstatements="31" conditionals="6" coveredconditionals="6" methods="3" coveredmethods="3"/>
      <file name="Constants.ts" path="/home/pablo/Documentos/University/4/LabIngSoft/Proyecto/TIER_APP/src/Domain/Constants.ts">
        <metrics statements="31" coveredstatements="31" conditionals="6" coveredconditionals="6" methods="3" coveredmethods="3"/>
        <line num="4" count="12" type="cond" truecount="2" falsecount="0"/>
        <line num="5" count="12" type="stmt"/>
        <line num="6" count="12" type="stmt"/>
        <line num="7" count="12" type="stmt"/>
        <line num="8" count="12" type="stmt"/>
        <line num="9" count="12" type="stmt"/>
        <line num="10" count="12" type="stmt"/>
        <line num="11" count="12" type="stmt"/>
        <line num="17" count="12" type="cond" truecount="2" falsecount="0"/>
        <line num="18" count="12" type="stmt"/>
        <line num="19" count="12" type="stmt"/>
        <line num="20" count="12" type="stmt"/>
        <line num="21" count="12" type="stmt"/>
        <line num="22" count="12" type="stmt"/>
        <line num="28" count="12" type="cond" truecount="2" falsecount="0"/>
        <line num="29" count="12" type="stmt"/>
        <line num="30" count="12" type="stmt"/>
        <line num="45" count="12" type="stmt"/>
        <line num="100" count="12" type="stmt"/>
        <line num="105" count="12" type="stmt"/>
        <line num="110" count="12" type="stmt"/>
        <line num="115" count="12" type="stmt"/>
        <line num="120" count="12" type="stmt"/>
        <line num="125" count="12" type="stmt"/>
        <line num="136" count="12" type="stmt"/>
        <line num="137" count="12" type="stmt"/>
        <line num="138" count="12" type="stmt"/>
        <line num="139" count="12" type="stmt"/>
        <line num="140" count="12" type="stmt"/>
        <line num="141" count="12" type="stmt"/>
        <line num="142" count="12" type="stmt"/>
      </file>
    </package>
    <package name="Domain.Entities">
      <metrics statements="70" coveredstatements="65" conditionals="34" coveredconditionals="28" methods="22" coveredmethods="20"/>
      <file name="Notification.ts" path="/home/pablo/Documentos/University/4/LabIngSoft/Proyecto/TIER_APP/src/Domain/Entities/Notification.ts">
        <metrics statements="6" coveredstatements="6" conditionals="0" coveredconditionals="0" methods="2" coveredmethods="2"/>
        <line num="18" count="10" type="stmt"/>
        <line num="19" count="10" type="stmt"/>
        <line num="20" count="10" type="stmt"/>
        <line num="21" count="10" type="stmt"/>
        <line num="29" count="5" type="stmt"/>
        <line num="38" count="2" type="stmt"/>
      </file>
      <file name="Person.ts" path="/home/pablo/Documentos/University/4/LabIngSoft/Proyecto/TIER_APP/src/Domain/Entities/Person.ts">
        <metrics statements="18" coveredstatements="17" conditionals="8" coveredconditionals="7" methods="6" coveredmethods="6"/>
        <line num="1" count="9" type="stmt"/>
        <line num="2" count="9" type="stmt"/>
        <line num="3" count="9" type="stmt"/>
        <line num="26" count="69" type="stmt"/>
        <line num="28" count="68" type="cond" truecount="0" falsecount="1"/>
        <line num="29" count="0" type="stmt"/>
        <line num="31" count="68" type="stmt"/>
        <line num="32" count="68" type="stmt"/>
        <line num="33" count="68" type="stmt"/>
        <line num="34" count="68" type="stmt"/>
        <line num="35" count="68" type="stmt"/>
        <line num="45" count="69" type="cond" truecount="3" falsecount="0"/>
        <line num="46" count="1" type="stmt"/>
        <line num="55" count="69" type="stmt"/>
        <line num="63" count="23" type="cond" truecount="2" falsecount="0"/>
        <line num="71" count="2" type="stmt"/>
        <line num="79" count="18" type="stmt"/>
        <line num="89" count="9" type="stmt"/>
      </file>
      <file name="Reservation.ts" path="/home/pablo/Documentos/University/4/LabIngSoft/Proyecto/TIER_APP/src/Domain/Entities/Reservation.ts">
        <metrics statements="19" coveredstatements="16" conditionals="4" coveredconditionals="3" methods="7" coveredmethods="5"/>
        <line num="29" count="24" type="stmt"/>
        <line num="30" count="24" type="stmt"/>
        <line num="31" count="24" type="stmt"/>
        <line num="32" count="24" type="stmt"/>
        <line num="33" count="24" type="stmt"/>
        <line num="34" count="24" type="stmt"/>
        <line num="35" count="24" type="stmt"/>
        <line num="36" count="24" type="stmt"/>
        <line num="37" count="24" type="stmt"/>
        <line num="38" count="24" type="stmt"/>
        <line num="48" count="24" type="cond" truecount="3" falsecount="1"/>
        <line num="49" count="0" type="stmt"/>
        <line num="58" count="3" type="stmt"/>
        <line num="59" count="3" type="stmt"/>
        <line num="67" count="0" type="stmt"/>
        <line num="75" count="0" type="stmt"/>
        <line num="83" count="17" type="stmt"/>
        <line num="92" count="17" type="stmt"/>
        <line num="97" count="3" type="stmt"/>
      </file>
      <file name="Space.ts" path="/home/pablo/Documentos/University/4/LabIngSoft/Proyecto/TIER_APP/src/Domain/Entities/Space.ts">
        <metrics statements="27" coveredstatements="26" conditionals="22" coveredconditionals="18" methods="7" coveredmethods="7"/>
        <line num="1" count="7" type="stmt"/>
        <line num="3" count="7" type="stmt"/>
        <line num="44" count="51" type="stmt"/>
        <line num="45" count="51" type="stmt"/>
        <line num="46" count="51" type="stmt"/>
        <line num="47" count="51" type="stmt"/>
        <line num="48" count="51" type="stmt"/>
        <line num="49" count="51" type="stmt"/>
        <line num="50" count="51" type="stmt"/>
        <line num="51" count="51" type="stmt"/>
        <line num="52" count="51" type="stmt"/>
        <line num="53" count="51" type="stmt"/>
        <line num="54" count="51" type="stmt"/>
        <line num="55" count="51" type="stmt"/>
        <line num="56" count="51" type="stmt"/>
        <line num="57" count="51" type="cond" truecount="4" falsecount="0"/>
        <line num="58" count="51" type="cond" truecount="0" falsecount="1"/>
        <line num="59" count="0" type="stmt"/>
        <line num="68" count="104" type="stmt"/>
        <line num="76" count="22" type="cond" truecount="2" falsecount="0"/>
        <line num="77" count="21" type="stmt"/>
        <line num="79" count="1" type="stmt"/>
        <line num="88" count="33" type="stmt"/>
        <line num="99" count="32" type="stmt"/>
        <line num="104" count="1" type="cond" truecount="1" falsecount="2"/>
        <line num="120" count="57" type="stmt"/>
        <line num="138" count="7" type="stmt"/>
      </file>
    </package>
    <package name="Domain.Factories">
      <metrics statements="9" coveredstatements="9" conditionals="6" coveredconditionals="5" methods="1" coveredmethods="1"/>
      <file name="ReservationFactory.ts" path="/home/pablo/Documentos/University/4/LabIngSoft/Proyecto/TIER_APP/src/Domain/Factories/ReservationFactory.ts">
        <metrics statements="9" coveredstatements="9" conditionals="6" coveredconditionals="5" methods="1" coveredmethods="1"/>
        <line num="1" count="2" type="stmt"/>
        <line num="4" count="2" type="stmt"/>
        <line num="10" count="2" type="stmt"/>
        <line num="27" count="5" type="stmt"/>
        <line num="28" count="5" type="cond" truecount="1" falsecount="0"/>
        <line num="29" count="1" type="cond" truecount="3" falsecount="1"/>
        <line num="32" count="4" type="cond" truecount="1" falsecount="0"/>
        <line num="33" count="1" type="stmt"/>
        <line num="36" count="3" type="stmt"/>
      </file>
    </package>
    <package name="Domain.Policies">
      <metrics statements="67" coveredstatements="62" conditionals="58" coveredconditionals="53" methods="9" coveredmethods="9"/>
      <file name="Departmentpolicy.ts" path="/home/pablo/Documentos/University/4/LabIngSoft/Proyecto/TIER_APP/src/Domain/Policies/Departmentpolicy.ts">
        <metrics statements="15" coveredstatements="14" conditionals="18" coveredconditionals="18" methods="5" coveredmethods="5"/>
        <line num="1" count="10" type="stmt"/>
        <line num="18" count="83" type="cond" truecount="5" falsecount="0"/>
        <line num="19" count="6" type="stmt"/>
        <line num="22" count="77" type="cond" truecount="3" falsecount="0"/>
        <line num="23" count="52" type="stmt"/>
        <line num="26" count="25" type="cond" truecount="3" falsecount="0"/>
        <line num="27" count="23" type="stmt"/>
        <line num="32" count="2" type="cond" truecount="1" falsecount="0"/>
        <line num="33" count="2" type="stmt"/>
        <line num="36" count="0" type="stmt"/>
        <line num="46" count="108" type="cond" truecount="3" falsecount="0"/>
        <line num="56" count="157" type="stmt"/>
        <line num="70" count="52" type="stmt"/>
        <line num="80" count="2" type="stmt"/>
        <line num="84" count="10" type="stmt"/>
      </file>
      <file name="ReservationPolicy.ts" path="/home/pablo/Documentos/University/4/LabIngSoft/Proyecto/TIER_APP/src/Domain/Policies/ReservationPolicy.ts">
        <metrics statements="41" coveredstatements="37" conditionals="21" coveredconditionals="16" methods="3" coveredmethods="3"/>
        <line num="4" count="5" type="stmt"/>
        <line num="19" count="32" type="stmt"/>
        <line num="20" count="32" type="stmt"/>
        <line num="21" count="32" type="stmt"/>
        <line num="22" count="32" type="cond" truecount="1" falsecount="0"/>
        <line num="23" count="32" type="stmt"/>
        <line num="26" count="32" type="stmt"/>
        <line num="48" count="32" type="cond" truecount="0" falsecount="1"/>
        <line num="49" count="0" type="stmt"/>
        <line num="52" count="32" type="stmt"/>
        <line num="53" count="32" type="cond" truecount="0" falsecount="1"/>
        <line num="54" count="0" type="stmt"/>
        <line num="59" count="32" type="stmt"/>
        <line num="60" count="32" type="cond" truecount="0" falsecount="1"/>
        <line num="61" count="0" type="stmt"/>
        <line num="67" count="32" type="cond" truecount="1" falsecount="0"/>
        <line num="70" count="7" type="stmt"/>
        <line num="76" count="25" type="stmt"/>
        <line num="77" count="25" type="cond" truecount="3" falsecount="0"/>
        <line num="78" count="20" type="stmt"/>
        <line num="79" count="20" type="stmt"/>
        <line num="80" count="20" type="stmt"/>
        <line num="82" count="20" type="stmt"/>
        <line num="84" count="20" type="cond" truecount="3" falsecount="0"/>
        <line num="86" count="5" type="cond" truecount="2" falsecount="0"/>
        <line num="87" count="5" type="cond" truecount="1" falsecount="0"/>
        <line num="88" count="1" type="stmt"/>
        <line num="93" count="4" type="stmt"/>
        <line num="96" count="3" type="stmt"/>
        <line num="97" count="3" type="cond" truecount="2" falsecount="0"/>
        <line num="98" count="3" type="cond" truecount="1" falsecount="0"/>
        <line num="99" count="1" type="stmt"/>
        <line num="104" count="2" type="stmt"/>
        <line num="107" count="4" type="stmt"/>
        <line num="108" count="4" type="cond" truecount="2" falsecount="1"/>
        <line num="109" count="4" type="cond" truecount="0" falsecount="1"/>
        <line num="110" count="0" type="stmt"/>
        <line num="115" count="4" type="stmt"/>
        <line num="120" count="23" type="stmt"/>
        <line num="129" count="1" type="stmt"/>
        <line num="133" count="5" type="stmt"/>
      </file>
      <file name="SpaceAssignationPolicy.ts" path="/home/pablo/Documentos/University/4/LabIngSoft/Proyecto/TIER_APP/src/Domain/Policies/SpaceAssignationPolicy.ts">
        <metrics statements="11" coveredstatements="11" conditionals="19" coveredconditionals="19" methods="1" coveredmethods="1"/>
        <line num="1" count="8" type="stmt"/>
        <line num="3" count="8" type="stmt"/>
        <line num="17" count="68" type="stmt"/>
        <line num="20" count="68" type="cond" truecount="1" falsecount="0"/>
        <line num="25" count="4" type="stmt"/>
        <line num="29" count="64" type="cond" truecount="1" falsecount="0"/>
        <line num="35" count="2" type="stmt"/>
        <line num="39" count="62" type="cond" truecount="1" falsecount="0"/>
        <line num="48" count="2" type="stmt"/>
        <line num="51" count="60" type="stmt"/>
        <line num="56" count="8" type="stmt"/>
      </file>
    </package>
    <package name="Domain.ValueObjects">
      <metrics statements="12" coveredstatements="11" conditionals="2" coveredconditionals="1" methods="4" coveredmethods="4"/>
      <file name="ReservabilityCategory.ts" path="/home/pablo/Documentos/University/4/LabIngSoft/Proyecto/TIER_APP/src/Domain/ValueObjects/ReservabilityCategory.ts">
        <metrics statements="6" coveredstatements="5" conditionals="1" coveredconditionals="0" methods="2" coveredmethods="2"/>
        <line num="1" count="7" type="stmt"/>
        <line num="15" count="162" type="cond" truecount="0" falsecount="1"/>
        <line num="16" count="0" type="stmt"/>
        <line num="18" count="162" type="stmt"/>
        <line num="26" count="359" type="stmt"/>
        <line num="31" count="7" type="stmt"/>
      </file>
      <file name="Role.ts" path="/home/pablo/Documentos/University/4/LabIngSoft/Proyecto/TIER_APP/src/Domain/ValueObjects/Role.ts">
        <metrics statements="6" coveredstatements="6" conditionals="1" coveredconditionals="1" methods="2" coveredmethods="2"/>
        <line num="1" count="9" type="stmt"/>
        <line num="15" count="142" type="cond" truecount="1" falsecount="0"/>
        <line num="16" count="1" type="stmt"/>
        <line num="18" count="141" type="stmt"/>
        <line num="26" count="222" type="stmt"/>
        <line num="31" count="9" type="stmt"/>
      </file>
    </package>
    <package name="Infrastructure.Messaging.Handlers">
      <metrics statements="27" coveredstatements="24" conditionals="14" coveredconditionals="11" methods="2" coveredmethods="2"/>
      <file name="AuthHandler.ts" path="/home/pablo/Documentos/University/4/LabIngSoft/Proyecto/TIER_APP/src/Infrastructure/Messaging/Handlers/AuthHandler.ts">
        <metrics statements="15" coveredstatements="13" conditionals="6" coveredconditionals="4" methods="1" coveredmethods="1"/>
        <line num="1" count="2" type="stmt"/>
        <line num="2" count="2" type="stmt"/>
        <line num="3" count="2" type="stmt"/>
        <line num="8" count="2" type="stmt"/>
        <line num="10" count="2" type="stmt"/>
        <line num="11" count="2" type="stmt"/>
        <line num="19" count="2" type="stmt"/>
        <line num="20" count="2" type="stmt"/>
        <line num="22" count="2" type="cond" truecount="3" falsecount="0"/>
        <line num="23" count="2" type="stmt"/>
        <line num="24" count="2" type="cond" truecount="1" falsecount="2"/>
        <line num="25" count="0" type="stmt"/>
        <line num="27" count="2" type="stmt"/>
        <line num="30" count="0" type="stmt"/>
        <line num="32" count="2" type="stmt"/>
      </file>
      <file name="Handler.ts" path="/home/pablo/Documentos/University/4/LabIngSoft/Proyecto/TIER_APP/src/Infrastructure/Messaging/Handlers/Handler.ts">
        <metrics statements="12" coveredstatements="11" conditionals="8" coveredconditionals="7" methods="1" coveredmethods="1"/>
        <line num="7" count="3" type="stmt"/>
        <line num="14" count="5" type="stmt"/>
        <line num="15" count="5" type="cond" truecount="2" falsecount="0"/>
        <line num="16" count="2" type="stmt"/>
        <line num="17" count="3" type="cond" truecount="2" falsecount="0"/>
        <line num="18" count="1" type="stmt"/>
        <line num="19" count="2" type="cond" truecount="2" falsecount="0"/>
        <line num="20" count="1" type="stmt"/>
        <line num="21" count="1" type="cond" truecount="1" falsecount="1"/>
        <line num="22" count="1" type="stmt"/>
        <line num="24" count="0" type="stmt"/>
        <line num="26" count="5" type="stmt"/>
      </file>
    </package>
    <package name="Infrastructure.Persistence">
      <metrics statements="58" coveredstatements="35" conditionals="216" coveredconditionals="74" methods="23" coveredmethods="10"/>
      <file name="PrismaClient.ts" path="/home/pablo/Documentos/University/4/LabIngSoft/Proyecto/TIER_APP/src/Infrastructure/Persistence/PrismaClient.ts">
        <metrics statements="58" coveredstatements="35" conditionals="216" coveredconditionals="74" methods="23" coveredmethods="10"/>
        <line num="2" count="4" type="stmt"/>
        <line num="3" count="4" type="stmt"/>
        <line num="4" count="4" type="stmt"/>
        <line num="5" count="4" type="stmt"/>
        <line num="6" count="4" type="stmt"/>
        <line num="8" count="4" type="stmt"/>
        <line num="28" count="92" type="stmt"/>
        <line num="30" count="92" type="stmt"/>
        <line num="46" count="92" type="stmt"/>
        <line num="65" count="92" type="stmt"/>
        <line num="69" count="2" type="cond" truecount="3" falsecount="1"/>
        <line num="72" count="2" type="stmt"/>
        <line num="79" count="2" type="stmt"/>
        <line num="80" count="2" type="stmt"/>
        <line num="83" count="2" type="stmt"/>
        <line num="109" count="2" type="stmt"/>
        <line num="138" count="2" type="stmt"/>
        <line num="160" count="1" type="stmt"/>
        <line num="164" count="8" type="cond" truecount="1" falsecount="1"/>
        <line num="165" count="8" type="cond" truecount="4" falsecount="0"/>
        <line num="168" count="7" type="cond" truecount="6" falsecount="0"/>
        <line num="169" count="1" type="stmt"/>
        <line num="170" count="6" type="cond" truecount="2" falsecount="3"/>
        <line num="171" count="0" type="stmt"/>
        <line num="173" count="6" type="stmt"/>
        <line num="178" count="8" type="stmt"/>
        <line num="221" count="8" type="stmt"/>
        <line num="222" count="8" type="stmt"/>
        <line num="223" count="13" type="cond" truecount="0" falsecount="1"/>
        <line num="224" count="0" type="stmt"/>
        <line num="225" count="0" type="cond" truecount="0" falsecount="1"/>
        <line num="226" count="0" type="stmt"/>
        <line num="228" count="0" type="stmt"/>
        <line num="239" count="8" type="stmt"/>
        <line num="240" count="13" type="stmt"/>
        <line num="261" count="8" type="cond" truecount="1" falsecount="1"/>
        <line num="262" count="8" type="cond" truecount="3" falsecount="1"/>
        <line num="265" count="0" type="cond" truecount="0" falsecount="6"/>
        <line num="266" count="0" type="stmt"/>
        <line num="267" count="0" type="cond" truecount="0" falsecount="5"/>
        <line num="268" count="0" type="stmt"/>
        <line num="270" count="0" type="stmt"/>
        <line num="276" count="8" type="stmt"/>
        <line num="314" count="8" type="stmt"/>
        <line num="315" count="13" type="stmt"/>
        <line num="332" count="0" type="stmt"/>
        <line num="333" count="0" type="stmt"/>
        <line num="338" count="0" type="stmt"/>
        <line num="353" count="0" type="stmt"/>
        <line num="361" count="0" type="cond" truecount="0" falsecount="2"/>
        <line num="366" count="0" type="stmt"/>
        <line num="373" count="0" type="stmt"/>
        <line num="400" count="0" type="cond" truecount="0" falsecount="2"/>
        <line num="405" count="0" type="stmt"/>
        <line num="410" count="0" type="stmt"/>
        <line num="441" count="0" type="stmt"/>
        <line num="455" count="0" type="stmt"/>
        <line num="484" count="0" type="stmt"/>
      </file>
    </package>
    <package name="Infrastructure.Persistence.SQLRepositories">
      <metrics statements="131" coveredstatements="100" conditionals="97" coveredconditionals="36" methods="35" coveredmethods="28"/>
      <file name="SQLNotificationRepository.ts" path="/home/pablo/Documentos/University/4/LabIngSoft/Proyecto/TIER_APP/src/Infrastructure/Persistence/SQLRepositories/SQLNotificationRepository.ts">
        <metrics statements="14" coveredstatements="13" conditionals="1" coveredconditionals="0" methods="4" coveredmethods="4"/>
        <line num="2" count="1" type="stmt"/>
        <line num="3" count="1" type="stmt"/>
        <line num="16" count="2" type="stmt"/>
        <line num="19" count="2" type="stmt"/>
        <line num="23" count="2" type="cond" truecount="0" falsecount="1"/>
        <line num="24" count="0" type="stmt"/>
        <line num="27" count="2" type="stmt"/>
        <line num="34" count="2" type="stmt"/>
        <line num="37" count="2" type="stmt"/>
        <line num="46" count="2" type="stmt"/>
        <line num="51" count="2" type="stmt"/>
        <line num="60" count="1" type="stmt"/>
        <line num="65" count="1" type="stmt"/>
        <line num="69" count="1" type="stmt"/>
      </file>
      <file name="SQLPersonRepository.ts" path="/home/pablo/Documentos/University/4/LabIngSoft/Proyecto/TIER_APP/src/Infrastructure/Persistence/SQLRepositories/SQLPersonRepository.ts">
        <metrics statements="38" coveredstatements="28" conditionals="19" coveredconditionals="1" methods="8" coveredmethods="6"/>
        <line num="2" count="3" type="stmt"/>
        <line num="3" count="3" type="stmt"/>
        <line num="4" count="3" type="stmt"/>
        <line num="7" count="3" type="stmt"/>
        <line num="8" count="3" type="stmt"/>
        <line num="9" count="3" type="stmt"/>
        <line num="21" count="1" type="stmt"/>
        <line num="22" count="1" type="stmt"/>
        <line num="30" count="1" type="stmt"/>
        <line num="34" count="1" type="stmt"/>
        <line num="43" count="13" type="stmt"/>
        <line num="49" count="13" type="cond" truecount="1" falsecount="0"/>
        <line num="50" count="9" type="stmt"/>
        <line num="57" count="9" type="stmt"/>
        <line num="60" count="4" type="stmt"/>
        <line num="69" count="2" type="stmt"/>
        <line num="70" count="2" type="stmt"/>
        <line num="79" count="2" type="stmt"/>
        <line num="81" count="2" type="stmt"/>
        <line num="87" count="2" type="stmt"/>
        <line num="88" count="2" type="stmt"/>
        <line num="90" count="2" type="stmt"/>
        <line num="91" count="2" type="stmt"/>
        <line num="92" count="0" type="stmt"/>
        <line num="93" count="0" type="stmt"/>
        <line num="94" count="0" type="stmt"/>
        <line num="95" count="0" type="stmt"/>
        <line num="98" count="0" type="stmt"/>
        <line num="99" count="0" type="stmt"/>
        <line num="115" count="0" type="stmt"/>
        <line num="116" count="0" type="cond" truecount="0" falsecount="2"/>
        <line num="117" count="0" type="stmt"/>
        <line num="122" count="0" type="stmt"/>
        <line num="130" count="2" type="stmt"/>
        <line num="133" count="2" type="stmt"/>
        <line num="143" count="1" type="stmt"/>
        <line num="150" count="1" type="stmt"/>
        <line num="154" count="3" type="stmt"/>
      </file>
      <file name="SQLReservationRepository.ts" path="/home/pablo/Documentos/University/4/LabIngSoft/Proyecto/TIER_APP/src/Infrastructure/Persistence/SQLRepositories/SQLReservationRepository.ts">
        <metrics statements="51" coveredstatements="41" conditionals="22" coveredconditionals="14" methods="17" coveredmethods="14"/>
        <line num="2" count="1" type="stmt"/>
        <line num="3" count="1" type="stmt"/>
        <line num="4" count="1" type="stmt"/>
        <line num="5" count="1" type="stmt"/>
        <line num="6" count="1" type="stmt"/>
        <line num="7" count="1" type="stmt"/>
        <line num="26" count="1" type="stmt"/>
        <line num="27" count="1" type="stmt"/>
        <line num="29" count="1" type="stmt"/>
        <line num="34" count="1" type="cond" truecount="0" falsecount="1"/>
        <line num="35" count="0" type="stmt"/>
        <line num="37" count="1" type="stmt"/>
        <line num="44" count="1" type="cond" truecount="2" falsecount="1"/>
        <line num="45" count="0" type="stmt"/>
        <line num="49" count="1" type="stmt"/>
        <line num="54" count="1" type="cond" truecount="0" falsecount="1"/>
        <line num="55" count="0" type="stmt"/>
        <line num="59" count="1" type="stmt"/>
        <line num="66" count="1" type="stmt"/>
        <line num="69" count="1" type="cond" truecount="1" falsecount="1"/>
        <line num="71" count="1" type="stmt"/>
        <line num="73" count="0" type="stmt"/>
        <line num="76" count="1" type="stmt"/>
        <line num="77" count="0" type="stmt"/>
        <line num="84" count="0" type="stmt"/>
        <line num="98" count="1" type="stmt"/>
        <line num="108" count="1" type="stmt"/>
        <line num="115" count="1" type="stmt"/>
        <line num="117" count="1" type="cond" truecount="0" falsecount="1"/>
        <line num="118" count="0" type="stmt"/>
        <line num="121" count="1" type="stmt"/>
        <line num="139" count="1" type="cond" truecount="1" falsecount="2"/>
        <line num="140" count="0" type="stmt"/>
        <line num="142" count="1" type="stmt"/>
        <line num="145" count="1" type="stmt"/>
        <line num="147" count="0" type="stmt"/>
        <line num="161" count="7" type="stmt"/>
        <line num="171" count="7" type="cond" truecount="1" falsecount="0"/>
        <line num="172" count="13" type="stmt"/>
        <line num="184" count="0" type="stmt"/>
        <line num="194" count="1" type="stmt"/>
        <line num="205" count="1" type="stmt"/>
        <line num="214" count="1" type="stmt"/>
        <line num="224" count="1" type="stmt"/>
        <line num="225" count="1" type="stmt"/>
        <line num="232" count="1" type="stmt"/>
        <line num="241" count="1" type="stmt"/>
        <line num="243" count="1" type="stmt"/>
        <line num="249" count="1" type="stmt"/>
        <line num="258" count="1" type="stmt"/>
        <line num="264" count="1" type="stmt"/>
      </file>
      <file name="SQLSpaceRepository.ts" path="/home/pablo/Documentos/University/4/LabIngSoft/Proyecto/TIER_APP/src/Infrastructure/Persistence/SQLRepositories/SQLSpaceRepository.ts">
        <metrics statements="28" coveredstatements="18" conditionals="55" coveredconditionals="21" methods="6" coveredmethods="4"/>
        <line num="1" count="1" type="stmt"/>
        <line num="2" count="1" type="stmt"/>
        <line num="4" count="1" type="stmt"/>
        <line num="5" count="1" type="stmt"/>
        <line num="6" count="1" type="stmt"/>
        <line num="7" count="1" type="stmt"/>
        <line num="8" count="1" type="stmt"/>
        <line num="24" count="7" type="stmt"/>
        <line num="34" count="7" type="stmt"/>
        <line num="49" count="2" type="stmt"/>
        <line num="50" count="2" type="stmt"/>
        <line num="63" count="1" type="stmt"/>
        <line num="64" count="1" type="stmt"/>
        <line num="65" count="1" type="stmt"/>
        <line num="66" count="1" type="stmt"/>
        <line num="67" count="0" type="stmt"/>
        <line num="68" count="0" type="stmt"/>
        <line num="69" count="0" type="stmt"/>
        <line num="70" count="0" type="stmt"/>
        <line num="73" count="0" type="stmt"/>
        <line num="74" count="0" type="stmt"/>
        <line num="91" count="0" type="stmt"/>
        <line num="92" count="0" type="cond" truecount="0" falsecount="2"/>
        <line num="93" count="0" type="stmt"/>
        <line num="98" count="0" type="stmt"/>
        <line num="106" count="1" type="stmt"/>
        <line num="109" count="1" type="stmt"/>
        <line num="113" count="1" type="stmt"/>
      </file>
    </package>
  </project>
</coverage>
