{"/home/pablo/Documentos/University/4/LabIngSoft/Proyecto/TIER_APP/src/Application/Services/NotificationService.ts": {"path":"/home/pablo/Documentos/University/4/LabIngSoft/Proyecto/TIER_APP/src/Application/Services/NotificationService.ts","statementMap":{"0":{"start":{"line":2,"column":0},"end":{"line":2,"column":58}},"1":{"start":{"line":10,"column":8},"end":{"line":10,"column":61}},"2":{"start":{"line":13,"column":29},"end":{"line":13,"column":83}},"3":{"start":{"line":14,"column":8},"end":{"line":14,"column":68}},"4":{"start":{"line":18,"column":30},"end":{"line":18,"column":80}},"5":{"start":{"line":19,"column":8},"end":{"line":21,"column":9}},"6":{"start":{"line":20,"column":12},"end":{"line":20,"column":null}},"7":{"start":{"line":22,"column":8},"end":{"line":22,"column":29}},"8":{"start":{"line":27,"column":29},"end":{"line":27,"column":77}},"9":{"start":{"line":28,"column":8},"end":{"line":30,"column":9}},"10":{"start":{"line":29,"column":12},"end":{"line":29,"column":null}},"11":{"start":{"line":31,"column":8},"end":{"line":31,"column":28}},"12":{"start":{"line":35,"column":0},"end":{"line":35,"column":35}}},"fnMap":{"0":{"name":"(anonymous_8)","decl":{"start":{"line":9,"column":4},"end":{"line":9,"column":16}},"loc":{"start":{"line":9,"column":63},"end":{"line":11,"column":5}}},"1":{"name":"(anonymous_9)","decl":{"start":{"line":12,"column":10},"end":{"line":12,"column":14}},"loc":{"start":{"line":12,"column":48},"end":{"line":15,"column":null}}},"2":{"name":"(anonymous_11)","decl":{"start":{"line":17,"column":10},"end":{"line":17,"column":22}},"loc":{"start":{"line":17,"column":33},"end":{"line":23,"column":null}}},"3":{"name":"(anonymous_13)","decl":{"start":{"line":26,"column":10},"end":{"line":26,"column":20}},"loc":{"start":{"line":26,"column":31},"end":{"line":32,"column":null}}}},"branchMap":{"0":{"loc":{"start":{"line":19,"column":8},"end":{"line":21,"column":9}},"type":"if","locations":[{"start":{"line":19,"column":8},"end":{"line":21,"column":9}}]},"1":{"loc":{"start":{"line":28,"column":8},"end":{"line":30,"column":9}},"type":"if","locations":[{"start":{"line":28,"column":8},"end":{"line":30,"column":9}}]}},"s":{"0":1,"1":1,"2":2,"3":2,"4":1,"5":1,"6":0,"7":1,"8":1,"9":1,"10":0,"11":1,"12":1},"f":{"0":1,"1":2,"2":1,"3":1},"b":{"0":[0],"1":[0]}}
,"/home/pablo/Documentos/University/4/LabIngSoft/Proyecto/TIER_APP/src/Application/Services/PersonService.ts": {"path":"/home/pablo/Documentos/University/4/LabIngSoft/Proyecto/TIER_APP/src/Application/Services/PersonService.ts","statementMap":{"0":{"start":{"line":1,"column":0},"end":{"line":1,"column":50}},"1":{"start":{"line":2,"column":0},"end":{"line":2,"column":46}},"2":{"start":{"line":5,"column":0},"end":{"line":5,"column":31}},"3":{"start":{"line":11,"column":6},"end":{"line":11,"column":47}},"4":{"start":{"line":15,"column":28},"end":{"line":15,"column":68}},"5":{"start":{"line":16,"column":8},"end":{"line":18,"column":9}},"6":{"start":{"line":17,"column":12},"end":{"line":17,"column":91}},"7":{"start":{"line":19,"column":22},"end":{"line":19,"column":44}},"8":{"start":{"line":20,"column":29},"end":{"line":20,"column":71}},"9":{"start":{"line":22,"column":8},"end":{"line":22,"column":56}},"10":{"start":{"line":28,"column":24},"end":{"line":28,"column":64}},"11":{"start":{"line":29,"column":8},"end":{"line":31,"column":9}},"12":{"start":{"line":30,"column":12},"end":{"line":30,"column":null}},"13":{"start":{"line":32,"column":8},"end":{"line":32,"column":22}},"14":{"start":{"line":37,"column":28},"end":{"line":37,"column":74}},"15":{"start":{"line":38,"column":8},"end":{"line":40,"column":9}},"16":{"start":{"line":39,"column":12},"end":{"line":39,"column":null}},"17":{"start":{"line":41,"column":23},"end":{"line":41,"column":45}},"18":{"start":{"line":44,"column":8},"end":{"line":54,"column":9}},"19":{"start":{"line":45,"column":41},"end":{"line":45,"column":50}},"20":{"start":{"line":46,"column":12},"end":{"line":49,"column":13}},"21":{"start":{"line":48,"column":16},"end":{"line":48,"column":42}},"22":{"start":{"line":50,"column":12},"end":{"line":50,"column":173}},"23":{"start":{"line":53,"column":12},"end":{"line":53,"column":100}},"24":{"start":{"line":55,"column":8},"end":{"line":55,"column":61}},"25":{"start":{"line":63,"column":23},"end":{"line":63,"column":63}},"26":{"start":{"line":64,"column":8},"end":{"line":66,"column":9}},"27":{"start":{"line":65,"column":12},"end":{"line":65,"column":null}},"28":{"start":{"line":67,"column":8},"end":{"line":67,"column":58}},"29":{"start":{"line":71,"column":19},"end":{"line":71,"column":38}},"30":{"start":{"line":73,"column":21},"end":{"line":73,"column":61}},"31":{"start":{"line":75,"column":8},"end":{"line":77,"column":9}},"32":{"start":{"line":76,"column":12},"end":{"line":76,"column":null}},"33":{"start":{"line":78,"column":27},"end":{"line":78,"column":44}},"34":{"start":{"line":80,"column":22},"end":{"line":80,"column":74}},"35":{"start":{"line":81,"column":8},"end":{"line":81,"column":null}},"36":{"start":{"line":88,"column":0},"end":{"line":88,"column":29}}},"fnMap":{"0":{"name":"(anonymous_8)","decl":{"start":{"line":10,"column":4},"end":{"line":10,"column":16}},"loc":{"start":{"line":10,"column":51},"end":{"line":12,"column":5}}},"1":{"name":"(anonymous_9)","decl":{"start":{"line":14,"column":10},"end":{"line":14,"column":14}},"loc":{"start":{"line":14,"column":95},"end":{"line":24,"column":null}}},"2":{"name":"(anonymous_11)","decl":{"start":{"line":26,"column":10},"end":{"line":26,"column":18}},"loc":{"start":{"line":26,"column":29},"end":{"line":33,"column":null}}},"3":{"name":"(anonymous_13)","decl":{"start":{"line":35,"column":10},"end":{"line":35,"column":16}},"loc":{"start":{"line":35,"column":73},"end":{"line":58,"column":null}}},"4":{"name":"(anonymous_15)","decl":{"start":{"line":62,"column":10},"end":{"line":62,"column":20}},"loc":{"start":{"line":62,"column":31},"end":{"line":68,"column":null}}},"5":{"name":"(anonymous_17)","decl":{"start":{"line":70,"column":10},"end":{"line":70,"column":15}},"loc":{"start":{"line":70,"column":29},"end":{"line":83,"column":null}}}},"branchMap":{"0":{"loc":{"start":{"line":16,"column":8},"end":{"line":18,"column":9}},"type":"if","locations":[{"start":{"line":16,"column":8},"end":{"line":18,"column":9}}]},"1":{"loc":{"start":{"line":29,"column":8},"end":{"line":31,"column":9}},"type":"if","locations":[{"start":{"line":29,"column":8},"end":{"line":31,"column":9}}]},"2":{"loc":{"start":{"line":38,"column":8},"end":{"line":40,"column":9}},"type":"if","locations":[{"start":{"line":38,"column":8},"end":{"line":40,"column":9}}]},"3":{"loc":{"start":{"line":46,"column":12},"end":{"line":49,"column":13}},"type":"if","locations":[{"start":{"line":46,"column":12},"end":{"line":49,"column":13}}]},"4":{"loc":{"start":{"line":50,"column":72},"end":{"line":50,"column":101}},"type":"cond-expr","locations":[{"start":{"line":50,"column":72},"end":{"line":50,"column":76}},{"start":{"line":50,"column":80},"end":{"line":50,"column":101}}]},"5":{"loc":{"start":{"line":50,"column":72},"end":{"line":50,"column":80}},"type":"binary-expr","locations":[{"start":{"line":50,"column":72},"end":{"line":50,"column":80}},{"start":{"line":50,"column":72},"end":{"line":50,"column":80}}]},"6":{"loc":{"start":{"line":50,"column":103},"end":{"line":50,"column":171}},"type":"cond-expr","locations":[{"start":{"line":50,"column":130},"end":{"line":50,"column":157}},{"start":{"line":50,"column":161},"end":{"line":50,"column":171}}]},"7":{"loc":{"start":{"line":64,"column":8},"end":{"line":66,"column":9}},"type":"if","locations":[{"start":{"line":64,"column":8},"end":{"line":66,"column":9}}]},"8":{"loc":{"start":{"line":75,"column":8},"end":{"line":77,"column":9}},"type":"if","locations":[{"start":{"line":75,"column":8},"end":{"line":77,"column":9}}]},"9":{"loc":{"start":{"line":80,"column":45},"end":{"line":80,"column":73}},"type":"binary-expr","locations":[{"start":{"line":80,"column":45},"end":{"line":80,"column":67}},{"start":{"line":80,"column":71},"end":{"line":80,"column":73}}]}},"s":{"0":3,"1":3,"2":3,"3":3,"4":2,"5":2,"6":1,"7":1,"8":1,"9":1,"10":2,"11":2,"12":1,"13":1,"14":5,"15":5,"16":1,"17":4,"18":4,"19":4,"20":4,"21":2,"22":3,"23":2,"24":2,"25":2,"26":2,"27":1,"28":1,"29":2,"30":2,"31":2,"32":0,"33":2,"34":2,"35":2,"36":3},"f":{"0":3,"1":2,"2":2,"3":5,"4":2,"5":2},"b":{"0":[1],"1":[1],"2":[1],"3":[2],"4":[1,2],"5":[3,3],"6":[1,2],"7":[1],"8":[0],"9":[2,0]}}
,"/home/pablo/Documentos/University/4/LabIngSoft/Proyecto/TIER_APP/src/Application/Services/ReservationService.ts": {"path":"/home/pablo/Documentos/University/4/LabIngSoft/Proyecto/TIER_APP/src/Application/Services/ReservationService.ts","statementMap":{"0":{"start":{"line":20,"column":8},"end":{"line":20,"column":59}},"1":{"start":{"line":21,"column":8},"end":{"line":21,"column":49}},"2":{"start":{"line":22,"column":8},"end":{"line":22,"column":47}},"3":{"start":{"line":27,"column":8},"end":{"line":27,"column":254}},"4":{"start":{"line":32,"column":28},"end":{"line":32,"column":87}},"5":{"start":{"line":33,"column":8},"end":{"line":35,"column":9}},"6":{"start":{"line":34,"column":12},"end":{"line":34,"column":null}},"7":{"start":{"line":37,"column":8},"end":{"line":37,"column":102}},"8":{"start":{"line":41,"column":19},"end":{"line":41,"column":28}},"9":{"start":{"line":42,"column":8},"end":{"line":46,"column":9}},"10":{"start":{"line":43,"column":12},"end":{"line":43,"column":88}},"11":{"start":{"line":44,"column":14},"end":{"line":46,"column":9}},"12":{"start":{"line":45,"column":12},"end":{"line":45,"column":110}},"13":{"start":{"line":47,"column":29},"end":{"line":47,"column":135}},"14":{"start":{"line":48,"column":8},"end":{"line":50,"column":9}},"15":{"start":{"line":49,"column":12},"end":{"line":49,"column":null}},"16":{"start":{"line":51,"column":8},"end":{"line":51,"column":28}},"17":{"start":{"line":55,"column":28},"end":{"line":55,"column":69}},"18":{"start":{"line":56,"column":8},"end":{"line":58,"column":9}},"19":{"start":{"line":57,"column":12},"end":{"line":57,"column":null}},"20":{"start":{"line":60,"column":8},"end":{"line":60,"column":59}},"21":{"start":{"line":68,"column":0},"end":{"line":68,"column":34}}},"fnMap":{"0":{"name":"(anonymous_7)","decl":{"start":{"line":19,"column":4},"end":{"line":19,"column":16}},"loc":{"start":{"line":19,"column":133},"end":{"line":23,"column":5}}},"1":{"name":"(anonymous_8)","decl":{"start":{"line":25,"column":10},"end":{"line":25,"column":14}},"loc":{"start":{"line":25,"column":165},"end":{"line":28,"column":null}}},"2":{"name":"(anonymous_10)","decl":{"start":{"line":30,"column":10},"end":{"line":30,"column":16}},"loc":{"start":{"line":30,"column":63},"end":{"line":38,"column":null}}},"3":{"name":"(anonymous_12)","decl":{"start":{"line":40,"column":10},"end":{"line":40,"column":14}},"loc":{"start":{"line":40,"column":134},"end":{"line":52,"column":null}}},"4":{"name":"(anonymous_14)","decl":{"start":{"line":54,"column":10},"end":{"line":54,"column":16}},"loc":{"start":{"line":54,"column":27},"end":{"line":61,"column":null}}}},"branchMap":{"0":{"loc":{"start":{"line":33,"column":8},"end":{"line":35,"column":9}},"type":"if","locations":[{"start":{"line":33,"column":8},"end":{"line":35,"column":9}}]},"1":{"loc":{"start":{"line":42,"column":8},"end":{"line":46,"column":9}},"type":"if","locations":[{"start":{"line":42,"column":8},"end":{"line":46,"column":9}},{"start":{"line":44,"column":14},"end":{"line":46,"column":9}}]},"2":{"loc":{"start":{"line":42,"column":12},"end":{"line":42,"column":49}},"type":"binary-expr","locations":[{"start":{"line":42,"column":12},"end":{"line":42,"column":29}},{"start":{"line":42,"column":33},"end":{"line":42,"column":49}}]},"3":{"loc":{"start":{"line":44,"column":14},"end":{"line":46,"column":9}},"type":"if","locations":[{"start":{"line":44,"column":14},"end":{"line":46,"column":9}}]},"4":{"loc":{"start":{"line":44,"column":18},"end":{"line":44,"column":55}},"type":"binary-expr","locations":[{"start":{"line":44,"column":18},"end":{"line":44,"column":35}},{"start":{"line":44,"column":39},"end":{"line":44,"column":55}}]},"5":{"loc":{"start":{"line":48,"column":8},"end":{"line":50,"column":9}},"type":"if","locations":[{"start":{"line":48,"column":8},"end":{"line":50,"column":9}}]},"6":{"loc":{"start":{"line":56,"column":8},"end":{"line":58,"column":9}},"type":"if","locations":[{"start":{"line":56,"column":8},"end":{"line":58,"column":9}}]}},"s":{"0":1,"1":1,"2":1,"3":1,"4":1,"5":1,"6":0,"7":1,"8":5,"9":5,"10":2,"11":3,"12":0,"13":5,"14":5,"15":0,"16":5,"17":1,"18":1,"19":0,"20":1,"21":1},"f":{"0":1,"1":1,"2":1,"3":5,"4":1},"b":{"0":[0],"1":[2,3],"2":[5,2],"3":[0],"4":[3,3],"5":[0],"6":[0]}}
,"/home/pablo/Documentos/University/4/LabIngSoft/Proyecto/TIER_APP/src/Domain/Constants.ts": {"path":"/home/pablo/Documentos/University/4/LabIngSoft/Proyecto/TIER_APP/src/Domain/Constants.ts","statementMap":{"0":{"start":{"line":1,"column":0},"end":{"line":1,"column":null}},"1":{"start":{"line":2,"column":4},"end":{"line":2,"column":null}},"2":{"start":{"line":3,"column":4},"end":{"line":3,"column":null}},"3":{"start":{"line":4,"column":4},"end":{"line":4,"column":null}},"4":{"start":{"line":5,"column":4},"end":{"line":5,"column":null}},"5":{"start":{"line":6,"column":4},"end":{"line":6,"column":null}},"6":{"start":{"line":7,"column":4},"end":{"line":7,"column":null}},"7":{"start":{"line":8,"column":4},"end":{"line":8,"column":null}},"8":{"start":{"line":12,"column":0},"end":{"line":12,"column":null}},"9":{"start":{"line":13,"column":4},"end":{"line":13,"column":null}},"10":{"start":{"line":14,"column":4},"end":{"line":14,"column":null}},"11":{"start":{"line":15,"column":4},"end":{"line":15,"column":null}},"12":{"start":{"line":16,"column":4},"end":{"line":16,"column":null}},"13":{"start":{"line":17,"column":4},"end":{"line":17,"column":null}},"14":{"start":{"line":20,"column":0},"end":{"line":20,"column":null}},"15":{"start":{"line":21,"column":4},"end":{"line":21,"column":null}},"16":{"start":{"line":22,"column":4},"end":{"line":22,"column":null}},"17":{"start":{"line":32,"column":43},"end":{"line":82,"column":2}},"18":{"start":{"line":103,"column":4},"end":{"line":103,"column":20}},"19":{"start":{"line":85,"column":18},"end":{"line":85,"column":20}},"20":{"start":{"line":109,"column":4},"end":{"line":109,"column":13}},"21":{"start":{"line":88,"column":17},"end":{"line":88,"column":35}},"22":{"start":{"line":104,"column":4},"end":{"line":104,"column":12}},"23":{"start":{"line":90,"column":20},"end":{"line":90,"column":31}},"24":{"start":{"line":105,"column":4},"end":{"line":105,"column":15}},"25":{"start":{"line":92,"column":16},"end":{"line":92,"column":22}},"26":{"start":{"line":108,"column":4},"end":{"line":108,"column":11}},"27":{"start":{"line":94,"column":17},"end":{"line":94,"column":58}},"28":{"start":{"line":106,"column":4},"end":{"line":106,"column":12}},"29":{"start":{"line":95,"column":18},"end":{"line":95,"column":60}},"30":{"start":{"line":107,"column":4},"end":{"line":107,"column":13}}},"fnMap":{"0":{"name":"(anonymous_0)","decl":{"start":{"line":1,"column":0},"end":{"line":1,"column":5}},"loc":{"start":{"line":1,"column":9},"end":{"line":9,"column":1}}},"1":{"name":"(anonymous_1)","decl":{"start":{"line":12,"column":0},"end":{"line":12,"column":5}},"loc":{"start":{"line":12,"column":26},"end":{"line":18,"column":1}}},"2":{"name":"(anonymous_2)","decl":{"start":{"line":20,"column":0},"end":{"line":20,"column":5}},"loc":{"start":{"line":20,"column":15},"end":{"line":23,"column":1}}}},"branchMap":{"0":{"loc":{"start":{"line":1,"column":5},"end":{"line":1,"column":null}},"type":"binary-expr","locations":[{"start":{"line":1,"column":5},"end":{"line":1,"column":9}},{"start":{"line":1,"column":9},"end":{"line":1,"column":null}}]},"1":{"loc":{"start":{"line":12,"column":5},"end":{"line":12,"column":null}},"type":"binary-expr","locations":[{"start":{"line":12,"column":5},"end":{"line":12,"column":26}},{"start":{"line":12,"column":26},"end":{"line":12,"column":null}}]},"2":{"loc":{"start":{"line":20,"column":5},"end":{"line":20,"column":null}},"type":"binary-expr","locations":[{"start":{"line":20,"column":5},"end":{"line":20,"column":15}},{"start":{"line":20,"column":15},"end":{"line":20,"column":null}}]}},"s":{"0":9,"1":9,"2":9,"3":9,"4":9,"5":9,"6":9,"7":9,"8":9,"9":9,"10":9,"11":9,"12":9,"13":9,"14":9,"15":9,"16":9,"17":9,"18":9,"19":9,"20":9,"21":9,"22":9,"23":9,"24":9,"25":9,"26":9,"27":9,"28":9,"29":9,"30":9},"f":{"0":9,"1":9,"2":9},"b":{"0":[9,9],"1":[9,9],"2":[9,9]}}
,"/home/pablo/Documentos/University/4/LabIngSoft/Proyecto/TIER_APP/src/Domain/Entities/Notification.ts": {"path":"/home/pablo/Documentos/University/4/LabIngSoft/Proyecto/TIER_APP/src/Domain/Entities/Notification.ts","statementMap":{"0":{"start":{"line":9,"column":8},"end":{"line":9,"column":21}},"1":{"start":{"line":10,"column":8},"end":{"line":10,"column":31}},"2":{"start":{"line":11,"column":8},"end":{"line":11,"column":25}},"3":{"start":{"line":12,"column":8},"end":{"line":12,"column":33}},"4":{"start":{"line":16,"column":8},"end":{"line":21,"column":10}},"5":{"start":{"line":25,"column":0},"end":{"line":25,"column":28}}},"fnMap":{"0":{"name":"(anonymous_0)","decl":{"start":{"line":8,"column":4},"end":{"line":8,"column":16}},"loc":{"start":{"line":8,"column":80},"end":{"line":13,"column":5}}},"1":{"name":"(anonymous_1)","decl":{"start":{"line":15,"column":4},"end":{"line":15,"column":12}},"loc":{"start":{"line":15,"column":12},"end":{"line":22,"column":5}}}},"branchMap":{},"s":{"0":10,"1":10,"2":10,"3":10,"4":5,"5":2},"f":{"0":10,"1":5},"b":{}}
,"/home/pablo/Documentos/University/4/LabIngSoft/Proyecto/TIER_APP/src/Domain/Entities/Person.ts": {"path":"/home/pablo/Documentos/University/4/LabIngSoft/Proyecto/TIER_APP/src/Domain/Entities/Person.ts","statementMap":{"0":{"start":{"line":1,"column":0},"end":{"line":1,"column":59}},"1":{"start":{"line":2,"column":0},"end":{"line":2,"column":40}},"2":{"start":{"line":3,"column":0},"end":{"line":3,"column":48}},"3":{"start":{"line":16,"column":8},"end":{"line":16,"column":47}},"4":{"start":{"line":17,"column":8},"end":{"line":19,"column":9}},"5":{"start":{"line":18,"column":12},"end":{"line":18,"column":50}},"6":{"start":{"line":20,"column":8},"end":{"line":20,"column":21}},"7":{"start":{"line":21,"column":8},"end":{"line":21,"column":25}},"8":{"start":{"line":22,"column":8},"end":{"line":22,"column":27}},"9":{"start":{"line":23,"column":8},"end":{"line":23,"column":37}},"10":{"start":{"line":24,"column":8},"end":{"line":24,"column":25}},"11":{"start":{"line":27,"column":8},"end":{"line":29,"column":9}},"12":{"start":{"line":28,"column":12},"end":{"line":28,"column":50}},"13":{"start":{"line":33,"column":8},"end":{"line":33,"column":45}},"14":{"start":{"line":37,"column":8},"end":{"line":37,"column":79}},"15":{"start":{"line":41,"column":8},"end":{"line":41,"column":86}},"16":{"start":{"line":46,"column":8},"end":{"line":52,"column":10}},"17":{"start":{"line":56,"column":0},"end":{"line":56,"column":22}}},"fnMap":{"0":{"name":"(anonymous_1)","decl":{"start":{"line":14,"column":4},"end":{"line":14,"column":16}},"loc":{"start":{"line":14,"column":94},"end":{"line":25,"column":5}}},"1":{"name":"(anonymous_2)","decl":{"start":{"line":26,"column":12},"end":{"line":26,"column":33}},"loc":{"start":{"line":26,"column":59},"end":{"line":30,"column":5}}},"2":{"name":"(anonymous_3)","decl":{"start":{"line":32,"column":4},"end":{"line":32,"column":11}},"loc":{"start":{"line":32,"column":11},"end":{"line":34,"column":5}}},"3":{"name":"(anonymous_4)","decl":{"start":{"line":36,"column":4},"end":{"line":36,"column":17}},"loc":{"start":{"line":36,"column":17},"end":{"line":38,"column":5}}},"4":{"name":"(anonymous_5)","decl":{"start":{"line":40,"column":4},"end":{"line":40,"column":8}},"loc":{"start":{"line":40,"column":8},"end":{"line":42,"column":5}}},"5":{"name":"(anonymous_6)","decl":{"start":{"line":45,"column":4},"end":{"line":45,"column":12}},"loc":{"start":{"line":45,"column":12},"end":{"line":53,"column":5}}}},"branchMap":{"0":{"loc":{"start":{"line":17,"column":8},"end":{"line":19,"column":9}},"type":"if","locations":[{"start":{"line":17,"column":8},"end":{"line":19,"column":9}}]},"1":{"loc":{"start":{"line":27,"column":8},"end":{"line":29,"column":9}},"type":"if","locations":[{"start":{"line":27,"column":8},"end":{"line":29,"column":9}}]},"2":{"loc":{"start":{"line":27,"column":12},"end":{"line":27,"column":96}},"type":"binary-expr","locations":[{"start":{"line":27,"column":12},"end":{"line":27,"column":31}},{"start":{"line":27,"column":35},"end":{"line":27,"column":96}}]},"3":{"loc":{"start":{"line":37,"column":15},"end":{"line":37,"column":78}},"type":"cond-expr","locations":[{"start":{"line":37,"column":33},"end":{"line":37,"column":71}},{"start":{"line":37,"column":74},"end":{"line":37,"column":78}}]},"4":{"loc":{"start":{"line":50,"column":24},"end":{"line":50,"column":87}},"type":"cond-expr","locations":[{"start":{"line":50,"column":42},"end":{"line":50,"column":80}},{"start":{"line":50,"column":83},"end":{"line":50,"column":87}}]}},"s":{"0":7,"1":7,"2":7,"3":62,"4":61,"5":0,"6":61,"7":61,"8":61,"9":61,"10":61,"11":62,"12":1,"13":64,"14":13,"15":2,"16":18,"17":7},"f":{"0":62,"1":62,"2":64,"3":13,"4":2,"5":18},"b":{"0":[0],"1":[1],"2":[62,43],"3":[12,1],"4":[15,3]}}
,"/home/pablo/Documentos/University/4/LabIngSoft/Proyecto/TIER_APP/src/Domain/Entities/Reservation.ts": {"path":"/home/pablo/Documentos/University/4/LabIngSoft/Proyecto/TIER_APP/src/Domain/Entities/Reservation.ts","statementMap":{"0":{"start":{"line":15,"column":8},"end":{"line":15,"column":37}},"1":{"start":{"line":16,"column":8},"end":{"line":16,"column":21}},"2":{"start":{"line":17,"column":8},"end":{"line":17,"column":27}},"3":{"start":{"line":18,"column":8},"end":{"line":18,"column":33}},"4":{"start":{"line":19,"column":8},"end":{"line":19,"column":35}},"5":{"start":{"line":20,"column":8},"end":{"line":20,"column":33}},"6":{"start":{"line":21,"column":8},"end":{"line":21,"column":41}},"7":{"start":{"line":22,"column":8},"end":{"line":22,"column":39}},"8":{"start":{"line":23,"column":8},"end":{"line":23,"column":27}},"9":{"start":{"line":24,"column":8},"end":{"line":24,"column":33}},"10":{"start":{"line":28,"column":8},"end":{"line":30,"column":9}},"11":{"start":{"line":29,"column":12},"end":{"line":29,"column":55}},"12":{"start":{"line":34,"column":24},"end":{"line":34,"column":82}},"13":{"start":{"line":35,"column":8},"end":{"line":35,"column":36}},"14":{"start":{"line":39,"column":8},"end":{"line":39,"column":39}},"15":{"start":{"line":43,"column":8},"end":{"line":43,"column":52}},"16":{"start":{"line":47,"column":8},"end":{"line":57,"column":10}},"17":{"start":{"line":56,"column":58},"end":{"line":56,"column":88}},"18":{"start":{"line":61,"column":0},"end":{"line":61,"column":27}}},"fnMap":{"0":{"name":"(anonymous_0)","decl":{"start":{"line":14,"column":4},"end":{"line":14,"column":16}},"loc":{"start":{"line":14,"column":172},"end":{"line":25,"column":5}}},"1":{"name":"(anonymous_1)","decl":{"start":{"line":27,"column":12},"end":{"line":27,"column":28}},"loc":{"start":{"line":27,"column":42},"end":{"line":31,"column":5}}},"2":{"name":"(anonymous_2)","decl":{"start":{"line":33,"column":4},"end":{"line":33,"column":12}},"loc":{"start":{"line":33,"column":12},"end":{"line":36,"column":5}}},"3":{"name":"(anonymous_3)","decl":{"start":{"line":38,"column":4},"end":{"line":38,"column":17}},"loc":{"start":{"line":38,"column":17},"end":{"line":40,"column":5}}},"4":{"name":"(anonymous_4)","decl":{"start":{"line":42,"column":4},"end":{"line":42,"column":20}},"loc":{"start":{"line":42,"column":20},"end":{"line":44,"column":5}}},"5":{"name":"(anonymous_5)","decl":{"start":{"line":46,"column":4},"end":{"line":46,"column":12}},"loc":{"start":{"line":46,"column":12},"end":{"line":58,"column":5}}},"6":{"name":"(anonymous_6)","decl":{"start":{"line":56,"column":45},"end":{"line":56,"column":46}},"loc":{"start":{"line":56,"column":58},"end":{"line":56,"column":88}}}},"branchMap":{"0":{"loc":{"start":{"line":28,"column":8},"end":{"line":30,"column":9}},"type":"if","locations":[{"start":{"line":28,"column":8},"end":{"line":30,"column":9}}]},"1":{"loc":{"start":{"line":28,"column":14},"end":{"line":28,"column":87}},"type":"binary-expr","locations":[{"start":{"line":28,"column":14},"end":{"line":28,"column":32}},{"start":{"line":28,"column":36},"end":{"line":28,"column":67}},{"start":{"line":28,"column":71},"end":{"line":28,"column":87}}]}},"s":{"0":23,"1":23,"2":23,"3":23,"4":23,"5":23,"6":23,"7":23,"8":23,"9":23,"10":23,"11":0,"12":3,"13":3,"14":0,"15":0,"16":19,"17":19,"18":2},"f":{"0":23,"1":23,"2":3,"3":0,"4":0,"5":19,"6":19},"b":{"0":[0],"1":[23,5,4]}}
,"/home/pablo/Documentos/University/4/LabIngSoft/Proyecto/TIER_APP/src/Domain/Entities/Space.ts": {"path":"/home/pablo/Documentos/University/4/LabIngSoft/Proyecto/TIER_APP/src/Domain/Entities/Space.ts","statementMap":{"0":{"start":{"line":1,"column":0},"end":{"line":1,"column":74}},"1":{"start":{"line":4,"column":0},"end":{"line":4,"column":72}},"2":{"start":{"line":24,"column":8},"end":{"line":24,"column":21}},"3":{"start":{"line":25,"column":8},"end":{"line":25,"column":25}},"4":{"start":{"line":26,"column":8},"end":{"line":26,"column":37}},"5":{"start":{"line":27,"column":8},"end":{"line":27,"column":41}},"6":{"start":{"line":28,"column":8},"end":{"line":28,"column":33}},"7":{"start":{"line":29,"column":8},"end":{"line":29,"column":33}},"8":{"start":{"line":30,"column":8},"end":{"line":30,"column":35}},"9":{"start":{"line":31,"column":8},"end":{"line":31,"column":33}},"10":{"start":{"line":32,"column":8},"end":{"line":32,"column":27}},"11":{"start":{"line":33,"column":8},"end":{"line":33,"column":25}},"12":{"start":{"line":34,"column":8},"end":{"line":34,"column":59}},"13":{"start":{"line":35,"column":8},"end":{"line":35,"column":25}},"14":{"start":{"line":36,"column":8},"end":{"line":36,"column":37}},"15":{"start":{"line":37,"column":8},"end":{"line":37,"column":39}},"16":{"start":{"line":38,"column":8},"end":{"line":40,"column":9}},"17":{"start":{"line":39,"column":12},"end":{"line":39,"column":56}},"18":{"start":{"line":45,"column":8},"end":{"line":45,"column":79}},"19":{"start":{"line":49,"column":8},"end":{"line":53,"column":9}},"20":{"start":{"line":50,"column":12},"end":{"line":50,"column":46}},"21":{"start":{"line":52,"column":12},"end":{"line":52,"column":42}},"22":{"start":{"line":57,"column":8},"end":{"line":57,"column":40}},"23":{"start":{"line":62,"column":8},"end":{"line":72,"column":10}},"24":{"start":{"line":67,"column":16},"end":{"line":69,"column":65}},"25":{"start":{"line":79,"column":8},"end":{"line":93,"column":10}},"26":{"start":{"line":98,"column":0},"end":{"line":98,"column":21}}},"fnMap":{"0":{"name":"(anonymous_1)","decl":{"start":{"line":22,"column":4},"end":{"line":22,"column":16}},"loc":{"start":{"line":23,"column":161},"end":{"line":42,"column":5}}},"1":{"name":"(anonymous_2)","decl":{"start":{"line":44,"column":4},"end":{"line":44,"column":28}},"loc":{"start":{"line":44,"column":28},"end":{"line":46,"column":5}}},"2":{"name":"(anonymous_3)","decl":{"start":{"line":48,"column":4},"end":{"line":48,"column":17}},"loc":{"start":{"line":48,"column":17},"end":{"line":54,"column":5}}},"3":{"name":"(anonymous_4)","decl":{"start":{"line":56,"column":4},"end":{"line":56,"column":16}},"loc":{"start":{"line":56,"column":16},"end":{"line":58,"column":5}}},"4":{"name":"(anonymous_5)","decl":{"start":{"line":60,"column":4},"end":{"line":60,"column":17}},"loc":{"start":{"line":60,"column":66},"end":{"line":73,"column":5}}},"5":{"name":"(anonymous_6)","decl":{"start":{"line":66,"column":27},"end":{"line":66,"column":34}},"loc":{"start":{"line":67,"column":16},"end":{"line":69,"column":65}}},"6":{"name":"(anonymous_7)","decl":{"start":{"line":75,"column":4},"end":{"line":75,"column":12}},"loc":{"start":{"line":75,"column":12},"end":{"line":94,"column":5}}}},"branchMap":{"0":{"loc":{"start":{"line":37,"column":24},"end":{"line":37,"column":38}},"type":"cond-expr","locations":[{"start":{"line":37,"column":24},"end":{"line":37,"column":32}},{"start":{"line":37,"column":36},"end":{"line":37,"column":38}}]},"1":{"loc":{"start":{"line":37,"column":24},"end":{"line":37,"column":36}},"type":"binary-expr","locations":[{"start":{"line":37,"column":24},"end":{"line":37,"column":36}},{"start":{"line":37,"column":24},"end":{"line":37,"column":36}}]},"2":{"loc":{"start":{"line":38,"column":8},"end":{"line":40,"column":9}},"type":"if","locations":[{"start":{"line":38,"column":8},"end":{"line":40,"column":9}}]},"3":{"loc":{"start":{"line":49,"column":8},"end":{"line":53,"column":9}},"type":"if","locations":[{"start":{"line":49,"column":8},"end":{"line":53,"column":9}},{"start":{"line":51,"column":15},"end":{"line":53,"column":9}}]},"4":{"loc":{"start":{"line":63,"column":12},"end":{"line":71,"column":122}},"type":"binary-expr","locations":[{"start":{"line":63,"column":12},"end":{"line":63,"column":34}},{"start":{"line":64,"column":13},"end":{"line":64,"column":54}},{"start":{"line":64,"column":58},"end":{"line":64,"column":101}},{"start":{"line":64,"column":105},"end":{"line":64,"column":154}},{"start":{"line":65,"column":12},"end":{"line":65,"column":67}},{"start":{"line":66,"column":12},"end":{"line":69,"column":66}},{"start":{"line":70,"column":12},"end":{"line":70,"column":124}},{"start":{"line":71,"column":12},"end":{"line":71,"column":122}}]},"5":{"loc":{"start":{"line":65,"column":14},"end":{"line":65,"column":66}},"type":"binary-expr","locations":[{"start":{"line":65,"column":14},"end":{"line":65,"column":38}},{"start":{"line":65,"column":42},"end":{"line":65,"column":66}}]},"6":{"loc":{"start":{"line":67,"column":16},"end":{"line":69,"column":65}},"type":"binary-expr","locations":[{"start":{"line":67,"column":16},"end":{"line":67,"column":57}},{"start":{"line":68,"column":16},"end":{"line":68,"column":59}},{"start":{"line":69,"column":16},"end":{"line":69,"column":65}}]},"7":{"loc":{"start":{"line":92,"column":24},"end":{"line":92,"column":82}},"type":"cond-expr","locations":[{"start":{"line":92,"column":62},"end":{"line":92,"column":77}},{"start":{"line":92,"column":80},"end":{"line":92,"column":82}}]}},"s":{"0":6,"1":6,"2":50,"3":50,"4":50,"5":50,"6":50,"7":50,"8":50,"9":50,"10":50,"11":50,"12":50,"13":50,"14":50,"15":50,"16":50,"17":0,"18":103,"19":12,"20":11,"21":1,"22":33,"23":32,"24":1,"25":57,"26":6},"f":{"0":50,"1":103,"2":12,"3":33,"4":32,"5":1,"6":57},"b":{"0":[14,36],"1":[50,50],"2":[0],"3":[11,1],"4":[32,32,32,32,32,32,32,32],"5":[32,32],"6":[1,0,0],"7":[57,0]}}
,"/home/pablo/Documentos/University/4/LabIngSoft/Proyecto/TIER_APP/src/Domain/Factories/ReservationFactory.ts": {"path":"/home/pablo/Documentos/University/4/LabIngSoft/Proyecto/TIER_APP/src/Domain/Factories/ReservationFactory.ts","statementMap":{"0":{"start":{"line":3,"column":0},"end":{"line":3,"column":55}},"1":{"start":{"line":6,"column":0},"end":{"line":6,"column":62}},"2":{"start":{"line":14,"column":20},"end":{"line":14,"column":163}},"3":{"start":{"line":15,"column":8},"end":{"line":17,"column":9}},"4":{"start":{"line":16,"column":12},"end":{"line":16,"column":72}},"5":{"start":{"line":19,"column":8},"end":{"line":21,"column":9}},"6":{"start":{"line":20,"column":12},"end":{"line":20,"column":107}},"7":{"start":{"line":23,"column":8},"end":{"line":33,"column":10}},"8":{"start":{"line":10,"column":0},"end":{"line":10,"column":13}}},"fnMap":{"0":{"name":"(anonymous_1)","decl":{"start":{"line":13,"column":4},"end":{"line":13,"column":10}},"loc":{"start":{"line":13,"column":294},"end":{"line":34,"column":5}}}},"branchMap":{"0":{"loc":{"start":{"line":15,"column":8},"end":{"line":17,"column":9}},"type":"if","locations":[{"start":{"line":15,"column":8},"end":{"line":17,"column":9}}]},"1":{"loc":{"start":{"line":16,"column":52},"end":{"line":16,"column":70}},"type":"cond-expr","locations":[{"start":{"line":16,"column":61},"end":{"line":16,"column":63}},{"start":{"line":16,"column":61},"end":{"line":16,"column":70}}]},"2":{"loc":{"start":{"line":16,"column":52},"end":{"line":16,"column":63}},"type":"binary-expr","locations":[{"start":{"line":16,"column":52},"end":{"line":16,"column":63}},{"start":{"line":16,"column":61},"end":{"line":16,"column":63}}]},"3":{"loc":{"start":{"line":19,"column":8},"end":{"line":21,"column":9}},"type":"if","locations":[{"start":{"line":19,"column":8},"end":{"line":21,"column":9}}]}},"s":{"0":1,"1":1,"2":1,"3":1,"4":0,"5":1,"6":0,"7":1,"8":1},"f":{"0":1},"b":{"0":[0],"1":[0,0],"2":[0,0],"3":[0]}}
,"/home/pablo/Documentos/University/4/LabIngSoft/Proyecto/TIER_APP/src/Domain/Policies/Departmentpolicy.ts": {"path":"/home/pablo/Documentos/University/4/LabIngSoft/Proyecto/TIER_APP/src/Domain/Policies/Departmentpolicy.ts","statementMap":{"0":{"start":{"line":2,"column":0},"end":{"line":2,"column":53}},"1":{"start":{"line":10,"column":8},"end":{"line":13,"column":9}},"2":{"start":{"line":12,"column":12},"end":{"line":12,"column":25}},"3":{"start":{"line":15,"column":8},"end":{"line":17,"column":9}},"4":{"start":{"line":16,"column":12},"end":{"line":16,"column":54}},"5":{"start":{"line":19,"column":8},"end":{"line":21,"column":9}},"6":{"start":{"line":20,"column":12},"end":{"line":20,"column":24}},"7":{"start":{"line":24,"column":8},"end":{"line":26,"column":9}},"8":{"start":{"line":25,"column":12},"end":{"line":25,"column":24}},"9":{"start":{"line":28,"column":8},"end":{"line":28,"column":21}},"10":{"start":{"line":32,"column":8},"end":{"line":32,"column":89}},"11":{"start":{"line":36,"column":8},"end":{"line":40,"column":10}},"12":{"start":{"line":44,"column":8},"end":{"line":44,"column":62}},"13":{"start":{"line":49,"column":8},"end":{"line":49,"column":null}},"14":{"start":{"line":53,"column":0},"end":{"line":53,"column":32}}},"fnMap":{"0":{"name":"(anonymous_0)","decl":{"start":{"line":9,"column":4},"end":{"line":9,"column":10}},"loc":{"start":{"line":9,"column":66},"end":{"line":29,"column":5}}},"1":{"name":"(anonymous_1)","decl":{"start":{"line":31,"column":12},"end":{"line":31,"column":18}},"loc":{"start":{"line":31,"column":53},"end":{"line":33,"column":5}}},"2":{"name":"(anonymous_2)","decl":{"start":{"line":35,"column":12},"end":{"line":35,"column":18}},"loc":{"start":{"line":35,"column":59},"end":{"line":41,"column":5}}},"3":{"name":"(anonymous_3)","decl":{"start":{"line":43,"column":12},"end":{"line":43,"column":18}},"loc":{"start":{"line":43,"column":59},"end":{"line":45,"column":5}}},"4":{"name":"(anonymous_4)","decl":{"start":{"line":48,"column":12},"end":{"line":48,"column":18}},"loc":{"start":{"line":48,"column":59},"end":{"line":50,"column":5}}}},"branchMap":{"0":{"loc":{"start":{"line":10,"column":8},"end":{"line":13,"column":9}},"type":"if","locations":[{"start":{"line":10,"column":8},"end":{"line":13,"column":9}}]},"1":{"loc":{"start":{"line":10,"column":12},"end":{"line":10,"column":140}},"type":"binary-expr","locations":[{"start":{"line":10,"column":13},"end":{"line":10,"column":47}},{"start":{"line":10,"column":51},"end":{"line":10,"column":70}},{"start":{"line":10,"column":76},"end":{"line":10,"column":116}},{"start":{"line":10,"column":120},"end":{"line":10,"column":139}}]},"2":{"loc":{"start":{"line":15,"column":8},"end":{"line":17,"column":9}},"type":"if","locations":[{"start":{"line":15,"column":8},"end":{"line":17,"column":9}}]},"3":{"loc":{"start":{"line":15,"column":12},"end":{"line":15,"column":75}},"type":"binary-expr","locations":[{"start":{"line":15,"column":12},"end":{"line":15,"column":52}},{"start":{"line":15,"column":56},"end":{"line":15,"column":75}}]},"4":{"loc":{"start":{"line":19,"column":8},"end":{"line":21,"column":9}},"type":"if","locations":[{"start":{"line":19,"column":8},"end":{"line":21,"column":9}}]},"5":{"loc":{"start":{"line":19,"column":12},"end":{"line":19,"column":69}},"type":"binary-expr","locations":[{"start":{"line":19,"column":12},"end":{"line":19,"column":46}},{"start":{"line":19,"column":50},"end":{"line":19,"column":69}}]},"6":{"loc":{"start":{"line":24,"column":8},"end":{"line":26,"column":9}},"type":"if","locations":[{"start":{"line":24,"column":8},"end":{"line":26,"column":9}}]},"7":{"loc":{"start":{"line":32,"column":15},"end":{"line":32,"column":88}},"type":"binary-expr","locations":[{"start":{"line":32,"column":15},"end":{"line":32,"column":36}},{"start":{"line":32,"column":40},"end":{"line":32,"column":63}},{"start":{"line":32,"column":67},"end":{"line":32,"column":88}}]},"8":{"loc":{"start":{"line":37,"column":12},"end":{"line":39,"column":47}},"type":"binary-expr","locations":[{"start":{"line":37,"column":12},"end":{"line":37,"column":42}},{"start":{"line":38,"column":12},"end":{"line":38,"column":44}},{"start":{"line":39,"column":12},"end":{"line":39,"column":47}}]}},"s":{"0":8,"1":74,"2":6,"3":68,"4":46,"5":22,"6":22,"7":0,"8":0,"9":0,"10":96,"11":139,"12":46,"13":0,"14":8},"f":{"0":74,"1":96,"2":139,"3":46,"4":0},"b":{"0":[6],"1":[74,25,71,49],"2":[46],"3":[68,46],"4":[22],"5":[22,22],"6":[0],"7":[96,79,66],"8":[139,110,75]}}
,"/home/pablo/Documentos/University/4/LabIngSoft/Proyecto/TIER_APP/src/Domain/Policies/ReservationPolicy.ts": {"path":"/home/pablo/Documentos/University/4/LabIngSoft/Proyecto/TIER_APP/src/Domain/Policies/ReservationPolicy.ts","statementMap":{"0":{"start":{"line":6,"column":0},"end":{"line":6,"column":111}},"1":{"start":{"line":11,"column":29},"end":{"line":11,"column":30}},"2":{"start":{"line":12,"column":8},"end":{"line":17,"column":9}},"3":{"start":{"line":13,"column":29},"end":{"line":13,"column":45}},"4":{"start":{"line":14,"column":12},"end":{"line":16,"column":13}},"5":{"start":{"line":15,"column":16},"end":{"line":15,"column":56}},"6":{"start":{"line":18,"column":8},"end":{"line":18,"column":46}},"7":{"start":{"line":24,"column":8},"end":{"line":26,"column":9}},"8":{"start":{"line":25,"column":12},"end":{"line":25,"column":106}},"9":{"start":{"line":31,"column":8},"end":{"line":65,"column":9}},"10":{"start":{"line":32,"column":12},"end":{"line":34,"column":13}},"11":{"start":{"line":33,"column":16},"end":{"line":33,"column":147}},"12":{"start":{"line":35,"column":28},"end":{"line":35,"column":76}},"13":{"start":{"line":36,"column":12},"end":{"line":38,"column":13}},"14":{"start":{"line":37,"column":16},"end":{"line":37,"column":152}},"15":{"start":{"line":40,"column":12},"end":{"line":42,"column":13}},"16":{"start":{"line":41,"column":16},"end":{"line":41,"column":162}},"17":{"start":{"line":44,"column":25},"end":{"line":44,"column":51}},"18":{"start":{"line":45,"column":12},"end":{"line":64,"column":13}},"19":{"start":{"line":47,"column":16},"end":{"line":63,"column":17}},"20":{"start":{"line":49,"column":24},"end":{"line":51,"column":25}},"21":{"start":{"line":50,"column":28},"end":{"line":50,"column":174}},"22":{"start":{"line":52,"column":24},"end":{"line":52,"column":30}},"23":{"start":{"line":54,"column":24},"end":{"line":56,"column":25}},"24":{"start":{"line":55,"column":28},"end":{"line":55,"column":174}},"25":{"start":{"line":57,"column":24},"end":{"line":57,"column":30}},"26":{"start":{"line":59,"column":24},"end":{"line":61,"column":25}},"27":{"start":{"line":60,"column":28},"end":{"line":60,"column":174}},"28":{"start":{"line":62,"column":24},"end":{"line":62,"column":30}},"29":{"start":{"line":66,"column":8},"end":{"line":66,"column":36}},"30":{"start":{"line":70,"column":8},"end":{"line":72,"column":9}},"31":{"start":{"line":71,"column":12},"end":{"line":71,"column":25}},"32":{"start":{"line":73,"column":8},"end":{"line":73,"column":20}},"33":{"start":{"line":79,"column":0},"end":{"line":79,"column":33}}},"fnMap":{"0":{"name":"(anonymous_0)","decl":{"start":{"line":10,"column":12},"end":{"line":10,"column":18}},"loc":{"start":{"line":10,"column":75},"end":{"line":19,"column":5}}},"1":{"name":"(anonymous_1)","decl":{"start":{"line":22,"column":4},"end":{"line":22,"column":10}},"loc":{"start":{"line":22,"column":128},"end":{"line":67,"column":5}}},"2":{"name":"(anonymous_2)","decl":{"start":{"line":69,"column":4},"end":{"line":69,"column":10}},"loc":{"start":{"line":69,"column":58},"end":{"line":75,"column":5}}}},"branchMap":{"0":{"loc":{"start":{"line":14,"column":12},"end":{"line":16,"column":13}},"type":"if","locations":[{"start":{"line":14,"column":12},"end":{"line":16,"column":13}}]},"1":{"loc":{"start":{"line":24,"column":8},"end":{"line":26,"column":9}},"type":"if","locations":[{"start":{"line":24,"column":8},"end":{"line":26,"column":9}}]},"2":{"loc":{"start":{"line":32,"column":12},"end":{"line":34,"column":13}},"type":"if","locations":[{"start":{"line":32,"column":12},"end":{"line":34,"column":13}}]},"3":{"loc":{"start":{"line":36,"column":12},"end":{"line":38,"column":13}},"type":"if","locations":[{"start":{"line":36,"column":12},"end":{"line":38,"column":13}}]},"4":{"loc":{"start":{"line":40,"column":12},"end":{"line":42,"column":13}},"type":"if","locations":[{"start":{"line":40,"column":12},"end":{"line":42,"column":13}}]},"5":{"loc":{"start":{"line":45,"column":12},"end":{"line":64,"column":13}},"type":"if","locations":[{"start":{"line":45,"column":12},"end":{"line":64,"column":13}}]},"6":{"loc":{"start":{"line":45,"column":16},"end":{"line":45,"column":70}},"type":"binary-expr","locations":[{"start":{"line":45,"column":16},"end":{"line":45,"column":37}},{"start":{"line":45,"column":41},"end":{"line":45,"column":70}}]},"7":{"loc":{"start":{"line":47,"column":16},"end":{"line":63,"column":17}},"type":"switch","locations":[{"start":{"line":48,"column":20},"end":{"line":52,"column":30}},{"start":{"line":53,"column":20},"end":{"line":57,"column":30}},{"start":{"line":58,"column":20},"end":{"line":62,"column":30}}]},"8":{"loc":{"start":{"line":49,"column":24},"end":{"line":51,"column":25}},"type":"if","locations":[{"start":{"line":49,"column":24},"end":{"line":51,"column":25}}]},"9":{"loc":{"start":{"line":49,"column":28},"end":{"line":49,"column":187}},"type":"binary-expr","locations":[{"start":{"line":49,"column":29},"end":{"line":49,"column":64}},{"start":{"line":49,"column":68},"end":{"line":49,"column":98}},{"start":{"line":49,"column":102},"end":{"line":49,"column":134}},{"start":{"line":49,"column":139},"end":{"line":49,"column":187}}]},"10":{"loc":{"start":{"line":54,"column":24},"end":{"line":56,"column":25}},"type":"if","locations":[{"start":{"line":54,"column":24},"end":{"line":56,"column":25}}]},"11":{"loc":{"start":{"line":54,"column":28},"end":{"line":54,"column":148}},"type":"binary-expr","locations":[{"start":{"line":54,"column":29},"end":{"line":54,"column":59}},{"start":{"line":54,"column":63},"end":{"line":54,"column":95}},{"start":{"line":54,"column":100},"end":{"line":54,"column":148}}]},"12":{"loc":{"start":{"line":59,"column":24},"end":{"line":61,"column":25}},"type":"if","locations":[{"start":{"line":59,"column":24},"end":{"line":61,"column":25}}]},"13":{"loc":{"start":{"line":59,"column":29},"end":{"line":59,"column":227}},"type":"binary-expr","locations":[{"start":{"line":59,"column":30},"end":{"line":59,"column":65}},{"start":{"line":59,"column":69},"end":{"line":59,"column":99}},{"start":{"line":59,"column":103},"end":{"line":59,"column":135}},{"start":{"line":59,"column":141},"end":{"line":59,"column":189}},{"start":{"line":59,"column":193},"end":{"line":59,"column":226}}]},"14":{"loc":{"start":{"line":70,"column":8},"end":{"line":72,"column":9}},"type":"if","locations":[{"start":{"line":70,"column":8},"end":{"line":72,"column":9}}]}},"s":{"0":2,"1":32,"2":32,"3":32,"4":32,"5":32,"6":32,"7":32,"8":0,"9":32,"10":32,"11":0,"12":32,"13":32,"14":0,"15":32,"16":7,"17":25,"18":25,"19":20,"20":5,"21":1,"22":4,"23":3,"24":1,"25":2,"26":4,"27":0,"28":4,"29":23,"30":1,"31":0,"32":1,"33":2},"f":{"0":32,"1":32,"2":1},"b":{"0":[32],"1":[0],"2":[0],"3":[0],"4":[7],"5":[20],"6":[25,20],"7":[5,3,4],"8":[1],"9":[5,4,2,4],"10":[1],"11":[3,1,3],"12":[0],"13":[4,3,2,3,0],"14":[0]}}
,"/home/pablo/Documentos/University/4/LabIngSoft/Proyecto/TIER_APP/src/Domain/Policies/SpaceAssignationPolicy.ts": {"path":"/home/pablo/Documentos/University/4/LabIngSoft/Proyecto/TIER_APP/src/Domain/Policies/SpaceAssignationPolicy.ts","statementMap":{"0":{"start":{"line":1,"column":0},"end":{"line":1,"column":45}},"1":{"start":{"line":4,"column":0},"end":{"line":4,"column":81}},"2":{"start":{"line":12,"column":36},"end":{"line":12,"column":103}},"3":{"start":{"line":13,"column":8},"end":{"line":15,"column":9}},"4":{"start":{"line":14,"column":12},"end":{"line":14,"column":25}},"5":{"start":{"line":16,"column":8},"end":{"line":18,"column":9}},"6":{"start":{"line":17,"column":12},"end":{"line":17,"column":25}},"7":{"start":{"line":19,"column":8},"end":{"line":21,"column":9}},"8":{"start":{"line":20,"column":12},"end":{"line":20,"column":25}},"9":{"start":{"line":23,"column":8},"end":{"line":23,"column":20}},"10":{"start":{"line":28,"column":0},"end":{"line":28,"column":38}}},"fnMap":{"0":{"name":"(anonymous_1)","decl":{"start":{"line":10,"column":4},"end":{"line":10,"column":10}},"loc":{"start":{"line":10,"column":67},"end":{"line":24,"column":5}}}},"branchMap":{"0":{"loc":{"start":{"line":13,"column":8},"end":{"line":15,"column":9}},"type":"if","locations":[{"start":{"line":13,"column":8},"end":{"line":15,"column":9}}]},"1":{"loc":{"start":{"line":13,"column":11},"end":{"line":13,"column":161}},"type":"binary-expr","locations":[{"start":{"line":13,"column":12},"end":{"line":13,"column":69}},{"start":{"line":13,"column":73},"end":{"line":13,"column":132}},{"start":{"line":13,"column":137},"end":{"line":13,"column":161}}]},"2":{"loc":{"start":{"line":16,"column":8},"end":{"line":18,"column":9}},"type":"if","locations":[{"start":{"line":16,"column":8},"end":{"line":18,"column":9}}]},"3":{"loc":{"start":{"line":16,"column":11},"end":{"line":16,"column":269}},"type":"binary-expr","locations":[{"start":{"line":16,"column":12},"end":{"line":16,"column":70}},{"start":{"line":16,"column":74},"end":{"line":16,"column":134}},{"start":{"line":16,"column":140},"end":{"line":16,"column":164}},{"start":{"line":16,"column":169},"end":{"line":16,"column":268}}]},"4":{"loc":{"start":{"line":16,"column":171},"end":{"line":16,"column":267}},"type":"binary-expr","locations":[{"start":{"line":16,"column":171},"end":{"line":16,"column":202}},{"start":{"line":16,"column":206},"end":{"line":16,"column":267}}]},"5":{"loc":{"start":{"line":19,"column":8},"end":{"line":21,"column":9}},"type":"if","locations":[{"start":{"line":19,"column":8},"end":{"line":21,"column":9}}]},"6":{"loc":{"start":{"line":19,"column":11},"end":{"line":19,"column":335}},"type":"binary-expr","locations":[{"start":{"line":19,"column":12},"end":{"line":19,"column":66}},{"start":{"line":19,"column":72},"end":{"line":19,"column":230}},{"start":{"line":19,"column":234},"end":{"line":19,"column":333}}]},"7":{"loc":{"start":{"line":19,"column":74},"end":{"line":19,"column":229}},"type":"binary-expr","locations":[{"start":{"line":19,"column":74},"end":{"line":19,"column":103}},{"start":{"line":19,"column":108},"end":{"line":19,"column":165}},{"start":{"line":19,"column":169},"end":{"line":19,"column":228}}]},"8":{"loc":{"start":{"line":19,"column":236},"end":{"line":19,"column":332}},"type":"binary-expr","locations":[{"start":{"line":19,"column":236},"end":{"line":19,"column":267}},{"start":{"line":19,"column":271},"end":{"line":19,"column":332}}]}},"s":{"0":6,"1":6,"2":50,"3":50,"4":0,"5":50,"6":0,"7":50,"8":0,"9":50,"10":6},"f":{"0":50},"b":{"0":[0],"1":[50,40,16],"2":[0],"3":[50,40,18,13],"4":[13,13],"5":[0],"6":[50,16,12],"7":[16,4,0],"8":[12,12]}}
,"/home/pablo/Documentos/University/4/LabIngSoft/Proyecto/TIER_APP/src/Domain/ValueObjects/ReservabilityCategory.ts": {"path":"/home/pablo/Documentos/University/4/LabIngSoft/Proyecto/TIER_APP/src/Domain/ValueObjects/ReservabilityCategory.ts","statementMap":{"0":{"start":{"line":1,"column":0},"end":{"line":1,"column":53}},"1":{"start":{"line":7,"column":8},"end":{"line":9,"column":9}},"2":{"start":{"line":8,"column":12},"end":{"line":8,"column":50}},"3":{"start":{"line":10,"column":8},"end":{"line":10,"column":25}},"4":{"start":{"line":14,"column":8},"end":{"line":14,"column":25}},"5":{"start":{"line":19,"column":0},"end":{"line":19,"column":37}}},"fnMap":{"0":{"name":"(anonymous_0)","decl":{"start":{"line":6,"column":4},"end":{"line":6,"column":16}},"loc":{"start":{"line":6,"column":43},"end":{"line":11,"column":5}}},"1":{"name":"(anonymous_1)","decl":{"start":{"line":13,"column":4},"end":{"line":13,"column":11}},"loc":{"start":{"line":13,"column":11},"end":{"line":15,"column":5}}}},"branchMap":{"0":{"loc":{"start":{"line":7,"column":8},"end":{"line":9,"column":9}},"type":"if","locations":[{"start":{"line":7,"column":8},"end":{"line":9,"column":9}}]}},"s":{"0":6,"1":160,"2":0,"3":160,"4":357,"5":6},"f":{"0":160,"1":357},"b":{"0":[0]}}
,"/home/pablo/Documentos/University/4/LabIngSoft/Proyecto/TIER_APP/src/Domain/ValueObjects/Role.ts": {"path":"/home/pablo/Documentos/University/4/LabIngSoft/Proyecto/TIER_APP/src/Domain/ValueObjects/Role.ts","statementMap":{"0":{"start":{"line":1,"column":0},"end":{"line":1,"column":36}},"1":{"start":{"line":6,"column":8},"end":{"line":8,"column":9}},"2":{"start":{"line":7,"column":12},"end":{"line":7,"column":50}},"3":{"start":{"line":9,"column":8},"end":{"line":9,"column":25}},"4":{"start":{"line":13,"column":8},"end":{"line":13,"column":25}},"5":{"start":{"line":18,"column":0},"end":{"line":18,"column":20}}},"fnMap":{"0":{"name":"(anonymous_0)","decl":{"start":{"line":5,"column":4},"end":{"line":5,"column":16}},"loc":{"start":{"line":5,"column":26},"end":{"line":10,"column":5}}},"1":{"name":"(anonymous_1)","decl":{"start":{"line":12,"column":4},"end":{"line":12,"column":11}},"loc":{"start":{"line":12,"column":11},"end":{"line":14,"column":5}}}},"branchMap":{"0":{"loc":{"start":{"line":6,"column":8},"end":{"line":8,"column":9}},"type":"if","locations":[{"start":{"line":6,"column":8},"end":{"line":8,"column":9}}]}},"s":{"0":7,"1":130,"2":1,"3":129,"4":205,"5":7},"f":{"0":130,"1":205},"b":{"0":[1]}}
,"/home/pablo/Documentos/University/4/LabIngSoft/Proyecto/TIER_APP/src/Infrastructure/Messaging/Handlers/AuthHandler.ts": {"path":"/home/pablo/Documentos/University/4/LabIngSoft/Proyecto/TIER_APP/src/Infrastructure/Messaging/Handlers/AuthHandler.ts","statementMap":{"0":{"start":{"line":1,"column":0},"end":{"line":1,"column":52}},"1":{"start":{"line":2,"column":0},"end":{"line":2,"column":96}},"2":{"start":{"line":5,"column":0},"end":{"line":5,"column":32}},"3":{"start":{"line":15,"column":18},"end":{"line":15,"column":20}},"4":{"start":{"line":16,"column":8},"end":{"line":29,"column":9}},"5":{"start":{"line":17,"column":12},"end":{"line":23,"column":13}},"6":{"start":{"line":18,"column":30},"end":{"line":18,"column":84}},"7":{"start":{"line":19,"column":16},"end":{"line":21,"column":17}},"8":{"start":{"line":20,"column":20},"end":{"line":20,"column":58}},"9":{"start":{"line":22,"column":16},"end":{"line":22,"column":65}},"10":{"start":{"line":28,"column":12},"end":{"line":28,"column":81}},"11":{"start":{"line":30,"column":8},"end":{"line":30,"column":19}},"12":{"start":{"line":9,"column":19},"end":{"line":9,"column":38}},"13":{"start":{"line":10,"column":19},"end":{"line":10,"column":35}},"14":{"start":{"line":7,"column":21},"end":{"line":7,"column":33}}},"fnMap":{"0":{"name":"(anonymous_8)","decl":{"start":{"line":13,"column":4},"end":{"line":13,"column":10}},"loc":{"start":{"line":13,"column":33},"end":{"line":31,"column":null}}}},"branchMap":{"0":{"loc":{"start":{"line":17,"column":12},"end":{"line":23,"column":13}},"type":"if","locations":[{"start":{"line":17,"column":12},"end":{"line":23,"column":13}}]},"1":{"loc":{"start":{"line":17,"column":16},"end":{"line":17,"column":68}},"type":"binary-expr","locations":[{"start":{"line":17,"column":16},"end":{"line":17,"column":38}},{"start":{"line":17,"column":42},"end":{"line":17,"column":68}}]},"2":{"loc":{"start":{"line":19,"column":16},"end":{"line":21,"column":17}},"type":"if","locations":[{"start":{"line":19,"column":16},"end":{"line":21,"column":17}}]},"3":{"loc":{"start":{"line":19,"column":20},"end":{"line":19,"column":67}},"type":"binary-expr","locations":[{"start":{"line":19,"column":20},"end":{"line":19,"column":45}},{"start":{"line":19,"column":49},"end":{"line":19,"column":67}}]}},"s":{"0":2,"1":2,"2":2,"3":2,"4":2,"5":2,"6":2,"7":2,"8":0,"9":2,"10":0,"11":2,"12":2,"13":2,"14":2},"f":{"0":2},"b":{"0":[2],"1":[2,2],"2":[0],"3":[2,0]}}
,"/home/pablo/Documentos/University/4/LabIngSoft/Proyecto/TIER_APP/src/Infrastructure/Messaging/Handlers/Handler.ts": {"path":"/home/pablo/Documentos/University/4/LabIngSoft/Proyecto/TIER_APP/src/Infrastructure/Messaging/Handlers/Handler.ts","statementMap":{"0":{"start":{"line":6,"column":21},"end":{"line":6,"column":22}},"1":{"start":{"line":7,"column":8},"end":{"line":17,"column":9}},"2":{"start":{"line":8,"column":12},"end":{"line":8,"column":25}},"3":{"start":{"line":9,"column":14},"end":{"line":17,"column":9}},"4":{"start":{"line":10,"column":12},"end":{"line":10,"column":null}},"5":{"start":{"line":11,"column":14},"end":{"line":17,"column":9}},"6":{"start":{"line":12,"column":12},"end":{"line":12,"column":null}},"7":{"start":{"line":13,"column":15},"end":{"line":17,"column":9}},"8":{"start":{"line":14,"column":12},"end":{"line":14,"column":null}},"9":{"start":{"line":16,"column":12},"end":{"line":16,"column":72}},"10":{"start":{"line":18,"column":8},"end":{"line":18,"column":70}},"11":{"start":{"line":3,"column":0},"end":{"line":3,"column":30}}},"fnMap":{"0":{"name":"(anonymous_0)","decl":{"start":{"line":5,"column":4},"end":{"line":5,"column":10}},"loc":{"start":{"line":5,"column":35},"end":{"line":21,"column":5}}}},"branchMap":{"0":{"loc":{"start":{"line":7,"column":8},"end":{"line":17,"column":9}},"type":"if","locations":[{"start":{"line":7,"column":8},"end":{"line":17,"column":9}},{"start":{"line":9,"column":14},"end":{"line":17,"column":9}}]},"1":{"loc":{"start":{"line":9,"column":14},"end":{"line":17,"column":9}},"type":"if","locations":[{"start":{"line":9,"column":14},"end":{"line":17,"column":9}},{"start":{"line":11,"column":14},"end":{"line":17,"column":9}}]},"2":{"loc":{"start":{"line":11,"column":14},"end":{"line":17,"column":9}},"type":"if","locations":[{"start":{"line":11,"column":14},"end":{"line":17,"column":9}},{"start":{"line":13,"column":15},"end":{"line":17,"column":9}}]},"3":{"loc":{"start":{"line":13,"column":15},"end":{"line":17,"column":9}},"type":"if","locations":[{"start":{"line":13,"column":15},"end":{"line":17,"column":9}},{"start":{"line":15,"column":14},"end":{"line":17,"column":9}}]}},"s":{"0":0,"1":0,"2":0,"3":0,"4":0,"5":0,"6":0,"7":0,"8":0,"9":0,"10":0,"11":2},"f":{"0":0},"b":{"0":[0,0],"1":[0,0],"2":[0,0],"3":[0,0]}}
,"/home/pablo/Documentos/University/4/LabIngSoft/Proyecto/TIER_APP/src/Infrastructure/Persistence/PrismaClient.ts": {"path":"/home/pablo/Documentos/University/4/LabIngSoft/Proyecto/TIER_APP/src/Infrastructure/Persistence/PrismaClient.ts","statementMap":{"0":{"start":{"line":2,"column":0},"end":{"line":2,"column":80}},"1":{"start":{"line":3,"column":0},"end":{"line":3,"column":44}},"2":{"start":{"line":4,"column":0},"end":{"line":4,"column":46}},"3":{"start":{"line":5,"column":0},"end":{"line":5,"column":54}},"4":{"start":{"line":6,"column":0},"end":{"line":6,"column":46}},"5":{"start":{"line":8,"column":13},"end":{"line":511,"column":3}},"6":{"start":{"line":29,"column":33},"end":{"line":29,"column":58}},"7":{"start":{"line":31,"column":30},"end":{"line":45,"column":18}},"8":{"start":{"line":48,"column":16},"end":{"line":65,"column":18}},"9":{"start":{"line":67,"column":16},"end":{"line":67,"column":29}},"10":{"start":{"line":72,"column":36},"end":{"line":79,"column":38}},"11":{"start":{"line":75,"column":28},"end":{"line":75,"column":71}},"12":{"start":{"line":83,"column":43},"end":{"line":84,"column":null}},"13":{"start":{"line":84,"column":69},"end":{"line":84,"column":88}},"14":{"start":{"line":88,"column":29},"end":{"line":141,"column":18}},"15":{"start":{"line":114,"column":28},"end":{"line":114,"column":71}},"16":{"start":{"line":146,"column":28},"end":{"line":167,"column":18}},"17":{"start":{"line":168,"column":16},"end":{"line":168,"column":27}},"18":{"start":{"line":172,"column":68},"end":{"line":172,"column":84}},"19":{"start":{"line":172,"column":48},"end":{"line":172,"column":53}},"20":{"start":{"line":172,"column":63},"end":{"line":172,"column":68}},"21":{"start":{"line":173,"column":36},"end":{"line":185,"column":38}},"22":{"start":{"line":176,"column":28},"end":{"line":180,"column":29}},"23":{"start":{"line":177,"column":32},"end":{"line":177,"column":113}},"24":{"start":{"line":178,"column":34},"end":{"line":180,"column":29}},"25":{"start":{"line":179,"column":32},"end":{"line":179,"column":86}},"26":{"start":{"line":181,"column":28},"end":{"line":181,"column":79}},"27":{"start":{"line":186,"column":29},"end":{"line":228,"column":18}},"28":{"start":{"line":229,"column":24},"end":{"line":229,"column":33}},"29":{"start":{"line":231,"column":16},"end":{"line":247,"column":17}},"30":{"start":{"line":232,"column":20},"end":{"line":246,"column":21}},"31":{"start":{"line":233,"column":39},"end":{"line":233,"column":114}},"32":{"start":{"line":234,"column":24},"end":{"line":245,"column":25}},"33":{"start":{"line":235,"column":36},"end":{"line":236,"column":52}},"34":{"start":{"line":237,"column":28},"end":{"line":243,"column":30}},"35":{"start":{"line":249,"column":16},"end":{"line":266,"column":19}},"36":{"start":{"line":250,"column":20},"end":{"line":265,"column":22}},"37":{"start":{"line":271,"column":85},"end":{"line":271,"column":101}},"38":{"start":{"line":271,"column":65},"end":{"line":271,"column":70}},"39":{"start":{"line":271,"column":80},"end":{"line":271,"column":85}},"40":{"start":{"line":272,"column":36},"end":{"line":284,"column":38}},"41":{"start":{"line":275,"column":28},"end":{"line":279,"column":29}},"42":{"start":{"line":276,"column":32},"end":{"line":276,"column":113}},"43":{"start":{"line":277,"column":34},"end":{"line":279,"column":29}},"44":{"start":{"line":278,"column":32},"end":{"line":278,"column":86}},"45":{"start":{"line":280,"column":28},"end":{"line":280,"column":79}},"46":{"start":{"line":286,"column":29},"end":{"line":321,"column":18}},"47":{"start":{"line":324,"column":16},"end":{"line":336,"column":19}},"48":{"start":{"line":325,"column":20},"end":{"line":335,"column":22}},"49":{"start":{"line":343,"column":43},"end":{"line":344,"column":null}},"50":{"start":{"line":344,"column":69},"end":{"line":344,"column":88}},"51":{"start":{"line":349,"column":29},"end":{"line":450,"column":18}},"52":{"start":{"line":364,"column":28},"end":{"line":364,"column":71}},"53":{"start":{"line":372,"column":38},"end":{"line":400,"column":53}},"54":{"start":{"line":377,"column":50},"end":{"line":377,"column":75}},"55":{"start":{"line":384,"column":50},"end":{"line":384,"column":75}},"56":{"start":{"line":411,"column":40},"end":{"line":433,"column":88}},"57":{"start":{"line":416,"column":52},"end":{"line":416,"column":77}},"58":{"start":{"line":421,"column":52},"end":{"line":421,"column":77}},"59":{"start":{"line":452,"column":16},"end":{"line":461,"column":20}},"60":{"start":{"line":452,"column":52},"end":{"line":461,"column":18}},"61":{"start":{"line":466,"column":29},"end":{"line":493,"column":18}},"62":{"start":{"line":495,"column":16},"end":{"line":504,"column":20}},"63":{"start":{"line":495,"column":52},"end":{"line":504,"column":18}}},"fnMap":{"0":{"name":"(anonymous_9)","decl":{"start":{"line":13,"column":18},"end":{"line":13,"column":24}},"loc":{"start":{"line":27,"column":13},"end":{"line":68,"column":null}}},"1":{"name":"(anonymous_11)","decl":{"start":{"line":69,"column":18},"end":{"line":69,"column":24}},"loc":{"start":{"line":69,"column":53},"end":{"line":169,"column":null}}},"2":{"name":"(anonymous_13)","decl":{"start":{"line":74,"column":55},"end":{"line":74,"column":56}},"loc":{"start":{"line":75,"column":28},"end":{"line":75,"column":71}}},"3":{"name":"(anonymous_14)","decl":{"start":{"line":84,"column":53},"end":{"line":84,"column":54}},"loc":{"start":{"line":84,"column":69},"end":{"line":84,"column":88}}},"4":{"name":"(anonymous_15)","decl":{"start":{"line":113,"column":63},"end":{"line":113,"column":64}},"loc":{"start":{"line":114,"column":28},"end":{"line":114,"column":71}}},"5":{"name":"(anonymous_16)","decl":{"start":{"line":171,"column":18},"end":{"line":171,"column":26}},"loc":{"start":{"line":171,"column":57},"end":{"line":267,"column":null}}},"6":{"name":"(anonymous_18)","decl":{"start":{"line":175,"column":55},"end":{"line":175,"column":56}},"loc":{"start":{"line":175,"column":72},"end":{"line":182,"column":25}}},"7":{"name":"(anonymous_19)","decl":{"start":{"line":249,"column":34},"end":{"line":249,"column":35}},"loc":{"start":{"line":249,"column":44},"end":{"line":266,"column":17}}},"8":{"name":"(anonymous_20)","decl":{"start":{"line":270,"column":18},"end":{"line":270,"column":26}},"loc":{"start":{"line":270,"column":63},"end":{"line":337,"column":null}}},"9":{"name":"(anonymous_22)","decl":{"start":{"line":274,"column":55},"end":{"line":274,"column":56}},"loc":{"start":{"line":274,"column":72},"end":{"line":281,"column":25}}},"10":{"name":"(anonymous_23)","decl":{"start":{"line":324,"column":34},"end":{"line":324,"column":35}},"loc":{"start":{"line":324,"column":50},"end":{"line":336,"column":17}}},"11":{"name":"(anonymous_24)","decl":{"start":{"line":339,"column":18},"end":{"line":339,"column":28}},"loc":{"start":{"line":340,"column":41},"end":{"line":462,"column":null}}},"12":{"name":"(anonymous_26)","decl":{"start":{"line":344,"column":53},"end":{"line":344,"column":54}},"loc":{"start":{"line":344,"column":69},"end":{"line":344,"column":88}}},"13":{"name":"(anonymous_27)","decl":{"start":{"line":363,"column":63},"end":{"line":363,"column":64}},"loc":{"start":{"line":364,"column":28},"end":{"line":364,"column":71}}},"14":{"name":"(anonymous_28)","decl":{"start":{"line":371,"column":50},"end":{"line":371,"column":51}},"loc":{"start":{"line":372,"column":38},"end":{"line":400,"column":53}}},"15":{"name":"(anonymous_29)","decl":{"start":{"line":376,"column":76},"end":{"line":376,"column":77}},"loc":{"start":{"line":377,"column":50},"end":{"line":377,"column":75}}},"16":{"name":"(anonymous_30)","decl":{"start":{"line":383,"column":73},"end":{"line":383,"column":74}},"loc":{"start":{"line":384,"column":50},"end":{"line":384,"column":75}}},"17":{"name":"(anonymous_31)","decl":{"start":{"line":410,"column":53},"end":{"line":410,"column":54}},"loc":{"start":{"line":411,"column":40},"end":{"line":433,"column":88}}},"18":{"name":"(anonymous_32)","decl":{"start":{"line":415,"column":78},"end":{"line":415,"column":79}},"loc":{"start":{"line":416,"column":52},"end":{"line":416,"column":77}}},"19":{"name":"(anonymous_33)","decl":{"start":{"line":420,"column":75},"end":{"line":420,"column":76}},"loc":{"start":{"line":421,"column":52},"end":{"line":421,"column":77}}},"20":{"name":"(anonymous_34)","decl":{"start":{"line":452,"column":34},"end":{"line":452,"column":35}},"loc":{"start":{"line":452,"column":52},"end":{"line":461,"column":18}}},"21":{"name":"(anonymous_35)","decl":{"start":{"line":464,"column":18},"end":{"line":464,"column":28}},"loc":{"start":{"line":464,"column":28},"end":{"line":505,"column":null}}},"22":{"name":"(anonymous_37)","decl":{"start":{"line":495,"column":34},"end":{"line":495,"column":35}},"loc":{"start":{"line":495,"column":52},"end":{"line":504,"column":18}}}},"branchMap":{"0":{"loc":{"start":{"line":72,"column":36},"end":{"line":79,"column":38}},"type":"cond-expr","locations":[{"start":{"line":73,"column":22},"end":{"line":77,"column":null}},{"start":{"line":79,"column":22},"end":{"line":79,"column":38}}]},"1":{"loc":{"start":{"line":72,"column":36},"end":{"line":72,"column":84}},"type":"binary-expr","locations":[{"start":{"line":72,"column":36},"end":{"line":72,"column":46}},{"start":{"line":72,"column":50},"end":{"line":72,"column":84}}]},"2":{"loc":{"start":{"line":118,"column":28},"end":{"line":118,"column":100}},"type":"cond-expr","locations":[{"start":{"line":118,"column":55},"end":{"line":118,"column":81}},{"start":{"line":118,"column":84},"end":{"line":118,"column":100}}]},"3":{"loc":{"start":{"line":118,"column":28},"end":{"line":118,"column":52}},"type":"binary-expr","locations":[{"start":{"line":118,"column":28},"end":{"line":118,"column":38}},{"start":{"line":118,"column":42},"end":{"line":118,"column":52}}]},"4":{"loc":{"start":{"line":159,"column":20},"end":{"line":165,"column":37}},"type":"cond-expr","locations":[{"start":{"line":159,"column":74},"end":{"line":159,"column":78}},{"start":{"line":159,"column":79},"end":{"line":165,"column":36}}]},"5":{"loc":{"start":{"line":159,"column":20},"end":{"line":159,"column":78}},"type":"binary-expr","locations":[{"start":{"line":159,"column":20},"end":{"line":159,"column":78}},{"start":{"line":159,"column":74},"end":{"line":159,"column":78}}]},"6":{"loc":{"start":{"line":159,"column":20},"end":{"line":159,"column":74}},"type":"cond-expr","locations":[{"start":{"line":159,"column":40},"end":{"line":159,"column":44}},{"start":{"line":159,"column":44},"end":{"line":159,"column":74}}]},"7":{"loc":{"start":{"line":159,"column":20},"end":{"line":159,"column":44}},"type":"binary-expr","locations":[{"start":{"line":159,"column":20},"end":{"line":159,"column":44}},{"start":{"line":159,"column":40},"end":{"line":159,"column":44}}]},"8":{"loc":{"start":{"line":159,"column":79},"end":{"line":165,"column":36}},"type":"cond-expr","locations":[{"start":{"line":159,"column":257},"end":{"line":164,"column":null}},{"start":{"line":165,"column":24},"end":{"line":165,"column":36}}]},"9":{"loc":{"start":{"line":159,"column":79},"end":{"line":159,"column":255}},"type":"binary-expr","locations":[{"start":{"line":159,"column":79},"end":{"line":159,"column":108}},{"start":{"line":159,"column":112},"end":{"line":159,"column":143}},{"start":{"line":159,"column":147},"end":{"line":159,"column":179}},{"start":{"line":159,"column":183},"end":{"line":159,"column":214}},{"start":{"line":159,"column":218},"end":{"line":159,"column":255}}]},"10":{"loc":{"start":{"line":172,"column":68},"end":{"line":172,"column":84}},"type":"binary-expr","locations":[{"start":{"line":172,"column":68},"end":{"line":172,"column":78}},{"start":{"line":172,"column":82},"end":{"line":172,"column":84}}]},"11":{"loc":{"start":{"line":173,"column":36},"end":{"line":185,"column":38}},"type":"cond-expr","locations":[{"start":{"line":174,"column":22},"end":{"line":183,"column":null}},{"start":{"line":185,"column":22},"end":{"line":185,"column":38}}]},"12":{"loc":{"start":{"line":173,"column":36},"end":{"line":173,"column":84}},"type":"binary-expr","locations":[{"start":{"line":173,"column":36},"end":{"line":173,"column":46}},{"start":{"line":173,"column":50},"end":{"line":173,"column":84}}]},"13":{"loc":{"start":{"line":176,"column":28},"end":{"line":180,"column":29}},"type":"if","locations":[{"start":{"line":176,"column":28},"end":{"line":180,"column":29}},{"start":{"line":178,"column":34},"end":{"line":180,"column":29}}]},"14":{"loc":{"start":{"line":176,"column":32},"end":{"line":176,"column":110}},"type":"binary-expr","locations":[{"start":{"line":176,"column":32},"end":{"line":176,"column":37}},{"start":{"line":176,"column":41},"end":{"line":176,"column":66}},{"start":{"line":176,"column":70},"end":{"line":176,"column":83}},{"start":{"line":176,"column":87},"end":{"line":176,"column":110}}]},"15":{"loc":{"start":{"line":178,"column":34},"end":{"line":180,"column":29}},"type":"if","locations":[{"start":{"line":178,"column":34},"end":{"line":180,"column":29}}]},"16":{"loc":{"start":{"line":178,"column":37},"end":{"line":178,"column":100}},"type":"binary-expr","locations":[{"start":{"line":178,"column":37},"end":{"line":178,"column":42}},{"start":{"line":178,"column":46},"end":{"line":178,"column":71}},{"start":{"line":178,"column":75},"end":{"line":178,"column":88}},{"start":{"line":178,"column":92},"end":{"line":178,"column":100}}]},"17":{"loc":{"start":{"line":225,"column":28},"end":{"line":225,"column":264}},"type":"cond-expr","locations":[{"start":{"line":225,"column":57},"end":{"line":225,"column":245}},{"start":{"line":225,"column":248},"end":{"line":225,"column":264}}]},"18":{"loc":{"start":{"line":225,"column":28},"end":{"line":225,"column":54}},"type":"binary-expr","locations":[{"start":{"line":225,"column":28},"end":{"line":225,"column":38}},{"start":{"line":225,"column":42},"end":{"line":225,"column":54}}]},"19":{"loc":{"start":{"line":226,"column":26},"end":{"line":226,"column":146}},"type":"cond-expr","locations":[{"start":{"line":226,"column":67},"end":{"line":226,"column":127}},{"start":{"line":226,"column":130},"end":{"line":226,"column":146}}]},"20":{"loc":{"start":{"line":226,"column":26},"end":{"line":226,"column":64}},"type":"binary-expr","locations":[{"start":{"line":226,"column":26},"end":{"line":226,"column":36}},{"start":{"line":226,"column":40},"end":{"line":226,"column":64}}]},"21":{"loc":{"start":{"line":227,"column":26},"end":{"line":227,"column":98}},"type":"cond-expr","locations":[{"start":{"line":227,"column":53},"end":{"line":227,"column":79}},{"start":{"line":227,"column":82},"end":{"line":227,"column":98}}]},"22":{"loc":{"start":{"line":227,"column":26},"end":{"line":227,"column":50}},"type":"binary-expr","locations":[{"start":{"line":227,"column":26},"end":{"line":227,"column":36}},{"start":{"line":227,"column":40},"end":{"line":227,"column":50}}]},"23":{"loc":{"start":{"line":232,"column":20},"end":{"line":246,"column":21}},"type":"if","locations":[{"start":{"line":232,"column":20},"end":{"line":246,"column":21}}]},"24":{"loc":{"start":{"line":234,"column":24},"end":{"line":245,"column":25}},"type":"if","locations":[{"start":{"line":234,"column":24},"end":{"line":245,"column":25}}]},"25":{"loc":{"start":{"line":263,"column":24},"end":{"line":263,"column":112}},"type":"cond-expr","locations":[{"start":{"line":263,"column":96},"end":{"line":263,"column":100}},{"start":{"line":263,"column":100},"end":{"line":263,"column":112}}]},"26":{"loc":{"start":{"line":263,"column":24},"end":{"line":263,"column":100}},"type":"binary-expr","locations":[{"start":{"line":263,"column":24},"end":{"line":263,"column":100}},{"start":{"line":263,"column":96},"end":{"line":263,"column":100}}]},"27":{"loc":{"start":{"line":263,"column":24},"end":{"line":263,"column":96}},"type":"cond-expr","locations":[{"start":{"line":263,"column":70},"end":{"line":263,"column":74}},{"start":{"line":263,"column":74},"end":{"line":263,"column":96}}]},"28":{"loc":{"start":{"line":263,"column":24},"end":{"line":263,"column":74}},"type":"binary-expr","locations":[{"start":{"line":263,"column":24},"end":{"line":263,"column":74}},{"start":{"line":263,"column":70},"end":{"line":263,"column":74}}]},"29":{"loc":{"start":{"line":263,"column":24},"end":{"line":263,"column":70}},"type":"cond-expr","locations":[{"start":{"line":263,"column":40},"end":{"line":263,"column":44}},{"start":{"line":263,"column":44},"end":{"line":263,"column":70}}]},"30":{"loc":{"start":{"line":263,"column":24},"end":{"line":263,"column":44}},"type":"binary-expr","locations":[{"start":{"line":263,"column":24},"end":{"line":263,"column":44}},{"start":{"line":263,"column":40},"end":{"line":263,"column":44}}]},"31":{"loc":{"start":{"line":271,"column":85},"end":{"line":271,"column":101}},"type":"binary-expr","locations":[{"start":{"line":271,"column":85},"end":{"line":271,"column":95}},{"start":{"line":271,"column":99},"end":{"line":271,"column":101}}]},"32":{"loc":{"start":{"line":272,"column":36},"end":{"line":284,"column":38}},"type":"cond-expr","locations":[{"start":{"line":273,"column":22},"end":{"line":282,"column":null}},{"start":{"line":284,"column":22},"end":{"line":284,"column":38}}]},"33":{"loc":{"start":{"line":272,"column":36},"end":{"line":272,"column":84}},"type":"binary-expr","locations":[{"start":{"line":272,"column":36},"end":{"line":272,"column":46}},{"start":{"line":272,"column":50},"end":{"line":272,"column":84}}]},"34":{"loc":{"start":{"line":275,"column":28},"end":{"line":279,"column":29}},"type":"if","locations":[{"start":{"line":275,"column":28},"end":{"line":279,"column":29}},{"start":{"line":277,"column":34},"end":{"line":279,"column":29}}]},"35":{"loc":{"start":{"line":275,"column":32},"end":{"line":275,"column":110}},"type":"binary-expr","locations":[{"start":{"line":275,"column":32},"end":{"line":275,"column":37}},{"start":{"line":275,"column":41},"end":{"line":275,"column":66}},{"start":{"line":275,"column":70},"end":{"line":275,"column":83}},{"start":{"line":275,"column":87},"end":{"line":275,"column":110}}]},"36":{"loc":{"start":{"line":277,"column":34},"end":{"line":279,"column":29}},"type":"if","locations":[{"start":{"line":277,"column":34},"end":{"line":279,"column":29}}]},"37":{"loc":{"start":{"line":277,"column":37},"end":{"line":277,"column":100}},"type":"binary-expr","locations":[{"start":{"line":277,"column":37},"end":{"line":277,"column":42}},{"start":{"line":277,"column":46},"end":{"line":277,"column":71}},{"start":{"line":277,"column":75},"end":{"line":277,"column":88}},{"start":{"line":277,"column":92},"end":{"line":277,"column":100}}]},"38":{"loc":{"start":{"line":306,"column":28},"end":{"line":306,"column":101}},"type":"cond-expr","locations":[{"start":{"line":306,"column":47},"end":{"line":306,"column":82}},{"start":{"line":306,"column":85},"end":{"line":306,"column":101}}]},"39":{"loc":{"start":{"line":306,"column":28},"end":{"line":306,"column":44}},"type":"binary-expr","locations":[{"start":{"line":306,"column":28},"end":{"line":306,"column":38}},{"start":{"line":306,"column":42},"end":{"line":306,"column":44}}]},"40":{"loc":{"start":{"line":307,"column":26},"end":{"line":307,"column":117}},"type":"cond-expr","locations":[{"start":{"line":307,"column":51},"end":{"line":307,"column":98}},{"start":{"line":307,"column":101},"end":{"line":307,"column":117}}]},"41":{"loc":{"start":{"line":307,"column":26},"end":{"line":307,"column":48}},"type":"binary-expr","locations":[{"start":{"line":307,"column":26},"end":{"line":307,"column":36}},{"start":{"line":307,"column":40},"end":{"line":307,"column":48}}]},"42":{"loc":{"start":{"line":308,"column":25},"end":{"line":315,"column":40}},"type":"cond-expr","locations":[{"start":{"line":308,"column":200},"end":{"line":315,"column":22}},{"start":{"line":315,"column":24},"end":{"line":315,"column":40}}]},"43":{"loc":{"start":{"line":308,"column":25},"end":{"line":308,"column":198}},"type":"binary-expr","locations":[{"start":{"line":308,"column":25},"end":{"line":308,"column":35}},{"start":{"line":308,"column":39},"end":{"line":308,"column":45}},{"start":{"line":308,"column":49},"end":{"line":308,"column":60}},{"start":{"line":308,"column":64},"end":{"line":308,"column":83}},{"start":{"line":308,"column":87},"end":{"line":308,"column":126}},{"start":{"line":308,"column":130},"end":{"line":308,"column":157}},{"start":{"line":308,"column":161},"end":{"line":308,"column":198}}]},"44":{"loc":{"start":{"line":316,"column":26},"end":{"line":319,"column":36}},"type":"cond-expr","locations":[{"start":{"line":316,"column":64},"end":{"line":319,"column":18}},{"start":{"line":319,"column":20},"end":{"line":319,"column":36}}]},"45":{"loc":{"start":{"line":316,"column":26},"end":{"line":316,"column":61}},"type":"binary-expr","locations":[{"start":{"line":316,"column":26},"end":{"line":316,"column":36}},{"start":{"line":316,"column":40},"end":{"line":316,"column":49}},{"start":{"line":316,"column":53},"end":{"line":316,"column":61}}]},"46":{"loc":{"start":{"line":320,"column":26},"end":{"line":320,"column":98}},"type":"cond-expr","locations":[{"start":{"line":320,"column":53},"end":{"line":320,"column":79}},{"start":{"line":320,"column":82},"end":{"line":320,"column":98}}]},"47":{"loc":{"start":{"line":320,"column":26},"end":{"line":320,"column":50}},"type":"binary-expr","locations":[{"start":{"line":320,"column":26},"end":{"line":320,"column":36}},{"start":{"line":320,"column":40},"end":{"line":320,"column":50}}]},"48":{"loc":{"start":{"line":369,"column":24},"end":{"line":405,"column":null}},"type":"cond-expr","locations":[{"start":{"line":370,"column":30},"end":{"line":402,"column":null}},{"start":{"line":405,"column":30},"end":{"line":405,"column":null}}]},"49":{"loc":{"start":{"line":369,"column":24},"end":{"line":369,"column":111}},"type":"binary-expr","locations":[{"start":{"line":369,"column":24},"end":{"line":369,"column":34}},{"start":{"line":369,"column":38},"end":{"line":369,"column":51}},{"start":{"line":369,"column":55},"end":{"line":369,"column":83}},{"start":{"line":369,"column":87},"end":{"line":369,"column":111}}]},"50":{"loc":{"start":{"line":372,"column":52},"end":{"line":372,"column":127}},"type":"cond-expr","locations":[{"start":{"line":372,"column":67},"end":{"line":372,"column":112}},{"start":{"line":372,"column":115},"end":{"line":372,"column":127}}]},"51":{"loc":{"start":{"line":373,"column":36},"end":{"line":373,"column":133}},"type":"cond-expr","locations":[{"start":{"line":373,"column":57},"end":{"line":373,"column":118}},{"start":{"line":373,"column":121},"end":{"line":373,"column":133}}]},"52":{"loc":{"start":{"line":374,"column":36},"end":{"line":374,"column":128}},"type":"cond-expr","locations":[{"start":{"line":374,"column":55},"end":{"line":374,"column":113}},{"start":{"line":374,"column":116},"end":{"line":374,"column":128}}]},"53":{"loc":{"start":{"line":375,"column":36},"end":{"line":379,"column":61}},"type":"cond-expr","locations":[{"start":{"line":375,"column":219},"end":{"line":379,"column":46}},{"start":{"line":379,"column":49},"end":{"line":379,"column":61}}]},"54":{"loc":{"start":{"line":375,"column":36},"end":{"line":375,"column":216}},"type":"binary-expr","locations":[{"start":{"line":375,"column":36},"end":{"line":375,"column":55}},{"start":{"line":375,"column":59},"end":{"line":375,"column":98}},{"start":{"line":375,"column":102},"end":{"line":375,"column":132}},{"start":{"line":375,"column":136},"end":{"line":375,"column":176}},{"start":{"line":375,"column":180},"end":{"line":375,"column":216}}]},"55":{"loc":{"start":{"line":380,"column":36},"end":{"line":386,"column":81}},"type":"cond-expr","locations":[{"start":{"line":381,"column":38},"end":{"line":386,"column":66}},{"start":{"line":386,"column":69},"end":{"line":386,"column":81}}]},"56":{"loc":{"start":{"line":380,"column":36},"end":{"line":380,"column":170}},"type":"binary-expr","locations":[{"start":{"line":380,"column":36},"end":{"line":380,"column":55}},{"start":{"line":380,"column":59},"end":{"line":380,"column":98}},{"start":{"line":380,"column":102},"end":{"line":380,"column":129}},{"start":{"line":380,"column":133},"end":{"line":380,"column":170}}]},"57":{"loc":{"start":{"line":381,"column":38},"end":{"line":386,"column":66}},"type":"cond-expr","locations":[{"start":{"line":382,"column":38},"end":{"line":386,"column":46}},{"start":{"line":386,"column":49},"end":{"line":386,"column":66}}]},"58":{"loc":{"start":{"line":387,"column":36},"end":{"line":390,"column":50}},"type":"cond-expr","locations":[{"start":{"line":387,"column":80},"end":{"line":390,"column":36}},{"start":{"line":390,"column":38},"end":{"line":390,"column":50}}]},"59":{"loc":{"start":{"line":387,"column":36},"end":{"line":387,"column":77}},"type":"binary-expr","locations":[{"start":{"line":387,"column":36},"end":{"line":387,"column":55}},{"start":{"line":387,"column":59},"end":{"line":387,"column":77}}]},"60":{"loc":{"start":{"line":388,"column":128},"end":{"line":388,"column":469}},"type":"cond-expr","locations":[{"start":{"line":388,"column":167},"end":{"line":388,"column":243}},{"start":{"line":388,"column":248},"end":{"line":388,"column":468}}]},"61":{"loc":{"start":{"line":388,"column":248},"end":{"line":388,"column":4
[...]
,"/home/pablo/Documentos/University/4/LabIngSoft/Proyecto/TIER_APP/src/Infrastructure/Persistence/SQLRepositories/SQLPersonRepository.ts": {"path":"/home/pablo/Documentos/University/4/LabIngSoft/Proyecto/TIER_APP/src/Infrastructure/Persistence/SQLRepositories/SQLPersonRepository.ts","statementMap":{"0":{"start":{"line":2,"column":0},"end":{"line":2,"column":45}},"1":{"start":{"line":3,"column":0},"end":{"line":3,"column":45}},"2":{"start":{"line":4,"column":0},"end":{"line":4,"column":40}},"3":{"start":{"line":13,"column":113},"end":{"line":13,"column":130}},"4":{"start":{"line":14,"column":53},"end":{"line":20,"column":null}},"5":{"start":{"line":22,"column":28},"end":{"line":24,"column":10}},"6":{"start":{"line":26,"column":8},"end":{"line":26,"column":139}},"7":{"start":{"line":30,"column":28},"end":{"line":34,"column":10}},"8":{"start":{"line":36,"column":8},"end":{"line":45,"column":9}},"9":{"start":{"line":37,"column":30},"end":{"line":42,"column":null}},"10":{"start":{"line":44,"column":12},"end":{"line":44,"column":29}},"11":{"start":{"line":47,"column":8},"end":{"line":47,"column":20}},"12":{"start":{"line":51,"column":114},"end":{"line":51,"column":131}},"13":{"start":{"line":52,"column":53},"end":{"line":58,"column":null}},"14":{"start":{"line":61,"column":30},"end":{"line":66,"column":10}},"15":{"start":{"line":68,"column":8},"end":{"line":68,"column":149}},"16":{"start":{"line":75,"column":23},"end":{"line":79,"column":10}},"17":{"start":{"line":82,"column":8},"end":{"line":82,"column":114}},"18":{"start":{"line":86,"column":0},"end":{"line":86,"column":32}}},"fnMap":{"0":{"name":"(anonymous_8)","decl":{"start":{"line":12,"column":10},"end":{"line":12,"column":14}},"loc":{"start":{"line":12,"column":29},"end":{"line":27,"column":null}}},"1":{"name":"(anonymous_10)","decl":{"start":{"line":28,"column":10},"end":{"line":28,"column":18}},"loc":{"start":{"line":28,"column":29},"end":{"line":48,"column":null}}},"2":{"name":"(anonymous_12)","decl":{"start":{"line":50,"column":10},"end":{"line":50,"column":16}},"loc":{"start":{"line":50,"column":31},"end":{"line":69,"column":null}}},"3":{"name":"(anonymous_14)","decl":{"start":{"line":72,"column":10},"end":{"line":72,"column":20}},"loc":{"start":{"line":72,"column":31},"end":{"line":83,"column":null}}}},"branchMap":{"0":{"loc":{"start":{"line":36,"column":8},"end":{"line":45,"column":9}},"type":"if","locations":[{"start":{"line":36,"column":8},"end":{"line":45,"column":9}}]}},"s":{"0":3,"1":3,"2":3,"3":1,"4":1,"5":1,"6":1,"7":13,"8":13,"9":9,"10":9,"11":4,"12":2,"13":2,"14":2,"15":2,"16":1,"17":1,"18":3},"f":{"0":1,"1":13,"2":2,"3":1},"b":{"0":[9]}}
,"/home/pablo/Documentos/University/4/LabIngSoft/Proyecto/TIER_APP/src/Infrastructure/Persistence/SQLRepositories/SQLReservationRepository.ts": {"path":"/home/pablo/Documentos/University/4/LabIngSoft/Proyecto/TIER_APP/src/Infrastructure/Persistence/SQLRepositories/SQLReservationRepository.ts","statementMap":{"0":{"start":{"line":2,"column":0},"end":{"line":2,"column":63}},"1":{"start":{"line":3,"column":0},"end":{"line":3,"column":40}},"2":{"start":{"line":4,"column":0},"end":{"line":4,"column":59}},"3":{"start":{"line":5,"column":0},"end":{"line":5,"column":75}},"4":{"start":{"line":6,"column":0},"end":{"line":6,"column":46}},"5":{"start":{"line":7,"column":0},"end":{"line":7,"column":46}},"6":{"start":{"line":16,"column":33},"end":{"line":123,"column":10}},"7":{"start":{"line":16,"column":72},"end":{"line":123,"column":10}},"8":{"start":{"line":19,"column":27},"end":{"line":23,"column":14}},"9":{"start":{"line":24,"column":12},"end":{"line":26,"column":13}},"10":{"start":{"line":25,"column":16},"end":{"line":25,"column":73}},"11":{"start":{"line":27,"column":20},"end":{"line":32,"column":null}},"12":{"start":{"line":34,"column":12},"end":{"line":36,"column":13}},"13":{"start":{"line":34,"column":64},"end":{"line":34,"column":86}},"14":{"start":{"line":35,"column":16},"end":{"line":35,"column":83}},"15":{"start":{"line":40,"column":27},"end":{"line":44,"column":14}},"16":{"start":{"line":45,"column":12},"end":{"line":47,"column":13}},"17":{"start":{"line":46,"column":16},"end":{"line":46,"column":73}},"18":{"start":{"line":51,"column":41},"end":{"line":57,"column":10}},"19":{"start":{"line":58,"column":58},"end":{"line":58,"column":60}},"20":{"start":{"line":61,"column":12},"end":{"line":87,"column":13}},"21":{"start":{"line":63,"column":28},"end":{"line":67,"column":18}},"22":{"start":{"line":65,"column":74},"end":{"line":65,"column":88}},"23":{"start":{"line":68,"column":16},"end":{"line":74,"column":19}},"24":{"start":{"line":69,"column":67},"end":{"line":73,"column":22}},"25":{"start":{"line":76,"column":16},"end":{"line":86,"column":20}},"26":{"start":{"line":76,"column":131},"end":{"line":85,"column":null}},"27":{"start":{"line":90,"column":32},"end":{"line":105,"column":14}},"28":{"start":{"line":100,"column":57},"end":{"line":102,"column":26}},"29":{"start":{"line":107,"column":35},"end":{"line":107,"column":92}},"30":{"start":{"line":109,"column":12},"end":{"line":111,"column":13}},"31":{"start":{"line":110,"column":16},"end":{"line":110,"column":75}},"32":{"start":{"line":114,"column":24},"end":{"line":114,"column":398}},"33":{"start":{"line":116,"column":12},"end":{"line":118,"column":13}},"34":{"start":{"line":117,"column":16},"end":{"line":117,"column":86}},"35":{"start":{"line":119,"column":12},"end":{"line":119,"column":null}},"36":{"start":{"line":125,"column":8},"end":{"line":125,"column":32}},"37":{"start":{"line":130,"column":33},"end":{"line":139,"column":10}},"38":{"start":{"line":140,"column":8},"end":{"line":152,"column":9}},"39":{"start":{"line":141,"column":12},"end":{"line":151,"column":15}},"40":{"start":{"line":141,"column":63},"end":{"line":150,"column":null}},"41":{"start":{"line":153,"column":8},"end":{"line":153,"column":18}},"42":{"start":{"line":158,"column":35},"end":{"line":168,"column":10}},"43":{"start":{"line":169,"column":8},"end":{"line":179,"column":10}},"44":{"start":{"line":178,"column":51},"end":{"line":178,"column":64}},"45":{"start":{"line":185,"column":8},"end":{"line":224,"column":null}},"46":{"start":{"line":185,"column":54},"end":{"line":224,"column":10}},"47":{"start":{"line":187,"column":27},"end":{"line":191,"column":14}},"48":{"start":{"line":196,"column":39},"end":{"line":203,"column":14}},"49":{"start":{"line":205,"column":34},"end":{"line":211,"column":14}},"50":{"start":{"line":207,"column":79},"end":{"line":207,"column":92}},"51":{"start":{"line":213,"column":12},"end":{"line":223,"column":14}},"52":{"start":{"line":222,"column":55},"end":{"line":222,"column":68}},"53":{"start":{"line":228,"column":0},"end":{"line":228,"column":37}}},"fnMap":{"0":{"name":"(anonymous_8)","decl":{"start":{"line":14,"column":10},"end":{"line":14,"column":14}},"loc":{"start":{"line":14,"column":144},"end":{"line":127,"column":null}}},"1":{"name":"(anonymous_10)","decl":{"start":{"line":16,"column":59},"end":{"line":16,"column":66}},"loc":{"start":{"line":16,"column":72},"end":{"line":123,"column":10}}},"2":{"name":"(anonymous_11)","decl":{"start":{"line":16,"column":72},"end":{"line":16,"column":null}},"loc":{"start":{"line":16,"column":72},"end":{"line":123,"column":9}}},"3":{"name":"(anonymous_12)","decl":{"start":{"line":34,"column":58},"end":{"line":34,"column":60}},"loc":{"start":{"line":34,"column":64},"end":{"line":34,"column":86}}},"4":{"name":"(anonymous_13)","decl":{"start":{"line":65,"column":59},"end":{"line":65,"column":70}},"loc":{"start":{"line":65,"column":74},"end":{"line":65,"column":88}}},"5":{"name":"(anonymous_14)","decl":{"start":{"line":69,"column":51},"end":{"line":69,"column":62}},"loc":{"start":{"line":69,"column":67},"end":{"line":73,"column":22}}},"6":{"name":"(anonymous_15)","decl":{"start":{"line":76,"column":108},"end":{"line":76,"column":127}},"loc":{"start":{"line":76,"column":131},"end":{"line":85,"column":null}}},"7":{"name":"(anonymous_16)","decl":{"start":{"line":100,"column":45},"end":{"line":100,"column":52}},"loc":{"start":{"line":100,"column":57},"end":{"line":102,"column":26}}},"8":{"name":"(anonymous_17)","decl":{"start":{"line":129,"column":10},"end":{"line":129,"column":14}},"loc":{"start":{"line":129,"column":130},"end":{"line":154,"column":null}}},"9":{"name":"(anonymous_19)","decl":{"start":{"line":141,"column":42},"end":{"line":141,"column":59}},"loc":{"start":{"line":141,"column":63},"end":{"line":150,"column":null}}},"10":{"name":"(anonymous_20)","decl":{"start":{"line":156,"column":10},"end":{"line":156,"column":16}},"loc":{"start":{"line":156,"column":42},"end":{"line":181,"column":null}}},"11":{"name":"(anonymous_22)","decl":{"start":{"line":178,"column":42},"end":{"line":178,"column":47}},"loc":{"start":{"line":178,"column":51},"end":{"line":178,"column":64}}},"12":{"name":"(anonymous_23)","decl":{"start":{"line":184,"column":10},"end":{"line":184,"column":16}},"loc":{"start":{"line":184,"column":27},"end":{"line":225,"column":null}}},"13":{"name":"(anonymous_25)","decl":{"start":{"line":185,"column":41},"end":{"line":185,"column":48}},"loc":{"start":{"line":185,"column":54},"end":{"line":224,"column":10}}},"14":{"name":"(anonymous_26)","decl":{"start":{"line":185,"column":54},"end":{"line":185,"column":null}},"loc":{"start":{"line":185,"column":54},"end":{"line":224,"column":9}}},"15":{"name":"(anonymous_27)","decl":{"start":{"line":207,"column":70},"end":{"line":207,"column":75}},"loc":{"start":{"line":207,"column":79},"end":{"line":207,"column":92}}},"16":{"name":"(anonymous_28)","decl":{"start":{"line":222,"column":46},"end":{"line":222,"column":51}},"loc":{"start":{"line":222,"column":55},"end":{"line":222,"column":68}}}},"branchMap":{"0":{"loc":{"start":{"line":24,"column":12},"end":{"line":26,"column":13}},"type":"if","locations":[{"start":{"line":24,"column":12},"end":{"line":26,"column":13}}]},"1":{"loc":{"start":{"line":34,"column":12},"end":{"line":36,"column":13}},"type":"if","locations":[{"start":{"line":34,"column":12},"end":{"line":36,"column":13}}]},"2":{"loc":{"start":{"line":34,"column":16},"end":{"line":34,"column":87}},"type":"binary-expr","locations":[{"start":{"line":34,"column":16},"end":{"line":34,"column":40}},{"start":{"line":34,"column":44},"end":{"line":34,"column":87}}]},"3":{"loc":{"start":{"line":45,"column":12},"end":{"line":47,"column":13}},"type":"if","locations":[{"start":{"line":45,"column":12},"end":{"line":47,"column":13}}]},"4":{"loc":{"start":{"line":61,"column":12},"end":{"line":87,"column":13}},"type":"if","locations":[{"start":{"line":61,"column":12},"end":{"line":87,"column":13}},{"start":{"line":75,"column":19},"end":{"line":87,"column":13}}]},"5":{"loc":{"start":{"line":109,"column":12},"end":{"line":111,"column":13}},"type":"if","locations":[{"start":{"line":109,"column":12},"end":{"line":111,"column":13}}]},"6":{"loc":{"start":{"line":116,"column":12},"end":{"line":118,"column":13}},"type":"if","locations":[{"start":{"line":116,"column":12},"end":{"line":118,"column":13}}]},"7":{"loc":{"start":{"line":116,"column":16},"end":{"line":116,"column":49}},"type":"binary-expr","locations":[{"start":{"line":116,"column":16},"end":{"line":116,"column":29}},{"start":{"line":116,"column":33},"end":{"line":116,"column":49}}]},"8":{"loc":{"start":{"line":132,"column":20},"end":{"line":132,"column":32}},"type":"binary-expr","locations":[{"start":{"line":132,"column":20},"end":{"line":132,"column":22}},{"start":{"line":132,"column":26},"end":{"line":132,"column":32}}]},"9":{"loc":{"start":{"line":133,"column":20},"end":{"line":133,"column":44}},"type":"binary-expr","locations":[{"start":{"line":133,"column":20},"end":{"line":133,"column":28}},{"start":{"line":133,"column":32},"end":{"line":133,"column":44}}]},"10":{"loc":{"start":{"line":135,"column":20},"end":{"line":135,"column":53}},"type":"binary-expr","locations":[{"start":{"line":135,"column":20},"end":{"line":135,"column":25}},{"start":{"line":135,"column":29},"end":{"line":135,"column":53}}]},"11":{"loc":{"start":{"line":136,"column":20},"end":{"line":136,"column":71}},"type":"binary-expr","locations":[{"start":{"line":136,"column":20},"end":{"line":136,"column":24}},{"start":{"line":136,"column":28},"end":{"line":136,"column":71}}]},"12":{"loc":{"start":{"line":137,"column":20},"end":{"line":137,"column":55}},"type":"binary-expr","locations":[{"start":{"line":137,"column":20},"end":{"line":137,"column":24}},{"start":{"line":137,"column":28},"end":{"line":137,"column":55}}]},"13":{"loc":{"start":{"line":140,"column":8},"end":{"line":152,"column":9}},"type":"if","locations":[{"start":{"line":140,"column":8},"end":{"line":152,"column":9}}]}},"s":{"0":1,"1":1,"2":1,"3":1,"4":1,"5":1,"6":1,"7":1,"8":1,"9":1,"10":0,"11":1,"12":1,"13":1,"14":0,"15":1,"16":1,"17":0,"18":1,"19":1,"20":1,"21":1,"22":0,"23":1,"24":0,"25":0,"26":0,"27":1,"28":1,"29":1,"30":1,"31":0,"32":1,"33":1,"34":0,"35":1,"36":1,"37":7,"38":7,"39":7,"40":15,"41":0,"42":1,"43":1,"44":1,"45":1,"46":1,"47":1,"48":1,"49":1,"50":1,"51":1,"52":1,"53":1},"f":{"0":1,"1":1,"2":1,"3":1,"4":0,"5":0,"6":0,"7":1,"8":7,"9":15,"10":1,"11":1,"12":1,"13":1,"14":1,"15":1,"16":1},"b":{"0":[0],"1":[0],"2":[1,1],"3":[0],"4":[1,0],"5":[0],"6":[0],"7":[1,0],"8":[7,3],"9":[7,2],"10":[7,0],"11":[7,2],"12":[7,2],"13":[7]}}
,"/home/pablo/Documentos/University/4/LabIngSoft/Proyecto/TIER_APP/src/Infrastructure/Persistence/SQLRepositories/SQLSpaceRepository.ts": {"path":"/home/pablo/Documentos/University/4/LabIngSoft/Proyecto/TIER_APP/src/Infrastructure/Persistence/SQLRepositories/SQLSpaceRepository.ts","statementMap":{"0":{"start":{"line":1,"column":0},"end":{"line":1,"column":40}},"1":{"start":{"line":2,"column":0},"end":{"line":2,"column":79}},"2":{"start":{"line":6,"column":0},"end":{"line":6,"column":46}},"3":{"start":{"line":14,"column":27},"end":{"line":23,"column":10}},"4":{"start":{"line":24,"column":8},"end":{"line":24,"column":null}},"5":{"start":{"line":30,"column":26},"end":{"line":43,"column":10}},"6":{"start":{"line":44,"column":8},"end":{"line":44,"column":null}},"7":{"start":{"line":50,"column":0},"end":{"line":50,"column":34}}},"fnMap":{"0":{"name":"(anonymous_8)","decl":{"start":{"line":13,"column":10},"end":{"line":13,"column":14}},"loc":{"start":{"line":13,"column":134},"end":{"line":26,"column":null}}},"1":{"name":"(anonymous_10)","decl":{"start":{"line":28,"column":10},"end":{"line":28,"column":16}},"loc":{"start":{"line":29,"column":87},"end":{"line":45,"column":null}}}},"branchMap":{"0":{"loc":{"start":{"line":16,"column":16},"end":{"line":16,"column":28}},"type":"binary-expr","locations":[{"start":{"line":16,"column":16},"end":{"line":16,"column":18}},{"start":{"line":16,"column":22},"end":{"line":16,"column":28}}]},"1":{"loc":{"start":{"line":17,"column":16},"end":{"line":17,"column":66}},"type":"binary-expr","locations":[{"start":{"line":17,"column":16},"end":{"line":17,"column":37}},{"start":{"line":17,"column":41},"end":{"line":17,"column":66}}]},"2":{"loc":{"start":{"line":18,"column":16},"end":{"line":18,"column":48}},"type":"binary-expr","locations":[{"start":{"line":18,"column":16},"end":{"line":18,"column":28}},{"start":{"line":18,"column":32},"end":{"line":18,"column":48}}]},"3":{"loc":{"start":{"line":19,"column":16},"end":{"line":19,"column":34}},"type":"binary-expr","locations":[{"start":{"line":19,"column":16},"end":{"line":19,"column":21}},{"start":{"line":19,"column":25},"end":{"line":19,"column":34}}]},"4":{"loc":{"start":{"line":20,"column":16},"end":{"line":20,"column":44}},"type":"binary-expr","locations":[{"start":{"line":20,"column":16},"end":{"line":20,"column":26}},{"start":{"line":20,"column":30},"end":{"line":20,"column":44}}]},"5":{"loc":{"start":{"line":33,"column":20},"end":{"line":33,"column":86}},"type":"binary-expr","locations":[{"start":{"line":33,"column":20},"end":{"line":33,"column":50}},{"start":{"line":33,"column":54},"end":{"line":33,"column":86}}]},"6":{"loc":{"start":{"line":34,"column":20},"end":{"line":34,"column":80}},"type":"binary-expr","locations":[{"start":{"line":34,"column":20},"end":{"line":34,"column":48}},{"start":{"line":34,"column":52},"end":{"line":34,"column":80}}]},"7":{"loc":{"start":{"line":35,"column":20},"end":{"line":35,"column":80}},"type":"binary-expr","locations":[{"start":{"line":35,"column":20},"end":{"line":35,"column":48}},{"start":{"line":35,"column":52},"end":{"line":35,"column":80}}]},"8":{"loc":{"start":{"line":36,"column":20},"end":{"line":36,"column":83}},"type":"binary-expr","locations":[{"start":{"line":36,"column":20},"end":{"line":36,"column":49}},{"start":{"line":36,"column":53},"end":{"line":36,"column":83}}]},"9":{"loc":{"start":{"line":37,"column":20},"end":{"line":37,"column":115}},"type":"binary-expr","locations":[{"start":{"line":37,"column":20},"end":{"line":37,"column":47}},{"start":{"line":37,"column":51},"end":{"line":37,"column":115}}]},"10":{"loc":{"start":{"line":38,"column":20},"end":{"line":38,"column":150}},"type":"binary-expr","locations":[{"start":{"line":38,"column":21},"end":{"line":38,"column":37}},{"start":{"line":38,"column":41},"end":{"line":38,"column":66}},{"start":{"line":38,"column":72},"end":{"line":38,"column":150}}]},"11":{"loc":{"start":{"line":38,"column":86},"end":{"line":38,"column":148}},"type":"cond-expr","locations":[{"start":{"line":38,"column":125},"end":{"line":38,"column":141}},{"start":{"line":38,"column":144},"end":{"line":38,"column":148}}]},"12":{"loc":{"start":{"line":39,"column":20},"end":{"line":39,"column":170}},"type":"binary-expr","locations":[{"start":{"line":39,"column":21},"end":{"line":39,"column":37}},{"start":{"line":39,"column":41},"end":{"line":39,"column":66}},{"start":{"line":39,"column":72},"end":{"line":39,"column":170}}]},"13":{"loc":{"start":{"line":39,"column":94},"end":{"line":39,"column":168}},"type":"cond-expr","locations":[{"start":{"line":39,"column":131},"end":{"line":39,"column":161}},{"start":{"line":39,"column":164},"end":{"line":39,"column":168}}]},"14":{"loc":{"start":{"line":40,"column":20},"end":{"line":40,"column":193}},"type":"binary-expr","locations":[{"start":{"line":40,"column":21},"end":{"line":40,"column":37}},{"start":{"line":40,"column":41},"end":{"line":40,"column":66}},{"start":{"line":40,"column":72},"end":{"line":40,"column":193}}]},"15":{"loc":{"start":{"line":40,"column":96},"end":{"line":40,"column":191}},"type":"cond-expr","locations":[{"start":{"line":40,"column":168},"end":{"line":40,"column":184}},{"start":{"line":40,"column":187},"end":{"line":40,"column":191}}]},"16":{"loc":{"start":{"line":40,"column":96},"end":{"line":40,"column":165}},"type":"binary-expr","locations":[{"start":{"line":40,"column":96},"end":{"line":40,"column":132}},{"start":{"line":40,"column":136},"end":{"line":40,"column":165}}]}},"s":{"0":2,"1":2,"2":2,"3":7,"4":7,"5":2,"6":1,"7":2},"f":{"0":7,"1":2},"b":{"0":[7,1],"1":[7,3],"2":[7,2],"3":[7,2],"4":[7,0],"5":[2,2],"6":[2,0],"7":[2,0],"8":[2,0],"9":[2,0],"10":[2,2,0],"11":[0,0],"12":[2,2,0],"13":[0,0],"14":[2,2,0],"15":[0,0],"16":[0,0]}}
}
