TN:
SF:src/Application/Services/NotificationService.ts
FN:15,(anonymous_8)
FN:25,(anonymous_9)
FN:35,(anonymous_11)
FN:48,(anonymous_13)
FNF:4
FNH:4
FNDA:1,(anonymous_8)
FNDA:2,(anonymous_9)
FNDA:2,(anonymous_11)
FNDA:1,(anonymous_13)
DA:2,1
DA:16,1
DA:26,2
DA:27,2
DA:36,2
DA:37,2
DA:38,1
DA:40,1
DA:49,1
DA:50,1
DA:51,0
DA:53,1
DA:57,1
LF:13
LH:12
BRDA:37,0,0,1
BRDA:50,1,0,0
BRF:2
BRH:1
end_of_record
TN:
SF:src/Application/Services/PersonService.ts
FN:17,(anonymous_8)
FN:30,(anonymous_9)
FN:47,(anonymous_11)
FN:63,(anonymous_13)
FN:93,(anonymous_15)
FN:106,(anonymous_17)
FNF:6
FNH:6
FNDA:3,(anonymous_8)
FNDA:2,(anonymous_9)
FNDA:2,(anonymous_11)
FNDA:5,(anonymous_13)
FNDA:2,(anonymous_15)
FNDA:2,(anonymous_17)
DA:1,3
DA:2,3
DA:5,3
DA:18,3
DA:31,2
DA:32,2
DA:33,1
DA:35,1
DA:36,1
DA:38,1
DA:49,2
DA:50,2
DA:51,1
DA:53,1
DA:65,5
DA:66,5
DA:67,1
DA:69,4
DA:72,4
DA:73,4
DA:74,4
DA:76,2
DA:78,3
DA:80,2
DA:82,2
DA:94,2
DA:95,2
DA:96,1
DA:98,1
DA:107,2
DA:109,2
DA:111,2
DA:112,0
DA:114,2
DA:116,2
DA:117,2
DA:123,3
LF:37
LH:36
BRDA:32,0,0,1
BRDA:50,1,0,1
BRDA:66,2,0,1
BRDA:74,3,0,2
BRDA:78,4,0,1
BRDA:78,4,1,2
BRDA:78,5,0,3
BRDA:78,5,1,3
BRDA:78,6,0,1
BRDA:78,6,1,2
BRDA:95,7,0,1
BRDA:111,8,0,0
BRDA:116,9,0,2
BRDA:116,9,1,0
BRF:14
BRH:12
end_of_record
TN:
SF:src/Application/Services/ReservationService.ts
FN:16,(anonymous_7)
FN:25,(anonymous_8)
FN:42,(anonymous_10)
FN:55,(anonymous_12)
FN:74,(anonymous_14)
FNF:5
FNH:5
FNDA:1,(anonymous_7)
FNDA:1,(anonymous_8)
FNDA:1,(anonymous_10)
FNDA:5,(anonymous_12)
FNDA:1,(anonymous_14)
DA:17,1
DA:26,1
DA:43,1
DA:44,1
DA:45,0
DA:47,1
DA:56,5
DA:57,5
DA:58,2
DA:59,3
DA:60,0
DA:62,5
DA:63,5
DA:64,0
DA:66,5
DA:75,1
DA:76,1
DA:77,0
DA:79,1
DA:83,1
LF:20
LH:16
BRDA:44,0,0,0
BRDA:57,1,0,2
BRDA:57,1,1,3
BRDA:57,2,0,5
BRDA:57,2,1,2
BRDA:59,3,0,0
BRDA:59,4,0,3
BRDA:59,4,1,3
BRDA:63,5,0,0
BRDA:76,6,0,0
BRF:10
BRH:6
end_of_record
TN:
SF:src/Domain/Constants.ts
FN:4,(anonymous_0)
FN:17,(anonymous_1)
FN:28,(anonymous_2)
FNF:3
FNH:3
FNDA:12,(anonymous_0)
FNDA:12,(anonymous_1)
FNDA:12,(anonymous_2)
DA:4,12
DA:5,12
DA:6,12
DA:7,12
DA:8,12
DA:9,12
DA:10,12
DA:11,12
DA:17,12
DA:18,12
DA:19,12
DA:20,12
DA:21,12
DA:22,12
DA:28,12
DA:29,12
DA:30,12
DA:45,12
DA:100,12
DA:105,12
DA:110,12
DA:115,12
DA:120,12
DA:125,12
DA:136,12
DA:137,12
DA:138,12
DA:139,12
DA:140,12
DA:141,12
DA:142,12
LF:31
LH:31
BRDA:4,0,0,12
BRDA:4,0,1,12
BRDA:17,1,0,12
BRDA:17,1,1,12
BRDA:28,2,0,12
BRDA:28,2,1,12
BRF:6
BRH:6
end_of_record
TN:
SF:src/Domain/Entities/Notification.ts
FN:17,(anonymous_0)
FN:28,(anonymous_1)
FNF:2
FNH:2
FNDA:10,(anonymous_0)
FNDA:5,(anonymous_1)
DA:18,10
DA:19,10
DA:20,10
DA:21,10
DA:29,5
DA:38,2
LF:6
LH:6
BRF:0
BRH:0
end_of_record
TN:
SF:src/Domain/Entities/Person.ts
FN:24,(anonymous_1)
FN:44,(anonymous_2)
FN:54,(anonymous_3)
FN:62,(anonymous_4)
FN:70,(anonymous_5)
FN:78,(anonymous_6)
FNF:6
FNH:6
FNDA:69,(anonymous_1)
FNDA:69,(anonymous_2)
FNDA:69,(anonymous_3)
FNDA:23,(anonymous_4)
FNDA:2,(anonymous_5)
FNDA:18,(anonymous_6)
DA:1,9
DA:2,9
DA:3,9
DA:26,69
DA:28,68
DA:29,0
DA:31,68
DA:32,68
DA:33,68
DA:34,68
DA:35,68
DA:45,69
DA:46,1
DA:55,69
DA:63,23
DA:71,2
DA:79,18
DA:89,9
LF:18
LH:17
BRDA:28,0,0,0
BRDA:45,1,0,1
BRDA:45,2,0,69
BRDA:45,2,1,49
BRDA:63,3,0,17
BRDA:63,3,1,6
BRDA:83,4,0,15
BRDA:83,4,1,3
BRF:8
BRH:7
end_of_record
TN:
SF:src/Domain/Entities/Reservation.ts
FN:28,(anonymous_0)
FN:47,(anonymous_1)
FN:57,(anonymous_2)
FN:66,(anonymous_3)
FN:74,(anonymous_4)
FN:82,(anonymous_5)
FN:92,(anonymous_6)
FNF:7
FNH:5
FNDA:24,(anonymous_0)
FNDA:24,(anonymous_1)
FNDA:3,(anonymous_2)
FNDA:0,(anonymous_3)
FNDA:0,(anonymous_4)
FNDA:17,(anonymous_5)
FNDA:17,(anonymous_6)
DA:29,24
DA:30,24
DA:31,24
DA:32,24
DA:33,24
DA:34,24
DA:35,24
DA:36,24
DA:37,24
DA:38,24
DA:48,24
DA:49,0
DA:58,3
DA:59,3
DA:67,0
DA:75,0
DA:83,17
DA:92,17
DA:97,3
LF:19
LH:16
BRDA:48,0,0,0
BRDA:48,1,0,24
BRDA:48,1,1,7
BRDA:48,1,2,6
BRF:4
BRH:3
end_of_record
TN:
SF:src/Domain/Entities/Space.ts
FN:42,(anonymous_1)
FN:67,(anonymous_2)
FN:75,(anonymous_3)
FN:87,(anonymous_4)
FN:98,(anonymous_5)
FN:103,(anonymous_6)
FN:116,(anonymous_7)
FNF:7
FNH:7
FNDA:51,(anonymous_1)
FNDA:104,(anonymous_2)
FNDA:22,(anonymous_3)
FNDA:33,(anonymous_4)
FNDA:32,(anonymous_5)
FNDA:1,(anonymous_6)
FNDA:57,(anonymous_7)
DA:1,7
DA:3,7
DA:44,51
DA:45,51
DA:46,51
DA:47,51
DA:48,51
DA:49,51
DA:50,51
DA:51,51
DA:52,51
DA:53,51
DA:54,51
DA:55,51
DA:56,51
DA:57,51
DA:58,51
DA:59,0
DA:68,104
DA:76,22
DA:77,21
DA:79,1
DA:88,33
DA:99,32
DA:104,1
DA:120,57
DA:138,7
LF:27
LH:26
BRDA:57,0,0,14
BRDA:57,0,1,37
BRDA:57,1,0,51
BRDA:57,1,1,51
BRDA:58,2,0,0
BRDA:76,3,0,21
BRDA:76,3,1,1
BRDA:100,4,0,32
BRDA:100,4,1,32
BRDA:100,4,2,32
BRDA:100,4,3,32
BRDA:100,4,4,32
BRDA:100,4,5,32
BRDA:100,4,6,32
BRDA:100,4,7,32
BRDA:102,5,0,32
BRDA:102,5,1,32
BRDA:104,6,0,1
BRDA:104,6,1,0
BRDA:104,6,2,0
BRDA:133,7,0,57
BRDA:133,7,1,0
BRF:22
BRH:18
end_of_record
TN:
SF:src/Domain/Factories/ReservationFactory.ts
FN:20,(anonymous_1)
FNF:1
FNH:1
FNDA:5,(anonymous_1)
DA:1,2
DA:4,2
DA:10,2
DA:27,5
DA:28,5
DA:29,1
DA:32,4
DA:33,1
DA:36,3
LF:9
LH:9
BRDA:28,0,0,1
BRDA:29,1,0,0
BRDA:29,1,1,1
BRDA:29,2,0,1
BRDA:29,2,1,1
BRDA:32,3,0,1
BRF:6
BRH:5
end_of_record
TN:
SF:src/Domain/Policies/Departmentpolicy.ts
FN:17,(anonymous_0)
FN:45,(anonymous_1)
FN:55,(anonymous_2)
FN:69,(anonymous_3)
FN:79,(anonymous_4)
FNF:5
FNH:5
FNDA:83,(anonymous_0)
FNDA:108,(anonymous_1)
FNDA:157,(anonymous_2)
FNDA:52,(anonymous_3)
FNDA:2,(anonymous_4)
DA:1,10
DA:18,83
DA:19,6
DA:22,77
DA:23,52
DA:26,25
DA:27,23
DA:32,2
DA:33,2
DA:36,0
DA:46,108
DA:56,157
DA:70,52
DA:80,2
DA:84,10
LF:15
LH:14
BRDA:18,0,0,6
BRDA:18,1,0,83
BRDA:18,1,1,26
BRDA:18,1,2,80
BRDA:18,1,3,55
BRDA:22,2,0,52
BRDA:22,3,0,77
BRDA:22,3,1,52
BRDA:26,4,0,23
BRDA:26,5,0,25
BRDA:26,5,1,23
BRDA:32,6,0,2
BRDA:46,7,0,108
BRDA:46,7,1,89
BRDA:46,7,2,76
BRDA:57,8,0,157
BRDA:57,8,1,122
BRDA:57,8,2,81
BRF:18
BRH:18
end_of_record
TN:
SF:src/Domain/Policies/ReservationPolicy.ts
FN:18,(anonymous_0)
FN:39,(anonymous_1)
FN:128,(anonymous_2)
FNF:3
FNH:3
FNDA:32,(anonymous_0)
FNDA:32,(anonymous_1)
FNDA:1,(anonymous_2)
DA:4,5
DA:19,32
DA:20,32
DA:21,32
DA:22,32
DA:23,32
DA:26,32
DA:48,32
DA:49,0
DA:52,32
DA:53,32
DA:54,0
DA:59,32
DA:60,32
DA:61,0
DA:67,32
DA:70,7
DA:76,25
DA:77,25
DA:78,20
DA:79,20
DA:80,20
DA:82,20
DA:84,20
DA:86,5
DA:87,5
DA:88,1
DA:93,4
DA:96,3
DA:97,3
DA:98,3
DA:99,1
DA:104,2
DA:107,4
DA:108,4
DA:109,4
DA:110,0
DA:115,4
DA:120,23
DA:129,1
DA:133,5
LF:41
LH:37
BRDA:22,0,0,32
BRDA:48,1,0,0
BRDA:53,2,0,0
BRDA:60,3,0,0
BRDA:67,4,0,7
BRDA:77,5,0,20
BRDA:77,6,0,25
BRDA:77,6,1,20
BRDA:84,7,0,5
BRDA:84,7,1,3
BRDA:84,7,2,4
BRDA:86,8,0,5
BRDA:86,8,1,4
BRDA:87,9,0,1
BRDA:97,10,0,3
BRDA:97,10,1,3
BRDA:98,11,0,1
BRDA:108,12,0,4
BRDA:108,12,1,3
BRDA:108,12,2,0
BRDA:109,13,0,0
BRF:21
BRH:16
end_of_record
TN:
SF:src/Domain/Policies/SpaceAssignationPolicy.ts
FN:16,(anonymous_1)
FNF:1
FNH:1
FNDA:68,(anonymous_1)
DA:1,8
DA:3,8
DA:17,68
DA:20,68
DA:25,4
DA:29,64
DA:35,2
DA:39,62
DA:48,2
DA:51,60
DA:56,8
LF:11
LH:11
BRDA:20,0,0,4
BRDA:21,1,0,68
BRDA:21,1,1,55
BRDA:21,1,2,22
BRDA:29,2,0,2
BRDA:30,3,0,64
BRDA:30,3,1,51
BRDA:30,3,2,24
BRDA:30,3,3,17
BRDA:33,4,0,17
BRDA:33,4,1,15
BRDA:39,5,0,2
BRDA:40,6,0,62
BRDA:40,6,1,22
BRDA:42,7,0,22
BRDA:42,7,1,7
BRDA:42,7,2,2
BRDA:42,7,3,16
BRDA:42,7,4,15
BRF:19
BRH:19
end_of_record
TN:
SF:src/Domain/ValueObjects/ReservabilityCategory.ts
FN:14,(anonymous_0)
FN:25,(anonymous_1)
FNF:2
FNH:2
FNDA:162,(anonymous_0)
FNDA:359,(anonymous_1)
DA:1,7
DA:15,162
DA:16,0
DA:18,162
DA:26,359
DA:31,7
LF:6
LH:5
BRDA:15,0,0,0
BRF:1
BRH:0
end_of_record
TN:
SF:src/Domain/ValueObjects/Role.ts
FN:14,(anonymous_0)
FN:25,(anonymous_1)
FNF:2
FNH:2
FNDA:142,(anonymous_0)
FNDA:222,(anonymous_1)
DA:1,9
DA:15,142
DA:16,1
DA:18,141
DA:26,222
DA:31,9
LF:6
LH:6
BRDA:15,0,0,1
BRF:1
BRH:1
end_of_record
TN:
SF:src/Infrastructure/Messaging/Handlers/AuthHandler.ts
FN:18,(anonymous_8)
FNF:1
FNH:1
FNDA:2,(anonymous_8)
DA:1,2
DA:2,2
DA:3,2
DA:8,2
DA:10,2
DA:11,2
DA:19,2
DA:20,2
DA:22,2
DA:23,2
DA:24,2
DA:25,0
DA:27,2
DA:30,0
DA:32,2
LF:15
LH:13
BRDA:22,0,0,2
BRDA:22,1,0,2
BRDA:22,1,1,2
BRDA:24,2,0,0
BRDA:24,3,0,2
BRDA:24,3,1,0
BRF:6
BRH:4
end_of_record
TN:
SF:src/Infrastructure/Messaging/Handlers/Handler.ts
FN:13,(anonymous_0)
FNF:1
FNH:1
FNDA:5,(anonymous_0)
DA:7,3
DA:14,5
DA:15,5
DA:16,2
DA:17,3
DA:18,1
DA:19,2
DA:20,1
DA:21,1
DA:22,1
DA:24,0
DA:26,5
LF:12
LH:11
BRDA:15,0,0,2
BRDA:15,0,1,3
BRDA:17,1,0,1
BRDA:17,1,1,2
BRDA:19,2,0,1
BRDA:19,2,1,1
BRDA:21,3,0,1
BRDA:21,3,1,0
BRF:8
BRH:7
end_of_record
TN:
SF:src/Infrastructure/Persistence/PrismaClient.ts
FN:13,(anonymous_9)
FN:67,(anonymous_11)
FN:71,(anonymous_13)
FN:80,(anonymous_14)
FN:108,(anonymous_15)
FN:163,(anonymous_16)
FN:167,(anonymous_18)
FN:239,(anonymous_19)
FN:260,(anonymous_20)
FN:264,(anonymous_22)
FN:314,(anonymous_23)
FN:329,(anonymous_24)
FN:333,(anonymous_26)
FN:352,(anonymous_27)
FN:360,(anonymous_28)
FN:365,(anonymous_29)
FN:372,(anonymous_30)
FN:399,(anonymous_31)
FN:404,(anonymous_32)
FN:409,(anonymous_33)
FN:441,(anonymous_34)
FN:453,(anonymous_35)
FN:484,(anonymous_37)
FNF:23
FNH:10
FNDA:92,(anonymous_9)
FNDA:2,(anonymous_11)
FNDA:2,(anonymous_13)
FNDA:2,(anonymous_14)
FNDA:2,(anonymous_15)
FNDA:8,(anonymous_16)
FNDA:7,(anonymous_18)
FNDA:13,(anonymous_19)
FNDA:8,(anonymous_20)
FNDA:0,(anonymous_22)
FNDA:13,(anonymous_23)
FNDA:0,(anonymous_24)
FNDA:0,(anonymous_26)
FNDA:0,(anonymous_27)
FNDA:0,(anonymous_28)
FNDA:0,(anonymous_29)
FNDA:0,(anonymous_30)
FNDA:0,(anonymous_31)
FNDA:0,(anonymous_32)
FNDA:0,(anonymous_33)
FNDA:0,(anonymous_34)
FNDA:0,(anonymous_35)
FNDA:0,(anonymous_37)
DA:2,4
DA:3,4
DA:4,4
DA:5,4
DA:6,4
DA:8,4
DA:28,92
DA:30,92
DA:46,92
DA:65,92
DA:69,2
DA:72,2
DA:79,2
DA:80,2
DA:83,2
DA:109,2
DA:138,2
DA:160,1
DA:164,8
DA:165,8
DA:168,7
DA:169,1
DA:170,6
DA:171,0
DA:173,6
DA:178,8
DA:221,8
DA:222,8
DA:223,13
DA:224,0
DA:225,0
DA:226,0
DA:228,0
DA:239,8
DA:240,13
DA:261,8
DA:262,8
DA:265,0
DA:266,0
DA:267,0
DA:268,0
DA:270,0
DA:276,8
DA:314,8
DA:315,13
DA:332,0
DA:333,0
DA:338,0
DA:353,0
DA:361,0
DA:366,0
DA:373,0
DA:400,0
DA:405,0
DA:410,0
DA:441,0
DA:455,0
DA:484,0
LF:58
LH:35
BRDA:69,0,0,2
BRDA:69,0,1,0
BRDA:69,1,0,2
BRDA:69,1,1,2
BRDA:113,2,0,2
BRDA:113,2,1,0
BRDA:113,3,0,2
BRDA:113,3,1,2
BRDA:151,4,0,1
BRDA:151,4,1,0
BRDA:151,5,0,1
BRDA:151,5,1,1
BRDA:151,6,0,1
BRDA:151,6,1,0
BRDA:151,7,0,1
BRDA:151,7,1,1
BRDA:151,8,0,0
BRDA:151,8,1,0
BRDA:151,9,0,0
BRDA:151,9,1,0
BRDA:151,9,2,0
BRDA:151,9,3,0
BRDA:151,9,4,0
BRDA:164,10,0,8
BRDA:164,10,1,0
BRDA:165,11,0,6
BRDA:165,11,1,2
BRDA:165,12,0,8
BRDA:165,12,1,8
BRDA:168,13,0,1
BRDA:168,13,1,6
BRDA:168,14,0,7
BRDA:168,14,1,7
BRDA:168,14,2,1
BRDA:168,14,3,1
BRDA:170,15,0,0
BRDA:170,16,0,6
BRDA:170,16,1,6
BRDA:170,16,2,0
BRDA:170,16,3,0
BRDA:217,17,0,2
BRDA:217,17,1,6
BRDA:217,18,0,8
BRDA:217,18,1,8
BRDA:218,19,0,0
BRDA:218,19,1,8
BRDA:218,20,0,8
BRDA:218,20,1,8
BRDA:219,21,0,8
BRDA:219,21,1,0
BRDA:219,22,0,8
BRDA:219,22,1,8
BRDA:223,23,0,0
BRDA:225,24,0,0
BRDA:253,25,0,13
BRDA:253,25,1,0
BRDA:253,26,0,13
BRDA:253,26,1,13
BRDA:253,27,0,13
BRDA:253,27,1,0
BRDA:253,28,0,13
BRDA:253,28,1,13
BRDA:253,29,0,9
BRDA:253,29,1,4
BRDA:253,30,0,13
BRDA:253,30,1,9
BRDA:261,31,0,8
BRDA:261,31,1,0
BRDA:262,32,0,0
BRDA:262,32,1,8
BRDA:262,33,0,8
BRDA:262,33,1,8
BRDA:265,34,0,0
BRDA:265,34,1,0
BRDA:265,35,0,0
BRDA:265,35,1,0
BRDA:265,35,2,0
BRDA:265,35,3,0
BRDA:267,36,0,0
BRDA:267,37,0,0
BRDA:267,37,1,0
BRDA:267,37,2,0
BRDA:267,37,3,0
BRDA:296,38,0,3
BRDA:296,38,1,5
BRDA:296,39,0,8
BRDA:296,39,1,8
BRDA:297,40,0,2
BRDA:297,40,1,6
BRDA:297,41,0,8
BRDA:297,41,1,8
BRDA:298,42,0,3
BRDA:298,42,1,5
BRDA:298,43,0,8
BRDA:298,43,1,8
BRDA:298,43,2,8
BRDA:298,43,3,8
BRDA:298,43,4,8
BRDA:298,43,5,8
BRDA:298,43,6,8
BRDA:306,44,0,3
BRDA:306,44,1,5
BRDA:306,45,0,8
BRDA:306,45,1,8
BRDA:306,45,2,3
BRDA:310,46,0,8
BRDA:310,46,1,0
BRDA:310,47,0,8
BRDA:310,47,1,8
BRDA:358,48,0,0
BRDA:358,48,1,0
BRDA:358,49,0,0
BRDA:358,49,1,0
BRDA:358,49,2,0
BRDA:358,49,3,0
BRDA:361,50,0,0
BRDA:361,50,1,0
BRDA:362,51,0,0
BRDA:362,51,1,0
BRDA:363,52,0,0
BRDA:363,52,1,0
BRDA:364,53,0,0
BRDA:364,53,1,0
BRDA:364,54,0,0
BRDA:364,54,1,0
BRDA:364,54,2,0
BRDA:364,54,3,0
BRDA:364,54,4,0
BRDA:369,55,0,0
BRDA:369,55,1,0
BRDA:369,56,0,0
BRDA:369,56,1,0
BRDA:369,56,2,0
BRDA:369,56,3,0
BRDA:370,57,0,0
BRDA:370,57,1,0
BRDA:376,58,0,0
BRDA:376,58,1,0
BRDA:376,59,0,0
BRDA:376,59,1,0
BRDA:377,60,0,0
BRDA:377,60,1,0
BRDA:377,61,0,0
BRDA:377,61,1,0
BRDA:377,62,0,0
BRDA:377,62,1,0
BRDA:377,62,2,0
BRDA:378,63,0,0
BRDA:378,63,1,0
BRDA:378,64,0,0
BRDA:378,64,1,0
BRDA:378,65,0,0
BRDA:378,65,1,0
BRDA:378,66,0,0
BRDA:378,66,1,0
BRDA:378,66,2,0
BRDA:378,66,3,0
BRDA:380,67,0,0
BRDA:380,67,1,0
BRDA:380,68,0,0
BRDA:380,68,1,0
BRDA:380,68,2,0
BRDA:380,68,3,0
BRDA:397,69,0,0
BRDA:397,69,1,0
BRDA:397,70,0,0
BRDA:397,70,1,0
BRDA:397,70,2,0
BRDA:397,70,3,0
BRDA:400,71,0,0
BRDA:400,71,1,0
BRDA:401,72,0,0
BRDA:401,72,1,0
BRDA:402,73,0,0
BRDA:402,73,1,0
BRDA:403,74,0,0
BRDA:403,74,1,0
BRDA:403,75,0,0
BRDA:403,75,1,0
BRDA:403,75,2,0
BRDA:403,75,3,0
BRDA:403,75,4,0
BRDA:408,76,0,0
BRDA:408,76,1,0
BRDA:408,77,0,0
BRDA:408,77,1,0
BRDA:408,77,2,0
BRDA:408,77,3,0
BRDA:408,77,4,0
BRDA:413,78,0,0
BRDA:413,78,1,0
BRDA:413,79,0,0
BRDA:413,79,1,0
BRDA:414,80,0,0
BRDA:414,80,1,0
BRDA:414,81,0,0
BRDA:414,81,1,0
BRDA:414,82,0,0
BRDA:414,82,1,0
BRDA:414,82,2,0
BRDA:415,83,0,0
BRDA:415,83,1,0
BRDA:415,84,0,0
BRDA:415,84,1,0
BRDA:415,85,0,0
BRDA:415,85,1,0
BRDA:415,86,0,0
BRDA:415,86,1,0
BRDA:415,86,2,0
BRDA:415,86,3,0
BRDA:417,87,0,0
BRDA:417,87,1,0
BRDA:417,88,0,0
BRDA:417,88,1,0
BRDA:417,88,2,0
BRDA:417,88,3,0
BRF:216
BRH:74
end_of_record
TN:
SF:src/Infrastructure/Persistence/SQLRepositories/SQLNotificationRepository.ts
FN:15,(anonymous_8)
FN:45,(anonymous_10)
FN:51,(anonymous_12)
FN:59,(anonymous_13)
FNF:4
FNH:4
FNDA:2,(anonymous_8)
FNDA:2,(anonymous_10)
FNDA:2,(anonymous_12)
FNDA:1,(anonymous_13)
DA:2,1
DA:3,1
DA:16,2
DA:19,2
DA:23,2
DA:24,0
DA:27,2
DA:34,2
DA:37,2
DA:46,2
DA:51,2
DA:60,1
DA:65,1
DA:69,1
LF:14
LH:13
BRDA:23,0,0,0
BRF:1
BRH:0
end_of_record
TN:
SF:src/Infrastructure/Persistence/SQLRepositories/SQLPersonRepository.ts
FN:20,(anonymous_8)
FN:42,(anonymous_10)
FN:68,(anonymous_12)
FN:79,(anonymous_14)
FN:79,(anonymous_15)
FN:95,(anonymous_16)
FN:98,(anonymous_17)
FN:141,(anonymous_18)
FNF:8
FNH:6
FNDA:1,(anonymous_8)
FNDA:13,(anonymous_10)
FNDA:2,(anonymous_12)
FNDA:2,(anonymous_14)
FNDA:2,(anonymous_15)
FNDA:0,(anonymous_16)
FNDA:0,(anonymous_17)
FNDA:1,(anonymous_18)
DA:2,3
DA:3,3
DA:4,3
DA:7,3
DA:8,3
DA:9,3
DA:21,1
DA:22,1
DA:30,1
DA:34,1
DA:43,13
DA:49,13
DA:50,9
DA:57,9
DA:60,4
DA:69,2
DA:70,2
DA:79,2
DA:81,2
DA:87,2
DA:88,2
DA:90,2
DA:91,2
DA:92,0
DA:93,0
DA:94,0
DA:95,0
DA:98,0
DA:99,0
DA:115,0
DA:116,0
DA:117,0
DA:122,0
DA:130,2
DA:133,2
DA:143,1
DA:150,1
DA:154,3
LF:38
LH:28
BRDA:49,0,0,9
BRDA:104,1,0,0
BRDA:104,1,1,0
BRDA:105,2,0,0
BRDA:105,2,1,0
BRDA:106,3,0,0
BRDA:106,3,1,0
BRDA:112,4,0,0
BRDA:112,4,1,0
BRDA:112,5,0,0
BRDA:112,5,1,0
BRDA:112,6,0,0
BRDA:112,6,1,0
BRDA:112,7,0,0
BRDA:112,7,1,0
BRDA:112,8,0,0
BRDA:112,8,1,0
BRDA:116,9,0,0
BRDA:116,9,1,0
BRF:19
BRH:1
end_of_record
TN:
SF:src/Infrastructure/Persistence/SQLRepositories/SQLReservationRepository.ts
FN:25,(anonymous_8)
FN:27,(anonymous_10)
FN:27,(anonymous_11)
FN:44,(anonymous_12)
FN:73,(anonymous_13)
FN:77,(anonymous_14)
FN:84,(anonymous_15)
FN:108,(anonymous_16)
FN:160,(anonymous_17)
FN:172,(anonymous_19)
FN:193,(anonymous_20)
FN:214,(anonymous_22)
FN:223,(anonymous_23)
FN:224,(anonymous_25)
FN:224,(anonymous_26)
FN:243,(anonymous_27)
FN:258,(anonymous_28)
FNF:17
FNH:14
FNDA:1,(anonymous_8)
FNDA:1,(anonymous_10)
FNDA:1,(anonymous_11)
FNDA:1,(anonymous_12)
FNDA:0,(anonymous_13)
FNDA:0,(anonymous_14)
FNDA:0,(anonymous_15)
FNDA:1,(anonymous_16)
FNDA:7,(anonymous_17)
FNDA:13,(anonymous_19)
FNDA:1,(anonymous_20)
FNDA:1,(anonymous_22)
FNDA:1,(anonymous_23)
FNDA:1,(anonymous_25)
FNDA:1,(anonymous_26)
FNDA:1,(anonymous_27)
FNDA:1,(anonymous_28)
DA:2,1
DA:3,1
DA:4,1
DA:5,1
DA:6,1
DA:7,1
DA:26,1
DA:27,1
DA:29,1
DA:34,1
DA:35,0
DA:37,1
DA:44,1
DA:45,0
DA:49,1
DA:54,1
DA:55,0
DA:59,1
DA:66,1
DA:69,1
DA:71,1
DA:73,0
DA:76,1
DA:77,0
DA:84,0
DA:98,1
DA:108,1
DA:115,1
DA:117,1
DA:118,0
DA:121,1
DA:139,1
DA:140,0
DA:142,1
DA:145,1
DA:147,0
DA:161,7
DA:171,7
DA:172,13
DA:184,0
DA:194,1
DA:205,1
DA:214,1
DA:224,1
DA:225,1
DA:232,1
DA:241,1
DA:243,1
DA:249,1
DA:258,1
DA:264,1
LF:51
LH:41
BRDA:34,0,0,0
BRDA:44,1,0,0
BRDA:44,2,0,1
BRDA:44,2,1,1
BRDA:54,3,0,0
BRDA:69,4,0,1
BRDA:69,4,1,0
BRDA:117,5,0,0
BRDA:139,6,0,0
BRDA:139,7,0,1
BRDA:139,7,1,0
BRDA:163,8,0,7
BRDA:163,8,1,3
BRDA:164,9,0,7
BRDA:164,9,1,2
BRDA:166,10,0,7
BRDA:166,10,1,0
BRDA:167,11,0,7
BRDA:167,11,1,2
BRDA:168,12,0,7
BRDA:168,12,1,2
BRDA:171,13,0,7
BRF:22
BRH:14
end_of_record
TN:
SF:src/Infrastructure/Persistence/SQLRepositories/SQLSpaceRepository.ts
FN:23,(anonymous_8)
FN:43,(anonymous_10)
FN:49,(anonymous_12)
FN:49,(anonymous_13)
FN:70,(anonymous_14)
FN:73,(anonymous_15)
FNF:6
FNH:4
FNDA:7,(anonymous_8)
FNDA:2,(anonymous_10)
FNDA:2,(anonymous_12)
FNDA:2,(anonymous_13)
FNDA:0,(anonymous_14)
FNDA:0,(anonymous_15)
DA:1,1
DA:2,1
DA:4,1
DA:5,1
DA:6,1
DA:7,1
DA:8,1
DA:24,7
DA:34,7
DA:49,2
DA:50,2
DA:63,1
DA:64,1
DA:65,1
DA:66,1
DA:67,0
DA:68,0
DA:69,0
DA:70,0
DA:73,0
DA:74,0
DA:91,0
DA:92,0
DA:93,0
DA:98,0
DA:106,1
DA:109,1
DA:113,1
LF:28
LH:18
BRDA:26,0,0,7
BRDA:26,0,1,1
BRDA:27,1,0,7
BRDA:27,1,1,3
BRDA:28,2,0,7
BRDA:28,2,1,2
BRDA:29,3,0,7
BRDA:29,3,1,2
BRDA:30,4,0,7
BRDA:30,4,1,0
BRDA:53,5,0,2
BRDA:53,5,1,2
BRDA:54,6,0,2
BRDA:54,6,1,0
BRDA:55,7,0,2
BRDA:55,7,1,0
BRDA:56,8,0,2
BRDA:56,8,1,0
BRDA:57,9,0,2
BRDA:57,9,1,0
BRDA:58,10,0,2
BRDA:58,10,1,2
BRDA:58,10,2,0
BRDA:58,11,0,0
BRDA:58,11,1,0
BRDA:59,12,0,2
BRDA:59,12,1,2
BRDA:59,12,2,0
BRDA:59,13,0,0
BRDA:59,13,1,0
BRDA:60,14,0,2
BRDA:60,14,1,2
BRDA:60,14,2,0
BRDA:60,15,0,0
BRDA:60,15,1,0
BRDA:60,16,0,0
BRDA:60,16,1,0
BRDA:79,17,0,0
BRDA:79,17,1,0
BRDA:80,18,0,0
BRDA:80,18,1,0
BRDA:81,19,0,0
BRDA:81,19,1,0
BRDA:87,20,0,0
BRDA:87,20,1,0
BRDA:87,21,0,0
BRDA:87,21,1,0
BRDA:87,22,0,0
BRDA:87,22,1,0
BRDA:87,23,0,0
BRDA:87,23,1,0
BRDA:87,24,0,0
BRDA:87,24,1,0
BRDA:92,25,0,0
BRDA:92,25,1,0
BRF:55
BRH:21
end_of_record
