TN:
SF:src/Application/Services/NotificationService.ts
FN:9,(anonymous_8)
FN:12,(anonymous_9)
FN:17,(anonymous_11)
FN:26,(anonymous_13)
FNF:4
FNH:4
FNDA:1,(anonymous_8)
FNDA:2,(anonymous_9)
FNDA:1,(anonymous_11)
FNDA:1,(anonymous_13)
DA:2,1
DA:10,1
DA:13,2
DA:14,2
DA:18,1
DA:19,1
DA:20,0
DA:22,1
DA:27,1
DA:28,1
DA:29,0
DA:31,1
DA:35,1
LF:13
LH:11
BRDA:19,0,0,0
BRDA:28,1,0,0
BRF:2
BRH:0
end_of_record
TN:
SF:src/Application/Services/PersonService.ts
FN:10,(anonymous_8)
FN:14,(anonymous_9)
FN:26,(anonymous_11)
FN:35,(anonymous_13)
FN:62,(anonymous_15)
FN:70,(anonymous_17)
FNF:6
FNH:6
FNDA:3,(anonymous_8)
FNDA:2,(anonymous_9)
FNDA:2,(anonymous_11)
FNDA:5,(anonymous_13)
FNDA:2,(anonymous_15)
FNDA:2,(anonymous_17)
DA:1,3
DA:2,3
DA:5,3
DA:11,3
DA:15,2
DA:16,2
DA:17,1
DA:19,1
DA:20,1
DA:22,1
DA:28,2
DA:29,2
DA:30,1
DA:32,1
DA:37,5
DA:38,5
DA:39,1
DA:41,4
DA:44,4
DA:45,4
DA:46,4
DA:48,2
DA:50,3
DA:53,2
DA:55,2
DA:63,2
DA:64,2
DA:65,1
DA:67,1
DA:71,2
DA:73,2
DA:75,2
DA:76,0
DA:78,2
DA:80,2
DA:81,2
DA:88,3
LF:37
LH:36
BRDA:16,0,0,1
BRDA:29,1,0,1
BRDA:38,2,0,1
BRDA:46,3,0,2
BRDA:50,4,0,1
BRDA:50,4,1,2
BRDA:50,5,0,3
BRDA:50,5,1,3
BRDA:50,6,0,1
BRDA:50,6,1,2
BRDA:64,7,0,1
BRDA:75,8,0,0
BRDA:80,9,0,2
BRDA:80,9,1,0
BRF:14
BRH:12
end_of_record
TN:
SF:src/Application/Services/ReservationService.ts
FN:19,(anonymous_7)
FN:25,(anonymous_8)
FN:30,(anonymous_10)
FN:40,(anonymous_12)
FN:54,(anonymous_14)
FNF:5
FNH:5
FNDA:1,(anonymous_7)
FNDA:1,(anonymous_8)
FNDA:1,(anonymous_10)
FNDA:5,(anonymous_12)
FNDA:1,(anonymous_14)
DA:20,1
DA:21,1
DA:22,1
DA:27,1
DA:32,1
DA:33,1
DA:34,0
DA:37,1
DA:41,5
DA:42,5
DA:43,2
DA:44,3
DA:45,0
DA:47,5
DA:48,5
DA:49,0
DA:51,5
DA:55,1
DA:56,1
DA:57,0
DA:60,1
DA:68,1
LF:22
LH:18
BRDA:33,0,0,0
BRDA:42,1,0,2
BRDA:42,1,1,3
BRDA:42,2,0,5
BRDA:42,2,1,2
BRDA:44,3,0,0
BRDA:44,4,0,3
BRDA:44,4,1,3
BRDA:48,5,0,0
BRDA:56,6,0,0
BRF:10
BRH:6
end_of_record
TN:
SF:src/Domain/Constants.ts
FN:1,(anonymous_0)
FN:12,(anonymous_1)
FN:20,(anonymous_2)
FNF:3
FNH:3
FNDA:9,(anonymous_0)
FNDA:9,(anonymous_1)
FNDA:9,(anonymous_2)
DA:1,9
DA:2,9
DA:3,9
DA:4,9
DA:5,9
DA:6,9
DA:7,9
DA:8,9
DA:12,9
DA:13,9
DA:14,9
DA:15,9
DA:16,9
DA:17,9
DA:20,9
DA:21,9
DA:22,9
DA:32,9
DA:85,9
DA:88,9
DA:90,9
DA:92,9
DA:94,9
DA:95,9
DA:103,9
DA:104,9
DA:105,9
DA:106,9
DA:107,9
DA:108,9
DA:109,9
LF:31
LH:31
BRDA:1,0,0,9
BRDA:1,0,1,9
BRDA:12,1,0,9
BRDA:12,1,1,9
BRDA:20,2,0,9
BRDA:20,2,1,9
BRF:6
BRH:6
end_of_record
TN:
SF:src/Domain/Entities/Notification.ts
FN:8,(anonymous_0)
FN:15,(anonymous_1)
FNF:2
FNH:2
FNDA:10,(anonymous_0)
FNDA:5,(anonymous_1)
DA:9,10
DA:10,10
DA:11,10
DA:12,10
DA:16,5
DA:25,2
LF:6
LH:6
BRF:0
BRH:0
end_of_record
TN:
SF:src/Domain/Entities/Person.ts
FN:14,(anonymous_1)
FN:26,(anonymous_2)
FN:32,(anonymous_3)
FN:36,(anonymous_4)
FN:40,(anonymous_5)
FN:45,(anonymous_6)
FNF:6
FNH:6
FNDA:62,(anonymous_1)
FNDA:62,(anonymous_2)
FNDA:64,(anonymous_3)
FNDA:13,(anonymous_4)
FNDA:2,(anonymous_5)
FNDA:18,(anonymous_6)
DA:1,7
DA:2,7
DA:3,7
DA:16,62
DA:17,61
DA:18,0
DA:20,61
DA:21,61
DA:22,61
DA:23,61
DA:24,61
DA:27,62
DA:28,1
DA:33,64
DA:37,13
DA:41,2
DA:46,18
DA:56,7
LF:18
LH:17
BRDA:17,0,0,0
BRDA:27,1,0,1
BRDA:27,2,0,62
BRDA:27,2,1,43
BRDA:37,3,0,12
BRDA:37,3,1,1
BRDA:50,4,0,15
BRDA:50,4,1,3
BRF:8
BRH:7
end_of_record
TN:
SF:src/Domain/Entities/Reservation.ts
FN:14,(anonymous_0)
FN:27,(anonymous_1)
FN:33,(anonymous_2)
FN:38,(anonymous_3)
FN:42,(anonymous_4)
FN:46,(anonymous_5)
FN:56,(anonymous_6)
FNF:7
FNH:5
FNDA:23,(anonymous_0)
FNDA:23,(anonymous_1)
FNDA:3,(anonymous_2)
FNDA:0,(anonymous_3)
FNDA:0,(anonymous_4)
FNDA:19,(anonymous_5)
FNDA:19,(anonymous_6)
DA:15,23
DA:16,23
DA:17,23
DA:18,23
DA:19,23
DA:20,23
DA:21,23
DA:22,23
DA:23,23
DA:24,23
DA:28,23
DA:29,0
DA:34,3
DA:35,3
DA:39,0
DA:43,0
DA:47,19
DA:56,19
DA:61,2
LF:19
LH:16
BRDA:28,0,0,0
BRDA:28,1,0,23
BRDA:28,1,1,5
BRDA:28,1,2,4
BRF:4
BRH:3
end_of_record
TN:
SF:src/Domain/Entities/Space.ts
FN:22,(anonymous_1)
FN:44,(anonymous_2)
FN:48,(anonymous_3)
FN:56,(anonymous_4)
FN:60,(anonymous_5)
FN:66,(anonymous_6)
FN:75,(anonymous_7)
FNF:7
FNH:7
FNDA:50,(anonymous_1)
FNDA:103,(anonymous_2)
FNDA:12,(anonymous_3)
FNDA:33,(anonymous_4)
FNDA:32,(anonymous_5)
FNDA:1,(anonymous_6)
FNDA:57,(anonymous_7)
DA:1,6
DA:4,6
DA:24,50
DA:25,50
DA:26,50
DA:27,50
DA:28,50
DA:29,50
DA:30,50
DA:31,50
DA:32,50
DA:33,50
DA:34,50
DA:35,50
DA:36,50
DA:37,50
DA:38,50
DA:39,0
DA:45,103
DA:49,12
DA:50,11
DA:52,1
DA:57,33
DA:62,32
DA:67,1
DA:79,57
DA:98,6
LF:27
LH:26
BRDA:37,0,0,14
BRDA:37,0,1,36
BRDA:37,1,0,50
BRDA:37,1,1,50
BRDA:38,2,0,0
BRDA:49,3,0,11
BRDA:49,3,1,1
BRDA:63,4,0,32
BRDA:63,4,1,32
BRDA:63,4,2,32
BRDA:63,4,3,32
BRDA:63,4,4,32
BRDA:63,4,5,32
BRDA:63,4,6,32
BRDA:63,4,7,32
BRDA:65,5,0,32
BRDA:65,5,1,32
BRDA:67,6,0,1
BRDA:67,6,1,0
BRDA:67,6,2,0
BRDA:92,7,0,57
BRDA:92,7,1,0
BRF:22
BRH:18
end_of_record
TN:
SF:src/Domain/Factories/ReservationFactory.ts
FN:13,(anonymous_1)
FNF:1
FNH:1
FNDA:1,(anonymous_1)
DA:3,1
DA:6,1
DA:10,1
DA:14,1
DA:15,1
DA:16,0
DA:19,1
DA:20,0
DA:23,1
LF:9
LH:7
BRDA:15,0,0,0
BRDA:16,1,0,0
BRDA:16,1,1,0
BRDA:16,2,0,0
BRDA:16,2,1,0
BRDA:19,3,0,0
BRF:6
BRH:0
end_of_record
TN:
SF:src/Domain/Policies/Departmentpolicy.ts
FN:9,(anonymous_0)
FN:31,(anonymous_1)
FN:35,(anonymous_2)
FN:43,(anonymous_3)
FN:48,(anonymous_4)
FNF:5
FNH:4
FNDA:74,(anonymous_0)
FNDA:96,(anonymous_1)
FNDA:139,(anonymous_2)
FNDA:46,(anonymous_3)
FNDA:0,(anonymous_4)
DA:2,8
DA:10,74
DA:12,6
DA:15,68
DA:16,46
DA:19,22
DA:20,22
DA:24,0
DA:25,0
DA:28,0
DA:32,96
DA:36,139
DA:44,46
DA:49,0
DA:53,8
LF:15
LH:11
BRDA:10,0,0,6
BRDA:10,1,0,74
BRDA:10,1,1,25
BRDA:10,1,2,71
BRDA:10,1,3,49
BRDA:15,2,0,46
BRDA:15,3,0,68
BRDA:15,3,1,46
BRDA:19,4,0,22
BRDA:19,5,0,22
BRDA:19,5,1,22
BRDA:24,6,0,0
BRDA:32,7,0,96
BRDA:32,7,1,79
BRDA:32,7,2,66
BRDA:37,8,0,139
BRDA:37,8,1,110
BRDA:37,8,2,75
BRF:18
BRH:17
end_of_record
TN:
SF:src/Domain/Policies/ReservationPolicy.ts
FN:10,(anonymous_0)
FN:22,(anonymous_1)
FN:69,(anonymous_2)
FNF:3
FNH:3
FNDA:32,(anonymous_0)
FNDA:32,(anonymous_1)
FNDA:1,(anonymous_2)
DA:6,2
DA:11,32
DA:12,32
DA:13,32
DA:14,32
DA:15,32
DA:18,32
DA:24,32
DA:25,0
DA:31,32
DA:32,32
DA:33,0
DA:35,32
DA:36,32
DA:37,0
DA:40,32
DA:41,7
DA:44,25
DA:45,25
DA:47,20
DA:49,5
DA:50,1
DA:52,4
DA:54,3
DA:55,1
DA:57,2
DA:59,4
DA:60,0
DA:62,4
DA:66,23
DA:70,1
DA:71,0
DA:73,1
DA:79,2
LF:34
LH:29
BRDA:14,0,0,32
BRDA:24,1,0,0
BRDA:32,2,0,0
BRDA:36,3,0,0
BRDA:40,4,0,7
BRDA:45,5,0,20
BRDA:45,6,0,25
BRDA:45,6,1,20
BRDA:47,7,0,5
BRDA:47,7,1,3
BRDA:47,7,2,4
BRDA:49,8,0,1
BRDA:49,9,0,5
BRDA:49,9,1,4
BRDA:49,9,2,2
BRDA:49,9,3,4
BRDA:54,10,0,1
BRDA:54,11,0,3
BRDA:54,11,1,1
BRDA:54,11,2,3
BRDA:59,12,0,0
BRDA:59,13,0,4
BRDA:59,13,1,3
BRDA:59,13,2,2
BRDA:59,13,3,3
BRDA:59,13,4,0
BRDA:70,14,0,0
BRF:27
BRH:21
end_of_record
TN:
SF:src/Domain/Policies/SpaceAssignationPolicy.ts
FN:10,(anonymous_1)
FNF:1
FNH:1
FNDA:50,(anonymous_1)
DA:1,6
DA:4,6
DA:12,50
DA:13,50
DA:14,0
DA:16,50
DA:17,0
DA:19,50
DA:20,0
DA:23,50
DA:28,6
LF:11
LH:8
BRDA:13,0,0,0
BRDA:13,1,0,50
BRDA:13,1,1,40
BRDA:13,1,2,16
BRDA:16,2,0,0
BRDA:16,3,0,50
BRDA:16,3,1,40
BRDA:16,3,2,18
BRDA:16,3,3,13
BRDA:16,4,0,13
BRDA:16,4,1,13
BRDA:19,5,0,0
BRDA:19,6,0,50
BRDA:19,6,1,16
BRDA:19,6,2,12
BRDA:19,7,0,16
BRDA:19,7,1,4
BRDA:19,7,2,0
BRDA:19,8,0,12
BRDA:19,8,1,12
BRF:20
BRH:16
end_of_record
TN:
SF:src/Domain/ValueObjects/ReservabilityCategory.ts
FN:6,(anonymous_0)
FN:13,(anonymous_1)
FNF:2
FNH:2
FNDA:160,(anonymous_0)
FNDA:357,(anonymous_1)
DA:1,6
DA:7,160
DA:8,0
DA:10,160
DA:14,357
DA:19,6
LF:6
LH:5
BRDA:7,0,0,0
BRF:1
BRH:0
end_of_record
TN:
SF:src/Domain/ValueObjects/Role.ts
FN:5,(anonymous_0)
FN:12,(anonymous_1)
FNF:2
FNH:2
FNDA:130,(anonymous_0)
FNDA:205,(anonymous_1)
DA:1,7
DA:6,130
DA:7,1
DA:9,129
DA:13,205
DA:18,7
LF:6
LH:6
BRDA:6,0,0,1
BRF:1
BRH:1
end_of_record
TN:
SF:src/Infrastructure/Messaging/Handlers/AuthHandler.ts
FN:13,(anonymous_8)
FNF:1
FNH:1
FNDA:2,(anonymous_8)
DA:1,2
DA:2,2
DA:5,2
DA:7,2
DA:9,2
DA:10,2
DA:15,2
DA:16,2
DA:17,2
DA:18,2
DA:19,2
DA:20,0
DA:22,2
DA:28,0
DA:30,2
LF:15
LH:13
BRDA:17,0,0,2
BRDA:17,1,0,2
BRDA:17,1,1,2
BRDA:19,2,0,0
BRDA:19,3,0,2
BRDA:19,3,1,0
BRF:6
BRH:4
end_of_record
TN:
SF:src/Infrastructure/Messaging/Handlers/Handler.ts
FN:5,(anonymous_0)
FNF:1
FNH:0
FNDA:0,(anonymous_0)
DA:3,2
DA:6,0
DA:7,0
DA:8,0
DA:9,0
DA:10,0
DA:11,0
DA:12,0
DA:13,0
DA:14,0
DA:16,0
DA:18,0
LF:12
LH:1
BRDA:7,0,0,0
BRDA:7,0,1,0
BRDA:9,1,0,0
BRDA:9,1,1,0
BRDA:11,2,0,0
BRDA:11,2,1,0
BRDA:13,3,0,0
BRDA:13,3,1,0
BRF:8
BRH:0
end_of_record
TN:
SF:src/Infrastructure/Persistence/PrismaClient.ts
FN:13,(anonymous_9)
FN:69,(anonymous_11)
FN:74,(anonymous_13)
FN:84,(anonymous_14)
FN:113,(anonymous_15)
FN:171,(anonymous_16)
FN:175,(anonymous_18)
FN:249,(anonymous_19)
FN:270,(anonymous_20)
FN:274,(anonymous_22)
FN:324,(anonymous_23)
FN:339,(anonymous_24)
FN:344,(anonymous_26)
FN:363,(anonymous_27)
FN:371,(anonymous_28)
FN:376,(anonymous_29)
FN:383,(anonymous_30)
FN:410,(anonymous_31)
FN:415,(anonymous_32)
FN:420,(anonymous_33)
FN:452,(anonymous_34)
FN:464,(anonymous_35)
FN:495,(anonymous_37)
FNF:23
FNH:10
FNDA:92,(anonymous_9)
FNDA:2,(anonymous_11)
FNDA:2,(anonymous_13)
FNDA:2,(anonymous_14)
FNDA:2,(anonymous_15)
FNDA:8,(anonymous_16)
FNDA:7,(anonymous_18)
FNDA:13,(anonymous_19)
FNDA:8,(anonymous_20)
FNDA:0,(anonymous_22)
FNDA:15,(anonymous_23)
FNDA:0,(anonymous_24)
FNDA:0,(anonymous_26)
FNDA:0,(anonymous_27)
FNDA:0,(anonymous_28)
FNDA:0,(anonymous_29)
FNDA:0,(anonymous_30)
FNDA:0,(anonymous_31)
FNDA:0,(anonymous_32)
FNDA:0,(anonymous_33)
FNDA:0,(anonymous_34)
FNDA:0,(anonymous_35)
FNDA:0,(anonymous_37)
DA:2,4
DA:3,4
DA:4,4
DA:5,4
DA:6,4
DA:8,4
DA:29,92
DA:31,92
DA:48,92
DA:67,92
DA:72,2
DA:75,2
DA:83,2
DA:84,2
DA:88,2
DA:114,2
DA:146,2
DA:168,1
DA:172,8
DA:173,8
DA:176,7
DA:177,1
DA:178,6
DA:179,0
DA:181,6
DA:186,8
DA:229,8
DA:231,8
DA:232,13
DA:233,0
DA:234,0
DA:235,0
DA:237,0
DA:249,8
DA:250,13
DA:271,8
DA:272,8
DA:275,0
DA:276,0
DA:277,0
DA:278,0
DA:280,0
DA:286,8
DA:324,8
DA:325,15
DA:343,0
DA:344,0
DA:349,0
DA:364,0
DA:372,0
DA:377,0
DA:384,0
DA:411,0
DA:416,0
DA:421,0
DA:452,0
DA:466,0
DA:495,0
LF:58
LH:35
BRDA:72,0,0,2
BRDA:72,0,1,0
BRDA:72,1,0,2
BRDA:72,1,1,2
BRDA:118,2,0,2
BRDA:118,2,1,0
BRDA:118,3,0,2
BRDA:118,3,1,2
BRDA:159,4,0,1
BRDA:159,4,1,0
BRDA:159,5,0,1
BRDA:159,5,1,1
BRDA:159,6,0,1
BRDA:159,6,1,0
BRDA:159,7,0,1
BRDA:159,7,1,1
BRDA:159,8,0,0
BRDA:159,8,1,0
BRDA:159,9,0,0
BRDA:159,9,1,0
BRDA:159,9,2,0
BRDA:159,9,3,0
BRDA:159,9,4,0
BRDA:172,10,0,8
BRDA:172,10,1,0
BRDA:173,11,0,6
BRDA:173,11,1,2
BRDA:173,12,0,8
BRDA:173,12,1,8
BRDA:176,13,0,1
BRDA:176,13,1,6
BRDA:176,14,0,7
BRDA:176,14,1,7
BRDA:176,14,2,1
BRDA:176,14,3,1
BRDA:178,15,0,0
BRDA:178,16,0,6
BRDA:178,16,1,6
BRDA:178,16,2,0
BRDA:178,16,3,0
BRDA:225,17,0,2
BRDA:225,17,1,6
BRDA:225,18,0,8
BRDA:225,18,1,8
BRDA:226,19,0,0
BRDA:226,19,1,8
BRDA:226,20,0,8
BRDA:226,20,1,8
BRDA:227,21,0,8
BRDA:227,21,1,0
BRDA:227,22,0,8
BRDA:227,22,1,8
BRDA:232,23,0,0
BRDA:234,24,0,0
BRDA:263,25,0,13
BRDA:263,25,1,0
BRDA:263,26,0,13
BRDA:263,26,1,13
BRDA:263,27,0,13
BRDA:263,27,1,0
BRDA:263,28,0,13
BRDA:263,28,1,13
BRDA:263,29,0,9
BRDA:263,29,1,4
BRDA:263,30,0,13
BRDA:263,30,1,9
BRDA:271,31,0,8
BRDA:271,31,1,0
BRDA:272,32,0,0
BRDA:272,32,1,8
BRDA:272,33,0,8
BRDA:272,33,1,8
BRDA:275,34,0,0
BRDA:275,34,1,0
BRDA:275,35,0,0
BRDA:275,35,1,0
BRDA:275,35,2,0
BRDA:275,35,3,0
BRDA:277,36,0,0
BRDA:277,37,0,0
BRDA:277,37,1,0
BRDA:277,37,2,0
BRDA:277,37,3,0
BRDA:306,38,0,3
BRDA:306,38,1,5
BRDA:306,39,0,8
BRDA:306,39,1,8
BRDA:307,40,0,2
BRDA:307,40,1,6
BRDA:307,41,0,8
BRDA:307,41,1,8
BRDA:308,42,0,3
BRDA:308,42,1,5
BRDA:308,43,0,8
BRDA:308,43,1,8
BRDA:308,43,2,8
BRDA:308,43,3,8
BRDA:308,43,4,8
BRDA:308,43,5,8
BRDA:308,43,6,8
BRDA:316,44,0,3
BRDA:316,44,1,5
BRDA:316,45,0,8
BRDA:316,45,1,8
BRDA:316,45,2,3
BRDA:320,46,0,8
BRDA:320,46,1,0
BRDA:320,47,0,8
BRDA:320,47,1,8
BRDA:369,48,0,0
BRDA:369,48,1,0
BRDA:369,49,0,0
BRDA:369,49,1,0
BRDA:369,49,2,0
BRDA:369,49,3,0
BRDA:372,50,0,0
BRDA:372,50,1,0
BRDA:373,51,0,0
BRDA:373,51,1,0
BRDA:374,52,0,0
BRDA:374,52,1,0
BRDA:375,53,0,0
BRDA:375,53,1,0
BRDA:375,54,0,0
BRDA:375,54,1,0
BRDA:375,54,2,0
BRDA:375,54,3,0
BRDA:375,54,4,0
BRDA:380,55,0,0
BRDA:380,55,1,0
BRDA:380,56,0,0
BRDA:380,56,1,0
BRDA:380,56,2,0
BRDA:380,56,3,0
BRDA:381,57,0,0
BRDA:381,57,1,0
BRDA:387,58,0,0
BRDA:387,58,1,0
BRDA:387,59,0,0
BRDA:387,59,1,0
BRDA:388,60,0,0
BRDA:388,60,1,0
BRDA:388,61,0,0
BRDA:388,61,1,0
BRDA:388,62,0,0
BRDA:388,62,1,0
BRDA:388,62,2,0
BRDA:389,63,0,0
BRDA:389,63,1,0
BRDA:389,64,0,0
BRDA:389,64,1,0
BRDA:389,65,0,0
BRDA:389,65,1,0
BRDA:389,66,0,0
BRDA:389,66,1,0
BRDA:389,66,2,0
BRDA:389,66,3,0
BRDA:391,67,0,0
BRDA:391,67,1,0
BRDA:391,68,0,0
BRDA:391,68,1,0
BRDA:391,68,2,0
BRDA:391,68,3,0
BRDA:408,69,0,0
BRDA:408,69,1,0
BRDA:408,70,0,0
BRDA:408,70,1,0
BRDA:408,70,2,0
BRDA:408,70,3,0
BRDA:411,71,0,0
BRDA:411,71,1,0
BRDA:412,72,0,0
BRDA:412,72,1,0
BRDA:413,73,0,0
BRDA:413,73,1,0
BRDA:414,74,0,0
BRDA:414,74,1,0
BRDA:414,75,0,0
BRDA:414,75,1,0
BRDA:414,75,2,0
BRDA:414,75,3,0
BRDA:414,75,4,0
BRDA:419,76,0,0
BRDA:419,76,1,0
BRDA:419,77,0,0
BRDA:419,77,1,0
BRDA:419,77,2,0
BRDA:419,77,3,0
BRDA:419,77,4,0
BRDA:424,78,0,0
BRDA:424,78,1,0
BRDA:424,79,0,0
BRDA:424,79,1,0
BRDA:425,80,0,0
BRDA:425,80,1,0
BRDA:425,81,0,0
BRDA:425,81,1,0
BRDA:425,82,0,0
BRDA:425,82,1,0
BRDA:425,82,2,0
BRDA:426,83,0,0
BRDA:426,83,1,0
BRDA:426,84,0,0
BRDA:426,84,1,0
BRDA:426,85,0,0
BRDA:426,85,1,0
BRDA:426,86,0,0
BRDA:426,86,1,0
BRDA:426,86,2,0
BRDA:426,86,3,0
BRDA:428,87,0,0
BRDA:428,87,1,0
BRDA:428,88,0,0
BRDA:428,88,1,0
BRDA:428,88,2,0
BRDA:428,88,3,0
BRF:216
BRH:74
end_of_record
TN:
SF:src/Infrastructure/Persistence/SQLRepositories/SQLNotificationRepository.ts
FN:7,(anonymous_8)
FN:31,(anonymous_10)
FN:38,(anonymous_12)
FN:40,(anonymous_13)
FNF:4
FNH:4
FNDA:2,(anonymous_8)
FNDA:1,(anonymous_10)
FNDA:2,(anonymous_12)
FNDA:1,(anonymous_13)
DA:2,1
DA:3,1
DA:8,2
DA:11,2
DA:15,2
DA:16,0
DA:19,2
DA:26,2
DA:29,2
DA:33,1
DA:38,2
DA:42,1
DA:47,1
DA:50,1
LF:14
LH:13
BRDA:15,0,0,0
BRF:1
BRH:0
end_of_record
TN:
SF:src/Infrastructure/Persistence/SQLRepositories/SQLPersonRepository.ts
FN:12,(anonymous_8)
FN:28,(anonymous_10)
FN:50,(anonymous_12)
FN:72,(anonymous_14)
FNF:4
FNH:4
FNDA:1,(anonymous_8)
FNDA:13,(anonymous_10)
FNDA:2,(anonymous_12)
FNDA:1,(anonymous_14)
DA:2,3
DA:3,3
DA:4,3
DA:13,1
DA:14,1
DA:22,1
DA:26,1
DA:30,13
DA:36,13
DA:37,9
DA:44,9
DA:47,4
DA:51,2
DA:52,2
DA:61,2
DA:68,2
DA:75,1
DA:82,1
DA:86,3
LF:19
LH:19
BRDA:36,0,0,9
BRF:1
BRH:1
end_of_record
TN:
SF:src/Infrastructure/Persistence/SQLRepositories/SQLReservationRepository.ts
FN:14,(anonymous_8)
FN:16,(anonymous_10)
FN:16,(anonymous_11)
FN:34,(anonymous_12)
FN:65,(anonymous_13)
FN:69,(anonymous_14)
FN:76,(anonymous_15)
FN:100,(anonymous_16)
FN:129,(anonymous_17)
FN:141,(anonymous_19)
FN:156,(anonymous_20)
FN:178,(anonymous_22)
FN:184,(anonymous_23)
FN:185,(anonymous_25)
FN:185,(anonymous_26)
FN:207,(anonymous_27)
FN:222,(anonymous_28)
FNF:17
FNH:14
FNDA:1,(anonymous_8)
FNDA:1,(anonymous_10)
FNDA:1,(anonymous_11)
FNDA:1,(anonymous_12)
FNDA:0,(anonymous_13)
FNDA:0,(anonymous_14)
FNDA:0,(anonymous_15)
FNDA:1,(anonymous_16)
FNDA:7,(anonymous_17)
FNDA:15,(anonymous_19)
FNDA:1,(anonymous_20)
FNDA:1,(anonymous_22)
FNDA:1,(anonymous_23)
FNDA:1,(anonymous_25)
FNDA:1,(anonymous_26)
FNDA:1,(anonymous_27)
FNDA:1,(anonymous_28)
DA:2,1
DA:3,1
DA:4,1
DA:5,1
DA:6,1
DA:7,1
DA:16,1
DA:19,1
DA:24,1
DA:25,0
DA:27,1
DA:34,1
DA:35,0
DA:40,1
DA:45,1
DA:46,0
DA:51,1
DA:58,1
DA:61,1
DA:63,1
DA:65,0
DA:68,1
DA:69,0
DA:76,0
DA:90,1
DA:100,1
DA:107,1
DA:109,1
DA:110,0
DA:114,1
DA:116,1
DA:117,0
DA:119,1
DA:125,1
DA:130,7
DA:140,7
DA:141,15
DA:153,0
DA:158,1
DA:169,1
DA:178,1
DA:185,1
DA:187,1
DA:196,1
DA:205,1
DA:207,1
DA:213,1
DA:222,1
DA:228,1
LF:49
LH:40
BRDA:24,0,0,0
BRDA:34,1,0,0
BRDA:34,2,0,1
BRDA:34,2,1,1
BRDA:45,3,0,0
BRDA:61,4,0,1
BRDA:61,4,1,0
BRDA:109,5,0,0
BRDA:116,6,0,0
BRDA:116,7,0,1
BRDA:116,7,1,0
BRDA:132,8,0,7
BRDA:132,8,1,3
BRDA:133,9,0,7
BRDA:133,9,1,2
BRDA:135,10,0,7
BRDA:135,10,1,0
BRDA:136,11,0,7
BRDA:136,11,1,2
BRDA:137,12,0,7
BRDA:137,12,1,2
BRDA:140,13,0,7
BRF:22
BRH:14
end_of_record
TN:
SF:src/Infrastructure/Persistence/SQLRepositories/SQLSpaceRepository.ts
FN:13,(anonymous_8)
FN:28,(anonymous_10)
FNF:2
FNH:2
FNDA:7,(anonymous_8)
FNDA:2,(anonymous_10)
DA:1,2
DA:2,2
DA:6,2
DA:14,7
DA:24,7
DA:30,2
DA:44,1
DA:50,2
LF:8
LH:8
BRDA:16,0,0,7
BRDA:16,0,1,1
BRDA:17,1,0,7
BRDA:17,1,1,3
BRDA:18,2,0,7
BRDA:18,2,1,2
BRDA:19,3,0,7
BRDA:19,3,1,2
BRDA:20,4,0,7
BRDA:20,4,1,0
BRDA:33,5,0,2
BRDA:33,5,1,2
BRDA:34,6,0,2
BRDA:34,6,1,0
BRDA:35,7,0,2
BRDA:35,7,1,0
BRDA:36,8,0,2
BRDA:36,8,1,0
BRDA:37,9,0,2
BRDA:37,9,1,0
BRDA:38,10,0,2
BRDA:38,10,1,2
BRDA:38,10,2,0
BRDA:38,11,0,0
BRDA:38,11,1,0
BRDA:39,12,0,2
BRDA:39,12,1,2
BRDA:39,12,2,0
BRDA:39,13,0,0
BRDA:39,13,1,0
BRDA:40,14,0,2
BRDA:40,14,1,2
BRDA:40,14,2,0
BRDA:40,15,0,0
BRDA:40,15,1,0
BRDA:40,16,0,0
BRDA:40,16,1,0
BRF:37
BRH:21
end_of_record
